<?xml version="1.0" encoding="UTF-8"?>
<coverage generated="1593720705170" clover="3.2.0">
  <project timestamp="1593720705170" name="All files">
    <metrics statements="627" coveredstatements="549" conditionals="230" coveredconditionals="187" methods="150" coveredmethods="124" elements="1007" coveredelements="860" complexity="0" loc="627" ncloc="627" packages="9" files="51" classes="51"/>
    <package name="__tests__.setup">
      <metrics statements="2" coveredstatements="2" conditionals="0" coveredconditionals="0" methods="0" coveredmethods="0"/>
      <file name="generalData.js" path="/Users/nzabalza/Immersive/Sprints/FEC/reviews/__tests__/setup/generalData.js">
        <metrics statements="1" coveredstatements="1" conditionals="0" coveredconditionals="0" methods="0" coveredmethods="0"/>
        <line num="1" count="6" type="stmt"/>
      </file>
      <file name="storeStartingState.js" path="/Users/nzabalza/Immersive/Sprints/FEC/reviews/__tests__/setup/storeStartingState.js">
        <metrics statements="1" coveredstatements="1" conditionals="0" coveredconditionals="0" methods="0" coveredmethods="0"/>
        <line num="1" count="6" type="stmt"/>
      </file>
    </package>
    <package name="client.src">
      <metrics statements="28" coveredstatements="27" conditionals="0" coveredconditionals="0" methods="9" coveredmethods="8"/>
      <file name="CSSstyles.js" path="/Users/nzabalza/Immersive/Sprints/FEC/reviews/client/src/CSSstyles.js">
        <metrics statements="11" coveredstatements="11" conditionals="0" coveredconditionals="0" methods="0" coveredmethods="0"/>
        <line num="2" count="3" type="stmt"/>
        <line num="14" count="3" type="stmt"/>
        <line num="26" count="3" type="stmt"/>
        <line num="34" count="3" type="stmt"/>
        <line num="41" count="3" type="stmt"/>
        <line num="49" count="3" type="stmt"/>
        <line num="60" count="3" type="stmt"/>
        <line num="68" count="3" type="stmt"/>
        <line num="79" count="3" type="stmt"/>
        <line num="91" count="3" type="stmt"/>
        <line num="101" count="3" type="stmt"/>
      </file>
      <file name="service.jsx" path="/Users/nzabalza/Immersive/Sprints/FEC/reviews/client/src/service.jsx">
        <metrics statements="17" coveredstatements="16" conditionals="0" coveredconditionals="0" methods="9" coveredmethods="8"/>
        <line num="9" count="1" type="stmt"/>
        <line num="22" count="4" type="stmt"/>
        <line num="27" count="4" type="stmt"/>
        <line num="29" count="1" type="stmt"/>
        <line num="31" count="1" type="stmt"/>
        <line num="32" count="1" type="stmt"/>
        <line num="33" count="1" type="stmt"/>
        <line num="34" count="1" type="stmt"/>
        <line num="37" count="0" type="stmt"/>
        <line num="76" count="6" type="stmt"/>
        <line num="87" count="1" type="stmt"/>
        <line num="88" count="6" type="stmt"/>
        <line num="89" count="1" type="stmt"/>
        <line num="90" count="1" type="stmt"/>
        <line num="91" count="1" type="stmt"/>
        <line num="92" count="1" type="stmt"/>
        <line num="96" count="1" type="stmt"/>
      </file>
    </package>
    <package name="client.src.Components.General">
      <metrics statements="25" coveredstatements="25" conditionals="0" coveredconditionals="0" methods="4" coveredmethods="4"/>
      <file name="dynamicReviewStars.jsx" path="/Users/nzabalza/Immersive/Sprints/FEC/reviews/client/src/Components/General/dynamicReviewStars.jsx">
        <metrics statements="13" coveredstatements="13" conditionals="0" coveredconditionals="0" methods="3" coveredmethods="3"/>
        <line num="3" count="3" type="stmt"/>
        <line num="12" count="53" type="stmt"/>
        <line num="13" count="53" type="stmt"/>
        <line num="15" count="53" type="stmt"/>
        <line num="16" count="53" type="stmt"/>
        <line num="17" count="53" type="stmt"/>
        <line num="19" count="53" type="stmt"/>
        <line num="23" count="53" type="stmt"/>
        <line num="25" count="53" type="stmt"/>
        <line num="34" count="3" type="stmt"/>
        <line num="35" count="175" type="stmt"/>
        <line num="37" count="175" type="stmt"/>
        <line num="42" count="3" type="stmt"/>
      </file>
      <file name="solidReviewStars.jsx" path="/Users/nzabalza/Immersive/Sprints/FEC/reviews/client/src/Components/General/solidReviewStars.jsx">
        <metrics statements="12" coveredstatements="12" conditionals="0" coveredconditionals="0" methods="1" coveredmethods="1"/>
        <line num="7" count="425" type="stmt"/>
        <line num="8" count="425" type="stmt"/>
        <line num="10" count="425" type="stmt"/>
        <line num="11" count="425" type="stmt"/>
        <line num="13" count="425" type="stmt"/>
        <line num="14" count="1444" type="stmt"/>
        <line num="22" count="1444" type="stmt"/>
        <line num="23" count="1444" type="stmt"/>
        <line num="26" count="425" type="stmt"/>
        <line num="27" count="681" type="stmt"/>
        <line num="36" count="681" type="stmt"/>
        <line num="39" count="425" type="stmt"/>
      </file>
    </package>
    <package name="client.src.Components.ReviewBody">
      <metrics statements="10" coveredstatements="10" conditionals="0" coveredconditionals="0" methods="10" coveredmethods="10"/>
      <file name="averageCustomerRatings.jsx" path="/Users/nzabalza/Immersive/Sprints/FEC/reviews/client/src/Components/ReviewBody/averageCustomerRatings.jsx">
        <metrics statements="2" coveredstatements="2" conditionals="0" coveredconditionals="0" methods="2" coveredmethods="2"/>
        <line num="5" count="6" type="stmt"/>
        <line num="9" count="6" type="stmt"/>
      </file>
      <file name="highlightedReviews.jsx" path="/Users/nzabalza/Immersive/Sprints/FEC/reviews/client/src/Components/ReviewBody/highlightedReviews.jsx">
        <metrics statements="2" coveredstatements="2" conditionals="0" coveredconditionals="0" methods="2" coveredmethods="2"/>
        <line num="5" count="6" type="stmt"/>
        <line num="9" count="6" type="stmt"/>
      </file>
      <file name="index.jsx" path="/Users/nzabalza/Immersive/Sprints/FEC/reviews/client/src/Components/ReviewBody/index.jsx">
        <metrics statements="2" coveredstatements="2" conditionals="0" coveredconditionals="0" methods="2" coveredmethods="2"/>
        <line num="7" count="6" type="stmt"/>
        <line num="11" count="6" type="stmt"/>
      </file>
      <file name="starChart.jsx" path="/Users/nzabalza/Immersive/Sprints/FEC/reviews/client/src/Components/ReviewBody/starChart.jsx">
        <metrics statements="2" coveredstatements="2" conditionals="0" coveredconditionals="0" methods="2" coveredmethods="2"/>
        <line num="5" count="6" type="stmt"/>
        <line num="9" count="6" type="stmt"/>
      </file>
      <file name="starChartRow.jsx" path="/Users/nzabalza/Immersive/Sprints/FEC/reviews/client/src/Components/ReviewBody/starChartRow.jsx">
        <metrics statements="2" coveredstatements="2" conditionals="0" coveredconditionals="0" methods="2" coveredmethods="2"/>
        <line num="3" count="30" type="stmt"/>
        <line num="7" count="30" type="stmt"/>
      </file>
    </package>
    <package name="client.src.Components.ReviewHeader">
      <metrics statements="25" coveredstatements="21" conditionals="0" coveredconditionals="0" methods="9" coveredmethods="7"/>
      <file name="index.jsx" path="/Users/nzabalza/Immersive/Sprints/FEC/reviews/client/src/Components/ReviewHeader/index.jsx">
        <metrics statements="25" coveredstatements="21" conditionals="0" coveredconditionals="0" methods="9" coveredmethods="7"/>
        <line num="15" count="2" type="stmt"/>
        <line num="24" count="47" type="stmt"/>
        <line num="25" count="47" type="stmt"/>
        <line num="26" count="47" type="stmt"/>
        <line num="27" count="47" type="stmt"/>
        <line num="28" count="47" type="stmt"/>
        <line num="30" count="47" type="stmt"/>
        <line num="34" count="8" type="stmt"/>
        <line num="35" count="8" type="stmt"/>
        <line num="39" count="4" type="stmt"/>
        <line num="40" count="4" type="stmt"/>
        <line num="44" count="2" type="stmt"/>
        <line num="45" count="2" type="stmt"/>
        <line num="49" count="1" type="stmt"/>
        <line num="50" count="1" type="stmt"/>
        <line num="54" count="0" type="stmt"/>
        <line num="56" count="0" type="stmt"/>
        <line num="62" count="0" type="stmt"/>
        <line num="64" count="0" type="stmt"/>
        <line num="68" count="47" type="stmt"/>
        <line num="69" count="47" type="stmt"/>
        <line num="150" count="2" type="stmt"/>
        <line num="151" count="97" type="stmt"/>
        <line num="153" count="97" type="stmt"/>
        <line num="159" count="2" type="stmt"/>
      </file>
    </package>
    <package name="client.src.Components.Reviews">
      <metrics statements="422" coveredstatements="349" conditionals="168" coveredconditionals="127" methods="92" coveredmethods="69"/>
      <file name="activeFilters.jsx" path="/Users/nzabalza/Immersive/Sprints/FEC/reviews/client/src/Components/Reviews/activeFilters.jsx">
        <metrics statements="25" coveredstatements="23" conditionals="8" coveredconditionals="8" methods="7" coveredmethods="6"/>
        <line num="3" count="4" type="stmt"/>
        <line num="14" count="0" type="stmt"/>
        <line num="16" count="0" type="stmt"/>
        <line num="20" count="1" type="stmt"/>
        <line num="22" count="1" type="stmt"/>
        <line num="26" count="62" type="stmt"/>
        <line num="27" count="62" type="stmt"/>
        <line num="29" count="62" type="stmt"/>
        <line num="30" count="310" type="stmt"/>
        <line num="31" count="310" type="cond" truecount="2" falsecount="0"/>
        <line num="32" count="10" type="stmt"/>
        <line num="36" count="62" type="stmt"/>
        <line num="38" count="62" type="cond" truecount="2" falsecount="0"/>
        <line num="39" count="8" type="stmt"/>
        <line num="40" count="10" type="stmt"/>
        <line num="89" count="8" type="stmt"/>
        <line num="139" count="54" type="stmt"/>
        <line num="142" count="8" type="stmt"/>
        <line num="177" count="4" type="stmt"/>
        <line num="178" count="451" type="stmt"/>
        <line num="179" count="451" type="stmt"/>
        <line num="184" count="4" type="stmt"/>
        <line num="185" count="47" type="stmt"/>
        <line num="186" count="1" type="stmt"/>
        <line num="190" count="4" type="stmt"/>
      </file>
      <file name="calculateFilteredReviews.jsx" path="/Users/nzabalza/Immersive/Sprints/FEC/reviews/client/src/Components/Reviews/calculateFilteredReviews.jsx">
        <metrics statements="96" coveredstatements="96" conditionals="50" coveredconditionals="48" methods="11" coveredmethods="11"/>
        <line num="4" count="4" type="stmt"/>
        <line num="8" count="97" type="cond" truecount="2" falsecount="0"/>
        <line num="9" count="89" type="stmt"/>
        <line num="12" count="8" type="stmt"/>
        <line num="14" count="8" type="stmt"/>
        <line num="15" count="19" type="cond" truecount="2" falsecount="0"/>
        <line num="16" count="3" type="stmt"/>
        <line num="20" count="8" type="stmt"/>
        <line num="39" count="1" type="stmt"/>
        <line num="47" count="1" type="stmt"/>
        <line num="48" count="1" type="stmt"/>
        <line num="49" count="1" type="stmt"/>
        <line num="50" count="1" type="stmt"/>
        <line num="51" count="1" type="stmt"/>
        <line num="52" count="1" type="stmt"/>
        <line num="54" count="1" type="stmt"/>
        <line num="62" count="1" type="stmt"/>
        <line num="70" count="1" type="stmt"/>
        <line num="71" count="19" type="stmt"/>
        <line num="73" count="19" type="cond" truecount="1" falsecount="1"/>
        <line num="74" count="19" type="stmt"/>
        <line num="78" count="19" type="cond" truecount="4" falsecount="0"/>
        <line num="79" count="4" type="stmt"/>
        <line num="80" count="4" type="stmt"/>
        <line num="81" count="15" type="cond" truecount="5" falsecount="0"/>
        <line num="82" count="5" type="stmt"/>
        <line num="83" count="5" type="stmt"/>
        <line num="84" count="10" type="cond" truecount="2" falsecount="0"/>
        <line num="85" count="3" type="stmt"/>
        <line num="86" count="3" type="stmt"/>
        <line num="87" count="7" type="cond" truecount="5" falsecount="0"/>
        <line num="88" count="6" type="stmt"/>
        <line num="89" count="6" type="stmt"/>
        <line num="91" count="1" type="stmt"/>
        <line num="92" count="1" type="stmt"/>
        <line num="95" count="19" type="stmt"/>
        <line num="97" count="19" type="cond" truecount="2" falsecount="0"/>
        <line num="98" count="8" type="stmt"/>
        <line num="100" count="11" type="stmt"/>
        <line num="102" count="11" type="stmt"/>
        <line num="103" count="23" type="cond" truecount="2" falsecount="0"/>
        <line num="104" count="19" type="cond" truecount="2" falsecount="0"/>
        <line num="105" count="7" type="stmt"/>
        <line num="106" count="7" type="stmt"/>
        <line num="109" count="4" type="stmt"/>
        <line num="113" count="11" type="stmt"/>
        <line num="115" count="11" type="stmt"/>
        <line num="120" count="1" type="stmt"/>
        <line num="121" count="5" type="stmt"/>
        <line num="122" count="5" type="stmt"/>
        <line num="123" count="16" type="stmt"/>
        <line num="124" count="16" type="stmt"/>
        <line num="128" count="1" type="stmt"/>
        <line num="194" count="3" type="stmt"/>
        <line num="195" count="3" type="stmt"/>
        <line num="203" count="3" type="stmt"/>
        <line num="204" count="38" type="stmt"/>
        <line num="206" count="38" type="cond" truecount="1" falsecount="1"/>
        <line num="207" count="38" type="stmt"/>
        <line num="211" count="3" type="cond" truecount="2" falsecount="0"/>
        <line num="212" count="2" type="stmt"/>
        <line num="213" count="10" type="stmt"/>
        <line num="217" count="3" type="cond" truecount="2" falsecount="0"/>
        <line num="218" count="1" type="stmt"/>
        <line num="219" count="5" type="stmt"/>
        <line num="223" count="3" type="stmt"/>
        <line num="232" count="101" type="stmt"/>
        <line num="234" count="101" type="stmt"/>
        <line num="236" count="101" type="stmt"/>
        <line num="237" count="505" type="cond" truecount="2" falsecount="0"/>
        <line num="238" count="10" type="stmt"/>
        <line num="242" count="101" type="cond" truecount="2" falsecount="0"/>
        <line num="243" count="93" type="stmt"/>
        <line num="248" count="101" type="cond" truecount="2" falsecount="0"/>
        <line num="249" count="97" type="stmt"/>
        <line num="252" count="101" type="cond" truecount="2" falsecount="0"/>
        <line num="253" count="1" type="stmt"/>
        <line num="256" count="101" type="cond" truecount="2" falsecount="0"/>
        <line num="257" count="2" type="stmt"/>
        <line num="260" count="101" type="cond" truecount="2" falsecount="0"/>
        <line num="261" count="1" type="stmt"/>
        <line num="264" count="101" type="cond" truecount="2" falsecount="0"/>
        <line num="265" count="67" type="stmt"/>
        <line num="266" count="34" type="cond" truecount="2" falsecount="0"/>
        <line num="267" count="1" type="stmt"/>
        <line num="269" count="33" type="stmt"/>
        <line num="272" count="101" type="stmt"/>
        <line num="274" count="101" type="stmt"/>
        <line num="278" count="4" type="stmt"/>
        <line num="279" count="540" type="stmt"/>
        <line num="281" count="540" type="stmt"/>
        <line num="287" count="4" type="stmt"/>
        <line num="288" count="47" type="stmt"/>
        <line num="289" count="101" type="stmt"/>
        <line num="290" count="101" type="stmt"/>
        <line num="294" count="4" type="stmt"/>
      </file>
      <file name="filter.jsx" path="/Users/nzabalza/Immersive/Sprints/FEC/reviews/client/src/Components/Reviews/filter.jsx">
        <metrics statements="60" coveredstatements="45" conditionals="22" coveredconditionals="20" methods="18" coveredmethods="11"/>
        <line num="8" count="4" type="stmt"/>
        <line num="10" count="4" type="stmt"/>
        <line num="11" count="0" type="stmt"/>
        <line num="21" count="9" type="stmt"/>
        <line num="23" count="9" type="cond" truecount="2" falsecount="0"/>
        <line num="24" count="8" type="stmt"/>
        <line num="29" count="9" type="stmt"/>
        <line num="31" count="9" type="stmt"/>
        <line num="32" count="9" type="stmt"/>
        <line num="34" count="9" type="cond" truecount="1" falsecount="1"/>
        <line num="35" count="9" type="stmt"/>
        <line num="45" count="7" type="stmt"/>
        <line num="47" count="7" type="cond" truecount="4" falsecount="0"/>
        <line num="48" count="5" type="stmt"/>
        <line num="49" count="5" type="stmt"/>
        <line num="54" count="7" type="stmt"/>
        <line num="56" count="7" type="stmt"/>
        <line num="58" count="7" type="stmt"/>
        <line num="62" count="0" type="stmt"/>
        <line num="64" count="0" type="stmt"/>
        <line num="68" count="0" type="stmt"/>
        <line num="69" count="0" type="stmt"/>
        <line num="74" count="1" type="stmt"/>
        <line num="76" count="1" type="stmt"/>
        <line num="80" count="0" type="stmt"/>
        <line num="82" count="0" type="stmt"/>
        <line num="83" count="0" type="stmt"/>
        <line num="84" count="0" type="stmt"/>
        <line num="88" count="0" type="stmt"/>
        <line num="90" count="0" type="stmt"/>
        <line num="91" count="0" type="stmt"/>
        <line num="92" count="0" type="stmt"/>
        <line num="102" count="391" type="stmt"/>
        <line num="105" count="391" type="cond" truecount="1" falsecount="1"/>
        <line num="106" count="0" type="stmt"/>
        <line num="111" count="391" type="cond" truecount="2" falsecount="0"/>
        <line num="112" count="383" type="stmt"/>
        <line num="115" count="391" type="cond" truecount="2" falsecount="0"/>
        <line num="116" count="2" type="stmt"/>
        <line num="119" count="391" type="cond" truecount="2" falsecount="0"/>
        <line num="120" count="4" type="stmt"/>
        <line num="123" count="391" type="cond" truecount="2" falsecount="0"/>
        <line num="124" count="2" type="stmt"/>
        <line num="127" count="391" type="stmt"/>
        <line num="129" count="391" type="cond" truecount="2" falsecount="0"/>
        <line num="130" count="81" type="stmt"/>
        <line num="133" count="391" type="stmt"/>
        <line num="135" count="391" type="cond" truecount="2" falsecount="0"/>
        <line num="136" count="2" type="stmt"/>
        <line num="139" count="391" type="stmt"/>
        <line num="223" count="4" type="stmt"/>
        <line num="233" count="540" type="stmt"/>
        <line num="235" count="540" type="stmt"/>
        <line num="247" count="4" type="stmt"/>
        <line num="248" count="47" type="stmt"/>
        <line num="249" count="13" type="stmt"/>
        <line num="250" count="21" type="stmt"/>
        <line num="251" count="0" type="stmt"/>
        <line num="252" count="1" type="stmt"/>
        <line num="256" count="4" type="stmt"/>
      </file>
      <file name="helpful.jsx" path="/Users/nzabalza/Immersive/Sprints/FEC/reviews/client/src/Components/Reviews/helpful.jsx">
        <metrics statements="46" coveredstatements="46" conditionals="14" coveredconditionals="9" methods="5" coveredmethods="5"/>
        <line num="1" count="4" type="stmt"/>
        <line num="3" count="4" type="stmt"/>
        <line num="4" count="3" type="stmt"/>
        <line num="5" count="3" type="stmt"/>
        <line num="7" count="3" type="cond" truecount="1" falsecount="1"/>
        <line num="8" count="3" type="stmt"/>
        <line num="9" count="3" type="stmt"/>
        <line num="11" count="3" type="stmt"/>
        <line num="12" count="3" type="stmt"/>
        <line num="13" count="3" type="stmt"/>
        <line num="15" count="3" type="cond" truecount="2" falsecount="0"/>
        <line num="16" count="1" type="stmt"/>
        <line num="18" count="2" type="stmt"/>
        <line num="21" count="3" type="stmt"/>
        <line num="22" count="3" type="stmt"/>
        <line num="24" count="3" type="stmt"/>
        <line num="25" count="6" type="stmt"/>
        <line num="26" count="6" type="stmt"/>
        <line num="27" count="6" type="stmt"/>
        <line num="32" count="4" type="stmt"/>
        <line num="33" count="6" type="stmt"/>
        <line num="34" count="6" type="stmt"/>
        <line num="36" count="6" type="cond" truecount="2" falsecount="2"/>
        <line num="37" count="6" type="stmt"/>
        <line num="39" count="6" type="stmt"/>
        <line num="41" count="6" type="stmt"/>
        <line num="45" count="4" type="stmt"/>
        <line num="46" count="3" type="stmt"/>
        <line num="47" count="3" type="stmt"/>
        <line num="49" count="3" type="cond" truecount="2" falsecount="2"/>
        <line num="50" count="3" type="stmt"/>
        <line num="52" count="3" type="stmt"/>
        <line num="54" count="3" type="stmt"/>
        <line num="69" count="365" type="stmt"/>
        <line num="71" count="365" type="stmt"/>
        <line num="72" count="365" type="stmt"/>
        <line num="74" count="365" type="cond" truecount="2" falsecount="0"/>
        <line num="75" count="8" type="stmt"/>
        <line num="115" count="8" type="stmt"/>
        <line num="155" count="357" type="stmt"/>
        <line num="201" count="357" type="stmt"/>
        <line num="248" count="365" type="stmt"/>
        <line num="287" count="4" type="stmt"/>
        <line num="288" count="662" type="stmt"/>
        <line num="290" count="662" type="stmt"/>
        <line num="295" count="4" type="stmt"/>
      </file>
      <file name="index.jsx" path="/Users/nzabalza/Immersive/Sprints/FEC/reviews/client/src/Components/Reviews/index.jsx">
        <metrics statements="12" coveredstatements="11" conditionals="4" coveredconditionals="3" methods="2" coveredmethods="2"/>
        <line num="7" count="4" type="stmt"/>
        <line num="15" count="142" type="stmt"/>
        <line num="18" count="142" type="cond" truecount="1" falsecount="1"/>
        <line num="19" count="0" type="stmt"/>
        <line num="24" count="142" type="stmt"/>
        <line num="26" count="142" type="cond" truecount="2" falsecount="0"/>
        <line num="27" count="32" type="stmt"/>
        <line num="30" count="142" type="stmt"/>
        <line num="42" count="4" type="stmt"/>
        <line num="43" count="540" type="stmt"/>
        <line num="45" count="540" type="stmt"/>
        <line num="51" count="4" type="stmt"/>
      </file>
      <file name="individualReview.jsx" path="/Users/nzabalza/Immersive/Sprints/FEC/reviews/client/src/Components/Reviews/individualReview.jsx">
        <metrics statements="15" coveredstatements="15" conditionals="6" coveredconditionals="6" methods="1" coveredmethods="1"/>
        <line num="10" count="413" type="stmt"/>
        <line num="23" count="413" type="stmt"/>
        <line num="25" count="413" type="stmt"/>
        <line num="26" count="413" type="stmt"/>
        <line num="27" count="413" type="stmt"/>
        <line num="29" count="413" type="stmt"/>
        <line num="31" count="413" type="cond" truecount="2" falsecount="0"/>
        <line num="32" count="231" type="stmt"/>
        <line num="35" count="413" type="cond" truecount="2" falsecount="0"/>
        <line num="36" count="315" type="stmt"/>
        <line num="39" count="413" type="stmt"/>
        <line num="41" count="413" type="cond" truecount="2" falsecount="0"/>
        <line num="42" count="299" type="stmt"/>
        <line num="90" count="114" type="stmt"/>
        <line num="139" count="413" type="stmt"/>
      </file>
      <file name="navigation.jsx" path="/Users/nzabalza/Immersive/Sprints/FEC/reviews/client/src/Components/Reviews/navigation.jsx">
        <metrics statements="31" coveredstatements="27" conditionals="6" coveredconditionals="6" methods="8" coveredmethods="6"/>
        <line num="3" count="4" type="stmt"/>
        <line num="11" count="2" type="stmt"/>
        <line num="13" count="2" type="stmt"/>
        <line num="15" count="2" type="stmt"/>
        <line num="16" count="2" type="stmt"/>
        <line num="20" count="3" type="stmt"/>
        <line num="22" count="3" type="stmt"/>
        <line num="24" count="3" type="stmt"/>
        <line num="25" count="3" type="stmt"/>
        <line num="29" count="0" type="stmt"/>
        <line num="31" count="0" type="stmt"/>
        <line num="35" count="0" type="stmt"/>
        <line num="37" count="0" type="stmt"/>
        <line num="41" count="158" type="stmt"/>
        <line num="43" count="158" type="cond" truecount="2" falsecount="0"/>
        <line num="44" count="109" type="stmt"/>
        <line num="47" count="49" type="stmt"/>
        <line num="49" count="49" type="cond" truecount="2" falsecount="0"/>
        <line num="50" count="6" type="stmt"/>
        <line num="70" count="43" type="stmt"/>
        <line num="87" count="49" type="cond" truecount="2" falsecount="0"/>
        <line num="88" count="43" type="stmt"/>
        <line num="108" count="6" type="stmt"/>
        <line num="125" count="49" type="stmt"/>
        <line num="150" count="4" type="stmt"/>
        <line num="151" count="498" type="stmt"/>
        <line num="153" count="498" type="stmt"/>
        <line num="159" count="4" type="stmt"/>
        <line num="160" count="47" type="stmt"/>
        <line num="161" count="5" type="stmt"/>
        <line num="165" count="4" type="stmt"/>
      </file>
      <file name="nonNumberFilterSettings.jsx" path="/Users/nzabalza/Immersive/Sprints/FEC/reviews/client/src/Components/Reviews/nonNumberFilterSettings.jsx">
        <metrics statements="44" coveredstatements="23" conditionals="18" coveredconditionals="5" methods="12" coveredmethods="8"/>
        <line num="5" count="4" type="stmt"/>
        <line num="6" count="4" type="stmt"/>
        <line num="19" count="4" type="stmt"/>
        <line num="21" count="4" type="stmt"/>
        <line num="25" count="2" type="stmt"/>
        <line num="27" count="2" type="cond" truecount="1" falsecount="1"/>
        <line num="28" count="2" type="stmt"/>
        <line num="33" count="3" type="stmt"/>
        <line num="35" count="3" type="stmt"/>
        <line num="37" count="3" type="stmt"/>
        <line num="48" count="0" type="stmt"/>
        <line num="49" count="0" type="stmt"/>
        <line num="51" count="0" type="cond" truecount="0" falsecount="2"/>
        <line num="52" count="0" type="stmt"/>
        <line num="54" count="0" type="stmt"/>
        <line num="57" count="0" type="stmt"/>
        <line num="58" count="0" type="stmt"/>
        <line num="62" count="0" type="stmt"/>
        <line num="64" count="0" type="stmt"/>
        <line num="65" count="0" type="stmt"/>
        <line num="69" count="0" type="stmt"/>
        <line num="70" count="0" type="stmt"/>
        <line num="71" count="0" type="stmt"/>
        <line num="72" count="0" type="stmt"/>
        <line num="74" count="0" type="cond" truecount="0" falsecount="2"/>
        <line num="75" count="0" type="stmt"/>
        <line num="76" count="0" type="cond" truecount="0" falsecount="4"/>
        <line num="77" count="0" type="stmt"/>
        <line num="79" count="0" type="stmt"/>
        <line num="82" count="0" type="stmt"/>
        <line num="86" count="54" type="stmt"/>
        <line num="87" count="54" type="stmt"/>
        <line num="88" count="54" type="stmt"/>
        <line num="99" count="54" type="stmt"/>
        <line num="110" count="54" type="stmt"/>
        <line num="169" count="4" type="stmt"/>
        <line num="170" count="89" type="stmt"/>
        <line num="171" count="89" type="stmt"/>
        <line num="177" count="4" type="stmt"/>
        <line num="178" count="30" type="stmt"/>
        <line num="179" count="2" type="stmt"/>
        <line num="180" count="0" type="stmt"/>
        <line num="181" count="7" type="stmt"/>
        <line num="185" count="4" type="stmt"/>
      </file>
      <file name="ratingsFilter.jsx" path="/Users/nzabalza/Immersive/Sprints/FEC/reviews/client/src/Components/Reviews/ratingsFilter.jsx">
        <metrics statements="38" coveredstatements="30" conditionals="12" coveredconditionals="9" methods="13" coveredmethods="9"/>
        <line num="6" count="4" type="stmt"/>
        <line num="8" count="4" type="stmt"/>
        <line num="9" count="0" type="stmt"/>
        <line num="10" count="0" type="cond" truecount="0" falsecount="2"/>
        <line num="11" count="0" type="stmt"/>
        <line num="21" count="1" type="stmt"/>
        <line num="23" count="1" type="cond" truecount="1" falsecount="1"/>
        <line num="24" count="1" type="stmt"/>
        <line num="29" count="2" type="stmt"/>
        <line num="31" count="2" type="stmt"/>
        <line num="33" count="2" type="stmt"/>
        <line num="35" count="2" type="cond" truecount="2" falsecount="0"/>
        <line num="36" count="1" type="stmt"/>
        <line num="46" count="3" type="stmt"/>
        <line num="48" count="3" type="cond" truecount="4" falsecount="0"/>
        <line num="49" count="1" type="stmt"/>
        <line num="50" count="1" type="stmt"/>
        <line num="55" count="3" type="stmt"/>
        <line num="57" count="3" type="stmt"/>
        <line num="59" count="3" type="stmt"/>
        <line num="63" count="0" type="stmt"/>
        <line num="65" count="0" type="stmt"/>
        <line num="66" count="0" type="stmt"/>
        <line num="69" count="0" type="stmt"/>
        <line num="75" count="15" type="stmt"/>
        <line num="77" count="15" type="stmt"/>
        <line num="79" count="15" type="cond" truecount="2" falsecount="0"/>
        <line num="80" count="10" type="stmt"/>
        <line num="83" count="15" type="stmt"/>
        <line num="135" count="4" type="stmt"/>
        <line num="140" count="15" type="stmt"/>
        <line num="142" count="15" type="stmt"/>
        <line num="149" count="4" type="stmt"/>
        <line num="150" count="2" type="stmt"/>
        <line num="151" count="6" type="stmt"/>
        <line num="152" count="0" type="stmt"/>
        <line num="153" count="2" type="stmt"/>
        <line num="157" count="4" type="stmt"/>
      </file>
      <file name="ratingsFilterSettings.jsx" path="/Users/nzabalza/Immersive/Sprints/FEC/reviews/client/src/Components/Reviews/ratingsFilterSettings.jsx">
        <metrics statements="45" coveredstatements="23" conditionals="28" coveredconditionals="13" methods="13" coveredmethods="8"/>
        <line num="5" count="4" type="stmt"/>
        <line num="13" count="2" type="stmt"/>
        <line num="15" count="2" type="stmt"/>
        <line num="19" count="2" type="stmt"/>
        <line num="21" count="2" type="cond" truecount="2" falsecount="0"/>
        <line num="22" count="1" type="stmt"/>
        <line num="27" count="2" type="stmt"/>
        <line num="29" count="2" type="stmt"/>
        <line num="31" count="2" type="stmt"/>
        <line num="42" count="0" type="stmt"/>
        <line num="44" count="0" type="stmt"/>
        <line num="45" count="0" type="stmt"/>
        <line num="48" count="0" type="stmt"/>
        <line num="49" count="0" type="stmt"/>
        <line num="50" count="0" type="stmt"/>
        <line num="54" count="0" type="stmt"/>
        <line num="55" count="0" type="stmt"/>
        <line num="56" count="0" type="stmt"/>
        <line num="58" count="0" type="stmt"/>
        <line num="59" count="0" type="stmt"/>
        <line num="60" count="0" type="stmt"/>
        <line num="61" count="0" type="stmt"/>
        <line num="65" count="0" type="stmt"/>
        <line num="66" count="0" type="stmt"/>
        <line num="67" count="0" type="stmt"/>
        <line num="69" count="0" type="cond" truecount="0" falsecount="2"/>
        <line num="70" count="0" type="cond" truecount="0" falsecount="2"/>
        <line num="71" count="0" type="stmt"/>
        <line num="72" count="0" type="stmt"/>
        <line num="76" count="6" type="stmt"/>
        <line num="78" count="6" type="stmt"/>
        <line num="80" count="6" type="stmt"/>
        <line num="81" count="30" type="cond" truecount="1" falsecount="1"/>
        <line num="82" count="0" type="stmt"/>
        <line num="129" count="30" type="stmt"/>
        <line num="176" count="6" type="stmt"/>
        <line num="201" count="4" type="stmt"/>
        <line num="202" count="10" type="stmt"/>
        <line num="203" count="10" type="stmt"/>
        <line num="209" count="4" type="stmt"/>
        <line num="210" count="2" type="stmt"/>
        <line num="211" count="1" type="stmt"/>
        <line num="212" count="4" type="stmt"/>
        <line num="213" count="0" type="stmt"/>
        <line num="217" count="4" type="stmt"/>
      </file>
      <file name="reviewsContainer.jsx" path="/Users/nzabalza/Immersive/Sprints/FEC/reviews/client/src/Components/Reviews/reviewsContainer.jsx">
        <metrics statements="10" coveredstatements="10" conditionals="0" coveredconditionals="0" methods="2" coveredmethods="2"/>
        <line num="3" count="4" type="stmt"/>
        <line num="11" count="158" type="stmt"/>
        <line num="12" count="158" type="stmt"/>
        <line num="14" count="158" type="stmt"/>
        <line num="15" count="413" type="stmt"/>
        <line num="18" count="158" type="stmt"/>
        <line num="26" count="4" type="stmt"/>
        <line num="27" count="498" type="stmt"/>
        <line num="29" count="498" type="stmt"/>
        <line num="35" count="4" type="stmt"/>
      </file>
    </package>
    <package name="client.src.ReduxSpecificComponents">
      <metrics statements="4" coveredstatements="4" conditionals="0" coveredconditionals="0" methods="0" coveredmethods="0"/>
      <file name="rootReducer.js" path="/Users/nzabalza/Immersive/Sprints/FEC/reviews/client/src/ReduxSpecificComponents/rootReducer.js">
        <metrics statements="2" coveredstatements="2" conditionals="0" coveredconditionals="0" methods="0" coveredmethods="0"/>
        <line num="15" count="6" type="stmt"/>
        <line num="17" count="6" type="stmt"/>
      </file>
      <file name="store.js" path="/Users/nzabalza/Immersive/Sprints/FEC/reviews/client/src/ReduxSpecificComponents/store.js">
        <metrics statements="2" coveredstatements="2" conditionals="0" coveredconditionals="0" methods="0" coveredmethods="0"/>
        <line num="3" count="6" type="stmt"/>
        <line num="5" count="6" type="stmt"/>
      </file>
    </package>
    <package name="client.src.ReduxSpecificComponents.Actions">
      <metrics statements="26" coveredstatements="26" conditionals="1" coveredconditionals="1" methods="13" coveredmethods="13"/>
      <file name="updateAllReviews.js" path="/Users/nzabalza/Immersive/Sprints/FEC/reviews/client/src/ReduxSpecificComponents/Actions/updateAllReviews.js">
        <metrics statements="2" coveredstatements="2" conditionals="0" coveredconditionals="0" methods="1" coveredmethods="1"/>
        <line num="1" count="4" type="stmt"/>
        <line num="2" count="71" type="stmt"/>
      </file>
      <file name="updateEnteredNonNumberFilterSetting.js" path="/Users/nzabalza/Immersive/Sprints/FEC/reviews/client/src/ReduxSpecificComponents/Actions/updateEnteredNonNumberFilterSetting.js">
        <metrics statements="2" coveredstatements="2" conditionals="0" coveredconditionals="0" methods="1" coveredmethods="1"/>
        <line num="1" count="4" type="stmt"/>
        <line num="2" count="33" type="stmt"/>
      </file>
      <file name="updateEnteredRatingFilterDropDown.js" path="/Users/nzabalza/Immersive/Sprints/FEC/reviews/client/src/ReduxSpecificComponents/Actions/updateEnteredRatingFilterDropDown.js">
        <metrics statements="2" coveredstatements="2" conditionals="0" coveredconditionals="0" methods="1" coveredmethods="1"/>
        <line num="1" count="4" type="stmt"/>
        <line num="2" count="30" type="stmt"/>
      </file>
      <file name="updateExitedNonNumberFilterDropDownSource.js" path="/Users/nzabalza/Immersive/Sprints/FEC/reviews/client/src/ReduxSpecificComponents/Actions/updateExitedNonNumberFilterDropDownSource.js">
        <metrics statements="2" coveredstatements="2" conditionals="0" coveredconditionals="0" methods="1" coveredmethods="1"/>
        <line num="1" count="4" type="stmt"/>
        <line num="2" count="47" type="stmt"/>
      </file>
      <file name="updateExitedRatingFilter.js" path="/Users/nzabalza/Immersive/Sprints/FEC/reviews/client/src/ReduxSpecificComponents/Actions/updateExitedRatingFilter.js">
        <metrics statements="2" coveredstatements="2" conditionals="0" coveredconditionals="0" methods="1" coveredmethods="1"/>
        <line num="1" count="4" type="stmt"/>
        <line num="2" count="32" type="stmt"/>
      </file>
      <file name="updateFilter.js" path="/Users/nzabalza/Immersive/Sprints/FEC/reviews/client/src/ReduxSpecificComponents/Actions/updateFilter.js">
        <metrics statements="2" coveredstatements="2" conditionals="1" coveredconditionals="1" methods="1" coveredmethods="1"/>
        <line num="1" count="4" type="cond" truecount="1" falsecount="0"/>
        <line num="2" count="67" type="stmt"/>
      </file>
      <file name="updateFilteredReviews.js" path="/Users/nzabalza/Immersive/Sprints/FEC/reviews/client/src/ReduxSpecificComponents/Actions/updateFilteredReviews.js">
        <metrics statements="2" coveredstatements="2" conditionals="0" coveredconditionals="0" methods="1" coveredmethods="1"/>
        <line num="1" count="4" type="stmt"/>
        <line num="2" count="102" type="stmt"/>
      </file>
      <file name="updateNumberOfReviews.js" path="/Users/nzabalza/Immersive/Sprints/FEC/reviews/client/src/ReduxSpecificComponents/Actions/updateNumberOfReviews.js">
        <metrics statements="2" coveredstatements="2" conditionals="0" coveredconditionals="0" methods="1" coveredmethods="1"/>
        <line num="1" count="5" type="stmt"/>
        <line num="2" count="89" type="stmt"/>
      </file>
      <file name="updateReviewAverage.js" path="/Users/nzabalza/Immersive/Sprints/FEC/reviews/client/src/ReduxSpecificComponents/Actions/updateReviewAverage.js">
        <metrics statements="2" coveredstatements="2" conditionals="0" coveredconditionals="0" methods="1" coveredmethods="1"/>
        <line num="1" count="6" type="stmt"/>
        <line num="2" count="91" type="stmt"/>
      </file>
      <file name="updateReviewRange.js" path="/Users/nzabalza/Immersive/Sprints/FEC/reviews/client/src/ReduxSpecificComponents/Actions/updateReviewRange.js">
        <metrics statements="2" coveredstatements="2" conditionals="0" coveredconditionals="0" methods="1" coveredmethods="1"/>
        <line num="1" count="4" type="stmt"/>
        <line num="2" count="106" type="stmt"/>
      </file>
      <file name="updateShowNonNumberFilterSetting.js" path="/Users/nzabalza/Immersive/Sprints/FEC/reviews/client/src/ReduxSpecificComponents/Actions/updateShowNonNumberFilterSetting.js">
        <metrics statements="2" coveredstatements="2" conditionals="0" coveredconditionals="0" methods="1" coveredmethods="1"/>
        <line num="1" count="4" type="stmt"/>
        <line num="2" count="57" type="stmt"/>
      </file>
      <file name="updateShowRatingFilter.js" path="/Users/nzabalza/Immersive/Sprints/FEC/reviews/client/src/ReduxSpecificComponents/Actions/updateShowRatingFilter.js">
        <metrics statements="2" coveredstatements="2" conditionals="0" coveredconditionals="0" methods="1" coveredmethods="1"/>
        <line num="1" count="4" type="stmt"/>
        <line num="2" count="28" type="stmt"/>
      </file>
      <file name="updateShowRatingFilterDropDown.js" path="/Users/nzabalza/Immersive/Sprints/FEC/reviews/client/src/ReduxSpecificComponents/Actions/updateShowRatingFilterDropDown.js">
        <metrics statements="2" coveredstatements="2" conditionals="0" coveredconditionals="0" methods="1" coveredmethods="1"/>
        <line num="1" count="4" type="stmt"/>
        <line num="2" count="30" type="stmt"/>
      </file>
    </package>
    <package name="client.src.ReduxSpecificComponents.Reducers">
      <metrics statements="85" coveredstatements="85" conditionals="61" coveredconditionals="59" methods="13" coveredmethods="13"/>
      <file name="allReviewsReducer.js" path="/Users/nzabalza/Immersive/Sprints/FEC/reviews/client/src/ReduxSpecificComponents/Reducers/allReviewsReducer.js">
        <metrics statements="4" coveredstatements="4" conditionals="3" coveredconditionals="3" methods="1" coveredmethods="1"/>
        <line num="1" count="6" type="cond" truecount="1" falsecount="0"/>
        <line num="2" count="801" type="cond" truecount="2" falsecount="0"/>
        <line num="3" count="71" type="stmt"/>
        <line num="5" count="730" type="stmt"/>
      </file>
      <file name="enteredNonNumberFilterSettingReducer.js" path="/Users/nzabalza/Immersive/Sprints/FEC/reviews/client/src/ReduxSpecificComponents/Reducers/enteredNonNumberFilterSettingReducer.js">
        <metrics statements="4" coveredstatements="4" conditionals="3" coveredconditionals="3" methods="1" coveredmethods="1"/>
        <line num="1" count="6" type="cond" truecount="1" falsecount="0"/>
        <line num="2" count="801" type="cond" truecount="2" falsecount="0"/>
        <line num="3" count="33" type="stmt"/>
        <line num="5" count="768" type="stmt"/>
      </file>
      <file name="enteredRatingFilterDropDownReducer.js" path="/Users/nzabalza/Immersive/Sprints/FEC/reviews/client/src/ReduxSpecificComponents/Reducers/enteredRatingFilterDropDownReducer.js">
        <metrics statements="4" coveredstatements="4" conditionals="3" coveredconditionals="3" methods="1" coveredmethods="1"/>
        <line num="1" count="6" type="cond" truecount="1" falsecount="0"/>
        <line num="2" count="801" type="cond" truecount="2" falsecount="0"/>
        <line num="3" count="30" type="stmt"/>
        <line num="5" count="771" type="stmt"/>
      </file>
      <file name="exitedNonNumberFilterDropDownSourceReducer.js" path="/Users/nzabalza/Immersive/Sprints/FEC/reviews/client/src/ReduxSpecificComponents/Reducers/exitedNonNumberFilterDropDownSourceReducer.js">
        <metrics statements="4" coveredstatements="4" conditionals="3" coveredconditionals="3" methods="1" coveredmethods="1"/>
        <line num="1" count="6" type="cond" truecount="1" falsecount="0"/>
        <line num="2" count="801" type="cond" truecount="2" falsecount="0"/>
        <line num="3" count="47" type="stmt"/>
        <line num="5" count="754" type="stmt"/>
      </file>
      <file name="exitedRatingFilterReducer.js" path="/Users/nzabalza/Immersive/Sprints/FEC/reviews/client/src/ReduxSpecificComponents/Reducers/exitedRatingFilterReducer.js">
        <metrics statements="4" coveredstatements="4" conditionals="3" coveredconditionals="3" methods="1" coveredmethods="1"/>
        <line num="1" count="6" type="cond" truecount="1" falsecount="0"/>
        <line num="2" count="801" type="cond" truecount="2" falsecount="0"/>
        <line num="3" count="32" type="stmt"/>
        <line num="5" count="769" type="stmt"/>
      </file>
      <file name="filterReducer.js" path="/Users/nzabalza/Immersive/Sprints/FEC/reviews/client/src/ReduxSpecificComponents/Reducers/filterReducer.js">
        <metrics statements="23" coveredstatements="23" conditionals="15" coveredconditionals="15" methods="1" coveredmethods="1"/>
        <line num="1" count="6" type="stmt"/>
        <line num="13" count="6" type="cond" truecount="1" falsecount="0"/>
        <line num="14" count="801" type="cond" truecount="2" falsecount="0"/>
        <line num="15" count="67" type="stmt"/>
        <line num="16" count="67" type="stmt"/>
        <line num="18" count="67" type="cond" truecount="6" falsecount="0"/>
        <line num="19" count="30" type="stmt"/>
        <line num="20" count="30" type="stmt"/>
        <line num="21" count="30" type="stmt"/>
        <line num="22" count="30" type="stmt"/>
        <line num="24" count="30" type="stmt"/>
        <line num="25" count="37" type="cond" truecount="2" falsecount="0"/>
        <line num="26" count="27" type="stmt"/>
        <line num="27" count="27" type="stmt"/>
        <line num="28" count="27" type="stmt"/>
        <line num="29" count="27" type="stmt"/>
        <line num="30" count="27" type="stmt"/>
        <line num="32" count="10" type="cond" truecount="2" falsecount="0"/>
        <line num="33" count="7" type="stmt"/>
        <line num="36" count="10" type="cond" truecount="2" falsecount="0"/>
        <line num="37" count="3" type="stmt"/>
        <line num="41" count="67" type="stmt"/>
        <line num="43" count="734" type="stmt"/>
      </file>
      <file name="filteredReviewsReducer.js" path="/Users/nzabalza/Immersive/Sprints/FEC/reviews/client/src/ReduxSpecificComponents/Reducers/filteredReviewsReducer.js">
        <metrics statements="4" coveredstatements="4" conditionals="3" coveredconditionals="3" methods="1" coveredmethods="1"/>
        <line num="1" count="6" type="cond" truecount="1" falsecount="0"/>
        <line num="2" count="801" type="cond" truecount="2" falsecount="0"/>
        <line num="3" count="102" type="stmt"/>
        <line num="5" count="699" type="stmt"/>
      </file>
      <file name="numberOfReviewsReducer.js" path="/Users/nzabalza/Immersive/Sprints/FEC/reviews/client/src/ReduxSpecificComponents/Reducers/numberOfReviewsReducer.js">
        <metrics statements="4" coveredstatements="4" conditionals="3" coveredconditionals="3" methods="1" coveredmethods="1"/>
        <line num="1" count="6" type="cond" truecount="1" falsecount="0"/>
        <line num="2" count="801" type="cond" truecount="2" falsecount="0"/>
        <line num="3" count="89" type="stmt"/>
        <line num="5" count="712" type="stmt"/>
      </file>
      <file name="reviewAverageReducer.js" path="/Users/nzabalza/Immersive/Sprints/FEC/reviews/client/src/ReduxSpecificComponents/Reducers/reviewAverageReducer.js">
        <metrics statements="4" coveredstatements="4" conditionals="3" coveredconditionals="3" methods="1" coveredmethods="1"/>
        <line num="1" count="6" type="cond" truecount="1" falsecount="0"/>
        <line num="2" count="801" type="cond" truecount="2" falsecount="0"/>
        <line num="3" count="91" type="stmt"/>
        <line num="5" count="710" type="stmt"/>
      </file>
      <file name="reviewRangeReducer.js" path="/Users/nzabalza/Immersive/Sprints/FEC/reviews/client/src/ReduxSpecificComponents/Reducers/reviewRangeReducer.js">
        <metrics statements="18" coveredstatements="18" conditionals="13" coveredconditionals="11" methods="1" coveredmethods="1"/>
        <line num="1" count="6" type="cond" truecount="1" falsecount="0"/>
        <line num="2" count="801" type="cond" truecount="2" falsecount="0"/>
        <line num="3" count="106" type="cond" truecount="2" falsecount="0"/>
        <line num="4" count="101" type="stmt"/>
        <line num="7" count="5" type="stmt"/>
        <line num="9" count="5" type="cond" truecount="2" falsecount="0"/>
        <line num="10" count="3" type="stmt"/>
        <line num="11" count="3" type="stmt"/>
        <line num="13" count="3" type="cond" truecount="1" falsecount="1"/>
        <line num="14" count="3" type="stmt"/>
        <line num="18" count="5" type="cond" truecount="2" falsecount="0"/>
        <line num="19" count="2" type="stmt"/>
        <line num="20" count="2" type="stmt"/>
        <line num="22" count="2" type="cond" truecount="1" falsecount="1"/>
        <line num="23" count="2" type="stmt"/>
        <line num="24" count="2" type="stmt"/>
        <line num="28" count="5" type="stmt"/>
        <line num="30" count="695" type="stmt"/>
      </file>
      <file name="showNonNumberFilterSettingReducer.js" path="/Users/nzabalza/Immersive/Sprints/FEC/reviews/client/src/ReduxSpecificComponents/Reducers/showNonNumberFilterSettingReducer.js">
        <metrics statements="4" coveredstatements="4" conditionals="3" coveredconditionals="3" methods="1" coveredmethods="1"/>
        <line num="1" count="6" type="cond" truecount="1" falsecount="0"/>
        <line num="2" count="801" type="cond" truecount="2" falsecount="0"/>
        <line num="3" count="57" type="stmt"/>
        <line num="5" count="744" type="stmt"/>
      </file>
      <file name="showRatingFilterDropDownReducer.js" path="/Users/nzabalza/Immersive/Sprints/FEC/reviews/client/src/ReduxSpecificComponents/Reducers/showRatingFilterDropDownReducer.js">
        <metrics statements="4" coveredstatements="4" conditionals="3" coveredconditionals="3" methods="1" coveredmethods="1"/>
        <line num="1" count="6" type="cond" truecount="1" falsecount="0"/>
        <line num="2" count="801" type="cond" truecount="2" falsecount="0"/>
        <line num="3" count="30" type="stmt"/>
        <line num="5" count="771" type="stmt"/>
      </file>
      <file name="showRatingFilterReducer.js" path="/Users/nzabalza/Immersive/Sprints/FEC/reviews/client/src/ReduxSpecificComponents/Reducers/showRatingFilterReducer.js">
        <metrics statements="4" coveredstatements="4" conditionals="3" coveredconditionals="3" methods="1" coveredmethods="1"/>
        <line num="1" count="6" type="cond" truecount="1" falsecount="0"/>
        <line num="2" count="801" type="cond" truecount="2" falsecount="0"/>
        <line num="3" count="28" type="stmt"/>
        <line num="5" count="773" type="stmt"/>
      </file>
    </package>
  </project>
</coverage>
