{"/Users/nzabalza/Immersive/Sprints/FEC/reviews/__tests__/setup/generalData.js": {"path":"/Users/nzabalza/Immersive/Sprints/FEC/reviews/__tests__/setup/generalData.js","statementMap":{"0":{"start":{"line":1,"column":20},"end":{"line":234,"column":1}}},"fnMap":{},"branchMap":{},"s":{"0":5},"f":{},"b":{},"_coverageSchema":"1a1c01bbd47fc00a2c39e90264f33305004495a9","hash":"2b53450d6a4014f9246275678535438ea6ce5bf9"}
,"/Users/nzabalza/Immersive/Sprints/FEC/reviews/__tests__/setup/storeStartingState.js": {"path":"/Users/nzabalza/Immersive/Sprints/FEC/reviews/__tests__/setup/storeStartingState.js","statementMap":{"0":{"start":{"line":1,"column":27},"end":{"line":25,"column":1}}},"fnMap":{},"branchMap":{},"s":{"0":5},"f":{},"b":{},"_coverageSchema":"1a1c01bbd47fc00a2c39e90264f33305004495a9","hash":"2fc31e46713eab65e76335591a3895f438e573c7"}
,"/Users/nzabalza/Immersive/Sprints/FEC/reviews/client/src/CSSstyles.js": {"path":"/Users/nzabalza/Immersive/Sprints/FEC/reviews/client/src/CSSstyles.js","statementMap":{"0":{"start":{"line":2,"column":30},"end":{"line":11,"column":1}},"1":{"start":{"line":14,"column":29},"end":{"line":24,"column":1}},"2":{"start":{"line":26,"column":37},"end":{"line":32,"column":1}},"3":{"start":{"line":34,"column":45},"end":{"line":39,"column":1}},"4":{"start":{"line":41,"column":29},"end":{"line":47,"column":1}},"5":{"start":{"line":49,"column":28},"end":{"line":58,"column":1}},"6":{"start":{"line":60,"column":28},"end":{"line":66,"column":1}},"7":{"start":{"line":68,"column":34},"end":{"line":77,"column":1}},"8":{"start":{"line":79,"column":30},"end":{"line":89,"column":1}},"9":{"start":{"line":91,"column":36},"end":{"line":99,"column":1}},"10":{"start":{"line":101,"column":25},"end":{"line":107,"column":1}}},"fnMap":{},"branchMap":{},"s":{"0":3,"1":3,"2":3,"3":3,"4":3,"5":3,"6":3,"7":3,"8":3,"9":3,"10":3},"f":{},"b":{},"_coverageSchema":"1a1c01bbd47fc00a2c39e90264f33305004495a9","hash":"2a11147908f7f8f2f65cb3415279ffeb18c8795b"}
,"/Users/nzabalza/Immersive/Sprints/FEC/reviews/client/src/service.jsx": {"path":"/Users/nzabalza/Immersive/Sprints/FEC/reviews/client/src/service.jsx","statementMap":{"0":{"start":{"line":9,"column":20},"end":{"line":9,"column":30}},"1":{"start":{"line":22,"column":8},"end":{"line":22,"column":18}},"2":{"start":{"line":27,"column":4},"end":{"line":38,"column":9}},"3":{"start":{"line":29,"column":63},"end":{"line":29,"column":75}},"4":{"start":{"line":31,"column":8},"end":{"line":31,"column":51}},"5":{"start":{"line":32,"column":8},"end":{"line":32,"column":55}},"6":{"start":{"line":33,"column":8},"end":{"line":33,"column":45}},"7":{"start":{"line":34,"column":8},"end":{"line":34,"column":50}},"8":{"start":{"line":37,"column":8},"end":{"line":37,"column":25}},"9":{"start":{"line":76,"column":4},"end":{"line":83,"column":6}},"10":{"start":{"line":87,"column":20},"end":{"line":94,"column":1}},"11":{"start":{"line":88,"column":2},"end":{"line":93,"column":4}},"12":{"start":{"line":89,"column":54},"end":{"line":89,"column":99}},"13":{"start":{"line":90,"column":58},"end":{"line":90,"column":107}},"14":{"start":{"line":91,"column":48},"end":{"line":91,"column":87}},"15":{"start":{"line":92,"column":53},"end":{"line":92,"column":97}},"16":{"start":{"line":96,"column":29},"end":{"line":96,"column":70}}},"fnMap":{"0":{"name":"(anonymous_0)","decl":{"start":{"line":16,"column":2},"end":{"line":16,"column":3}},"loc":{"start":{"line":16,"column":22},"end":{"line":72,"column":3}},"line":16},"1":{"name":"(anonymous_1)","decl":{"start":{"line":28,"column":12},"end":{"line":28,"column":13}},"loc":{"start":{"line":28,"column":25},"end":{"line":35,"column":7}},"line":28},"2":{"name":"(anonymous_2)","decl":{"start":{"line":36,"column":13},"end":{"line":36,"column":14}},"loc":{"start":{"line":36,"column":22},"end":{"line":38,"column":7}},"line":36},"3":{"name":"(anonymous_3)","decl":{"start":{"line":74,"column":2},"end":{"line":74,"column":3}},"loc":{"start":{"line":74,"column":11},"end":{"line":84,"column":3}},"line":74},"4":{"name":"(anonymous_4)","decl":{"start":{"line":87,"column":20},"end":{"line":87,"column":21}},"loc":{"start":{"line":87,"column":39},"end":{"line":94,"column":1}},"line":87},"5":{"name":"(anonymous_5)","decl":{"start":{"line":89,"column":33},"end":{"line":89,"column":34}},"loc":{"start":{"line":89,"column":52},"end":{"line":89,"column":101}},"line":89},"6":{"name":"(anonymous_6)","decl":{"start":{"line":90,"column":35},"end":{"line":90,"column":36}},"loc":{"start":{"line":90,"column":56},"end":{"line":90,"column":109}},"line":90},"7":{"name":"(anonymous_7)","decl":{"start":{"line":91,"column":30},"end":{"line":91,"column":31}},"loc":{"start":{"line":91,"column":46},"end":{"line":91,"column":89}},"line":91},"8":{"name":"(anonymous_8)","decl":{"start":{"line":92,"column":35},"end":{"line":92,"column":36}},"loc":{"start":{"line":92,"column":51},"end":{"line":92,"column":99}},"line":92}},"branchMap":{},"s":{"0":1,"1":3,"2":3,"3":1,"4":1,"5":1,"6":1,"7":1,"8":0,"9":5,"10":1,"11":5,"12":1,"13":1,"14":1,"15":1,"16":1},"f":{"0":3,"1":1,"2":0,"3":5,"4":5,"5":1,"6":1,"7":1,"8":1},"b":{},"_coverageSchema":"1a1c01bbd47fc00a2c39e90264f33305004495a9","hash":"e8dd448c2ec9b09df927b658ff458d7a6724561f"}
,"/Users/nzabalza/Immersive/Sprints/FEC/reviews/client/src/Components/General/dynamicReviewStars.jsx": {"path":"/Users/nzabalza/Immersive/Sprints/FEC/reviews/client/src/Components/General/dynamicReviewStars.jsx","statementMap":{"0":{"start":{"line":3,"column":20},"end":{"line":3,"column":30}},"1":{"start":{"line":12,"column":22},"end":{"line":12,"column":24}},"2":{"start":{"line":13,"column":4},"end":{"line":13,"column":44}},"3":{"start":{"line":15,"column":4},"end":{"line":15,"column":67}},"4":{"start":{"line":16,"column":4},"end":{"line":16,"column":29}},"5":{"start":{"line":17,"column":4},"end":{"line":17,"column":34}},"6":{"start":{"line":19,"column":4},"end":{"line":19,"column":21}},"7":{"start":{"line":23,"column":30},"end":{"line":23,"column":40}},"8":{"start":{"line":25,"column":4},"end":{"line":30,"column":6}},"9":{"start":{"line":34,"column":17},"end":{"line":40,"column":1}},"10":{"start":{"line":35,"column":28},"end":{"line":35,"column":33}},"11":{"start":{"line":37,"column":2},"end":{"line":39,"column":4}},"12":{"start":{"line":42,"column":34},"end":{"line":42,"column":71}}},"fnMap":{"0":{"name":"(anonymous_0)","decl":{"start":{"line":11,"column":2},"end":{"line":11,"column":3}},"loc":{"start":{"line":11,"column":70},"end":{"line":20,"column":3}},"line":11},"1":{"name":"(anonymous_1)","decl":{"start":{"line":22,"column":2},"end":{"line":22,"column":3}},"loc":{"start":{"line":22,"column":11},"end":{"line":31,"column":3}},"line":22},"2":{"name":"(anonymous_2)","decl":{"start":{"line":34,"column":17},"end":{"line":34,"column":18}},"loc":{"start":{"line":34,"column":33},"end":{"line":40,"column":1}},"line":34}},"branchMap":{},"s":{"0":3,"1":45,"2":45,"3":45,"4":45,"5":45,"6":45,"7":45,"8":45,"9":3,"10":129,"11":129,"12":3},"f":{"0":45,"1":45,"2":129},"b":{},"_coverageSchema":"1a1c01bbd47fc00a2c39e90264f33305004495a9","hash":"57ff470a901d1bb52ad1d1451d75e10b89131621"}
,"/Users/nzabalza/Immersive/Sprints/FEC/reviews/client/src/Components/General/solidReviewStars.jsx": {"path":"/Users/nzabalza/Immersive/Sprints/FEC/reviews/client/src/Components/General/solidReviewStars.jsx","statementMap":{"0":{"start":{"line":7,"column":22},"end":{"line":7,"column":32}},"1":{"start":{"line":8,"column":25},"end":{"line":8,"column":27}},"2":{"start":{"line":10,"column":28},"end":{"line":10,"column":29}},"3":{"start":{"line":11,"column":29},"end":{"line":11,"column":34}},"4":{"start":{"line":13,"column":4},"end":{"line":24,"column":5}},"5":{"start":{"line":14,"column":6},"end":{"line":21,"column":8}},"6":{"start":{"line":22,"column":6},"end":{"line":22,"column":26}},"7":{"start":{"line":23,"column":6},"end":{"line":23,"column":27}},"8":{"start":{"line":26,"column":4},"end":{"line":37,"column":5}},"9":{"start":{"line":27,"column":6},"end":{"line":35,"column":8}},"10":{"start":{"line":36,"column":6},"end":{"line":36,"column":26}},"11":{"start":{"line":39,"column":4},"end":{"line":43,"column":6}}},"fnMap":{"0":{"name":"(anonymous_0)","decl":{"start":{"line":6,"column":2},"end":{"line":6,"column":3}},"loc":{"start":{"line":6,"column":11},"end":{"line":44,"column":3}},"line":6}},"branchMap":{},"s":{"0":225,"1":225,"2":225,"3":225,"4":225,"5":758,"6":758,"7":758,"8":225,"9":367,"10":367,"11":225},"f":{"0":225},"b":{},"_coverageSchema":"1a1c01bbd47fc00a2c39e90264f33305004495a9","hash":"af476e130a2ee0b6158821e7a7966bec641177c2"}
,"/Users/nzabalza/Immersive/Sprints/FEC/reviews/client/src/Components/ReviewBody/averageCustomerRatings.jsx": {"path":"/Users/nzabalza/Immersive/Sprints/FEC/reviews/client/src/Components/ReviewBody/averageCustomerRatings.jsx","statementMap":{"0":{"start":{"line":5,"column":4},"end":{"line":5,"column":12}},"1":{"start":{"line":9,"column":4},"end":{"line":18,"column":6}}},"fnMap":{"0":{"name":"(anonymous_0)","decl":{"start":{"line":4,"column":2},"end":{"line":4,"column":3}},"loc":{"start":{"line":4,"column":21},"end":{"line":6,"column":3}},"line":4},"1":{"name":"(anonymous_1)","decl":{"start":{"line":8,"column":2},"end":{"line":8,"column":3}},"loc":{"start":{"line":8,"column":11},"end":{"line":19,"column":3}},"line":8}},"branchMap":{},"s":{"0":5,"1":5},"f":{"0":5,"1":5},"b":{},"_coverageSchema":"1a1c01bbd47fc00a2c39e90264f33305004495a9","hash":"19748a95b7c1380ceb2d92355a6c1a4f0d84dcb2"}
,"/Users/nzabalza/Immersive/Sprints/FEC/reviews/client/src/Components/ReviewBody/highlightedReviews.jsx": {"path":"/Users/nzabalza/Immersive/Sprints/FEC/reviews/client/src/Components/ReviewBody/highlightedReviews.jsx","statementMap":{"0":{"start":{"line":5,"column":4},"end":{"line":5,"column":12}},"1":{"start":{"line":9,"column":4},"end":{"line":38,"column":6}}},"fnMap":{"0":{"name":"(anonymous_0)","decl":{"start":{"line":4,"column":2},"end":{"line":4,"column":3}},"loc":{"start":{"line":4,"column":21},"end":{"line":6,"column":3}},"line":4},"1":{"name":"(anonymous_1)","decl":{"start":{"line":8,"column":2},"end":{"line":8,"column":3}},"loc":{"start":{"line":8,"column":11},"end":{"line":39,"column":3}},"line":8}},"branchMap":{},"s":{"0":5,"1":5},"f":{"0":5,"1":5},"b":{},"_coverageSchema":"1a1c01bbd47fc00a2c39e90264f33305004495a9","hash":"8e7bc978c425fd3cee56901b3153f4511b2ea70e"}
,"/Users/nzabalza/Immersive/Sprints/FEC/reviews/client/src/Components/ReviewBody/index.jsx": {"path":"/Users/nzabalza/Immersive/Sprints/FEC/reviews/client/src/Components/ReviewBody/index.jsx","statementMap":{"0":{"start":{"line":7,"column":4},"end":{"line":7,"column":12}},"1":{"start":{"line":11,"column":4},"end":{"line":21,"column":6}}},"fnMap":{"0":{"name":"(anonymous_0)","decl":{"start":{"line":6,"column":2},"end":{"line":6,"column":3}},"loc":{"start":{"line":6,"column":21},"end":{"line":8,"column":3}},"line":6},"1":{"name":"(anonymous_1)","decl":{"start":{"line":10,"column":2},"end":{"line":10,"column":3}},"loc":{"start":{"line":10,"column":11},"end":{"line":22,"column":3}},"line":10}},"branchMap":{},"s":{"0":5,"1":5},"f":{"0":5,"1":5},"b":{},"_coverageSchema":"1a1c01bbd47fc00a2c39e90264f33305004495a9","hash":"86bce8cd8f7aa4d1af852052c7c9b87eba18c5e2"}
,"/Users/nzabalza/Immersive/Sprints/FEC/reviews/client/src/Components/ReviewBody/starChart.jsx": {"path":"/Users/nzabalza/Immersive/Sprints/FEC/reviews/client/src/Components/ReviewBody/starChart.jsx","statementMap":{"0":{"start":{"line":5,"column":4},"end":{"line":5,"column":12}},"1":{"start":{"line":9,"column":4},"end":{"line":19,"column":6}}},"fnMap":{"0":{"name":"(anonymous_0)","decl":{"start":{"line":4,"column":2},"end":{"line":4,"column":3}},"loc":{"start":{"line":4,"column":21},"end":{"line":6,"column":3}},"line":4},"1":{"name":"(anonymous_1)","decl":{"start":{"line":8,"column":2},"end":{"line":8,"column":3}},"loc":{"start":{"line":8,"column":11},"end":{"line":20,"column":3}},"line":8}},"branchMap":{},"s":{"0":5,"1":5},"f":{"0":5,"1":5},"b":{},"_coverageSchema":"1a1c01bbd47fc00a2c39e90264f33305004495a9","hash":"9dcbdd4b6c01892226a050e5228ee295a3ca9185"}
,"/Users/nzabalza/Immersive/Sprints/FEC/reviews/client/src/Components/ReviewBody/starChartRow.jsx": {"path":"/Users/nzabalza/Immersive/Sprints/FEC/reviews/client/src/Components/ReviewBody/starChartRow.jsx","statementMap":{"0":{"start":{"line":3,"column":4},"end":{"line":3,"column":12}},"1":{"start":{"line":7,"column":4},"end":{"line":9,"column":6}}},"fnMap":{"0":{"name":"(anonymous_0)","decl":{"start":{"line":2,"column":2},"end":{"line":2,"column":3}},"loc":{"start":{"line":2,"column":21},"end":{"line":4,"column":3}},"line":2},"1":{"name":"(anonymous_1)","decl":{"start":{"line":6,"column":2},"end":{"line":6,"column":3}},"loc":{"start":{"line":6,"column":11},"end":{"line":10,"column":3}},"line":6}},"branchMap":{},"s":{"0":25,"1":25},"f":{"0":25,"1":25},"b":{},"_coverageSchema":"1a1c01bbd47fc00a2c39e90264f33305004495a9","hash":"daa4b40e19e1820e8f29cade71a525a7d67c8ac0"}
,"/Users/nzabalza/Immersive/Sprints/FEC/reviews/client/src/Components/ReviewHeader/index.jsx": {"path":"/Users/nzabalza/Immersive/Sprints/FEC/reviews/client/src/Components/ReviewHeader/index.jsx","statementMap":{"0":{"start":{"line":15,"column":20},"end":{"line":15,"column":30}},"1":{"start":{"line":24,"column":22},"end":{"line":24,"column":24}},"2":{"start":{"line":25,"column":4},"end":{"line":25,"column":44}},"3":{"start":{"line":26,"column":4},"end":{"line":26,"column":39}},"4":{"start":{"line":27,"column":4},"end":{"line":27,"column":40}},"5":{"start":{"line":28,"column":4},"end":{"line":28,"column":35}},"6":{"start":{"line":30,"column":4},"end":{"line":30,"column":21}},"7":{"start":{"line":34,"column":19},"end":{"line":34,"column":27}},"8":{"start":{"line":35,"column":4},"end":{"line":35,"column":56}},"9":{"start":{"line":39,"column":19},"end":{"line":39,"column":27}},"10":{"start":{"line":40,"column":4},"end":{"line":40,"column":56}},"11":{"start":{"line":44,"column":19},"end":{"line":44,"column":27}},"12":{"start":{"line":45,"column":4},"end":{"line":45,"column":118}},"13":{"start":{"line":49,"column":19},"end":{"line":49,"column":27}},"14":{"start":{"line":50,"column":4},"end":{"line":50,"column":113}},"15":{"start":{"line":54,"column":4},"end":{"line":54,"column":23}},"16":{"start":{"line":56,"column":4},"end":{"line":58,"column":7}},"17":{"start":{"line":62,"column":4},"end":{"line":62,"column":23}},"18":{"start":{"line":64,"column":4},"end":{"line":64,"column":93}},"19":{"start":{"line":68,"column":47},"end":{"line":68,"column":57}},"20":{"start":{"line":69,"column":4},"end":{"line":146,"column":6}},"21":{"start":{"line":150,"column":17},"end":{"line":157,"column":1}},"22":{"start":{"line":151,"column":45},"end":{"line":151,"column":50}},"23":{"start":{"line":153,"column":2},"end":{"line":156,"column":4}},"24":{"start":{"line":159,"column":28},"end":{"line":159,"column":59}}},"fnMap":{"0":{"name":"(anonymous_0)","decl":{"start":{"line":23,"column":2},"end":{"line":23,"column":3}},"loc":{"start":{"line":23,"column":54},"end":{"line":31,"column":3}},"line":23},"1":{"name":"(anonymous_1)","decl":{"start":{"line":33,"column":2},"end":{"line":33,"column":3}},"loc":{"start":{"line":33,"column":28},"end":{"line":36,"column":3}},"line":33},"2":{"name":"(anonymous_2)","decl":{"start":{"line":38,"column":2},"end":{"line":38,"column":3}},"loc":{"start":{"line":38,"column":27},"end":{"line":41,"column":3}},"line":38},"3":{"name":"(anonymous_3)","decl":{"start":{"line":43,"column":2},"end":{"line":43,"column":3}},"loc":{"start":{"line":43,"column":28},"end":{"line":46,"column":3}},"line":43},"4":{"name":"(anonymous_4)","decl":{"start":{"line":48,"column":2},"end":{"line":48,"column":3}},"loc":{"start":{"line":48,"column":27},"end":{"line":51,"column":3}},"line":48},"5":{"name":"(anonymous_5)","decl":{"start":{"line":53,"column":2},"end":{"line":53,"column":3}},"loc":{"start":{"line":53,"column":25},"end":{"line":59,"column":3}},"line":53},"6":{"name":"(anonymous_6)","decl":{"start":{"line":61,"column":2},"end":{"line":61,"column":3}},"loc":{"start":{"line":61,"column":27},"end":{"line":65,"column":3}},"line":61},"7":{"name":"(anonymous_7)","decl":{"start":{"line":67,"column":2},"end":{"line":67,"column":3}},"loc":{"start":{"line":67,"column":11},"end":{"line":147,"column":3}},"line":67},"8":{"name":"(anonymous_8)","decl":{"start":{"line":150,"column":17},"end":{"line":150,"column":18}},"loc":{"start":{"line":150,"column":33},"end":{"line":157,"column":1}},"line":150}},"branchMap":{},"s":{"0":2,"1":40,"2":40,"3":40,"4":40,"5":40,"6":40,"7":8,"8":8,"9":4,"10":4,"11":2,"12":2,"13":1,"14":1,"15":0,"16":0,"17":0,"18":0,"19":40,"20":40,"21":2,"22":74,"23":74,"24":2},"f":{"0":40,"1":8,"2":4,"3":2,"4":1,"5":0,"6":0,"7":40,"8":74},"b":{},"_coverageSchema":"1a1c01bbd47fc00a2c39e90264f33305004495a9","hash":"f0d06c8cc69d4ef81041d696a9fc4e2ab5d5cd50"}
,"/Users/nzabalza/Immersive/Sprints/FEC/reviews/client/src/Components/Reviews/activeFilters.jsx": {"path":"/Users/nzabalza/Immersive/Sprints/FEC/reviews/client/src/Components/Reviews/activeFilters.jsx","statementMap":{"0":{"start":{"line":3,"column":20},"end":{"line":3,"column":30}},"1":{"start":{"line":14,"column":37},"end":{"line":14,"column":47}},"2":{"start":{"line":16,"column":4},"end":{"line":16,"column":42}},"3":{"start":{"line":20,"column":37},"end":{"line":20,"column":47}},"4":{"start":{"line":22,"column":4},"end":{"line":22,"column":53}},"5":{"start":{"line":26,"column":23},"end":{"line":26,"column":33}},"6":{"start":{"line":27,"column":35},"end":{"line":27,"column":37}},"7":{"start":{"line":29,"column":4},"end":{"line":34,"column":5}},"8":{"start":{"line":29,"column":17},"end":{"line":29,"column":18}},"9":{"start":{"line":30,"column":22},"end":{"line":30,"column":34}},"10":{"start":{"line":31,"column":6},"end":{"line":33,"column":7}},"11":{"start":{"line":32,"column":8},"end":{"line":32,"column":45}},"12":{"start":{"line":36,"column":26},"end":{"line":36,"column":28}},"13":{"start":{"line":38,"column":4},"end":{"line":140,"column":5}},"14":{"start":{"line":39,"column":6},"end":{"line":87,"column":9}},"15":{"start":{"line":40,"column":8},"end":{"line":86,"column":10}},"16":{"start":{"line":89,"column":6},"end":{"line":137,"column":8}},"17":{"start":{"line":139,"column":6},"end":{"line":139,"column":21}},"18":{"start":{"line":142,"column":4},"end":{"line":173,"column":6}},"19":{"start":{"line":177,"column":17},"end":{"line":182,"column":1}},"20":{"start":{"line":178,"column":21},"end":{"line":178,"column":26}},"21":{"start":{"line":179,"column":2},"end":{"line":181,"column":4}},"22":{"start":{"line":184,"column":20},"end":{"line":188,"column":1}},"23":{"start":{"line":185,"column":2},"end":{"line":187,"column":4}},"24":{"start":{"line":186,"column":47},"end":{"line":186,"column":85}},"25":{"start":{"line":190,"column":29},"end":{"line":190,"column":74}}},"fnMap":{"0":{"name":"(anonymous_0)","decl":{"start":{"line":13,"column":2},"end":{"line":13,"column":3}},"loc":{"start":{"line":13,"column":33},"end":{"line":17,"column":3}},"line":13},"1":{"name":"(anonymous_1)","decl":{"start":{"line":19,"column":2},"end":{"line":19,"column":3}},"loc":{"start":{"line":19,"column":28},"end":{"line":23,"column":3}},"line":19},"2":{"name":"(anonymous_2)","decl":{"start":{"line":25,"column":2},"end":{"line":25,"column":3}},"loc":{"start":{"line":25,"column":11},"end":{"line":174,"column":3}},"line":25},"3":{"name":"(anonymous_3)","decl":{"start":{"line":39,"column":37},"end":{"line":39,"column":38}},"loc":{"start":{"line":39,"column":55},"end":{"line":87,"column":7}},"line":39},"4":{"name":"(anonymous_4)","decl":{"start":{"line":177,"column":17},"end":{"line":177,"column":18}},"loc":{"start":{"line":177,"column":33},"end":{"line":182,"column":1}},"line":177},"5":{"name":"(anonymous_5)","decl":{"start":{"line":184,"column":20},"end":{"line":184,"column":21}},"loc":{"start":{"line":184,"column":39},"end":{"line":188,"column":1}},"line":184},"6":{"name":"(anonymous_6)","decl":{"start":{"line":186,"column":26},"end":{"line":186,"column":27}},"loc":{"start":{"line":186,"column":45},"end":{"line":186,"column":87}},"line":186}},"branchMap":{"0":{"loc":{"start":{"line":31,"column":6},"end":{"line":33,"column":7}},"type":"if","locations":[{"start":{"line":31,"column":6},"end":{"line":33,"column":7}},{"start":{"line":31,"column":6},"end":{"line":33,"column":7}}],"line":31},"1":{"loc":{"start":{"line":38,"column":4},"end":{"line":140,"column":5}},"type":"if","locations":[{"start":{"line":38,"column":4},"end":{"line":140,"column":5}},{"start":{"line":38,"column":4},"end":{"line":140,"column":5}}],"line":38},"2":{"loc":{"start":{"line":47,"column":21},"end":{"line":47,"column":59}},"type":"cond-expr","locations":[{"start":{"line":47,"column":44},"end":{"line":47,"column":50}},{"start":{"line":47,"column":53},"end":{"line":47,"column":59}}],"line":47},"3":{"loc":{"start":{"line":60,"column":37},"end":{"line":60,"column":68}},"type":"cond-expr","locations":[{"start":{"line":60,"column":60},"end":{"line":60,"column":62}},{"start":{"line":60,"column":65},"end":{"line":60,"column":68}}],"line":60}},"s":{"0":3,"1":0,"2":0,"3":1,"4":1,"5":44,"6":44,"7":44,"8":44,"9":220,"10":220,"11":10,"12":44,"13":44,"14":8,"15":10,"16":8,"17":36,"18":8,"19":3,"20":341,"21":341,"22":3,"23":31,"24":1,"25":3},"f":{"0":0,"1":1,"2":44,"3":10,"4":341,"5":31,"6":1},"b":{"0":[10,210],"1":[8,36],"2":[1,9],"3":[1,9]},"_coverageSchema":"1a1c01bbd47fc00a2c39e90264f33305004495a9","hash":"bb9cd6d99c1c04469ef6341353060cdc261d7cac"}
,"/Users/nzabalza/Immersive/Sprints/FEC/reviews/client/src/Components/Reviews/calculateFilteredReviews.jsx": {"path":"/Users/nzabalza/Immersive/Sprints/FEC/reviews/client/src/Components/Reviews/calculateFilteredReviews.jsx","statementMap":{"0":{"start":{"line":4,"column":20},"end":{"line":4,"column":30}},"1":{"start":{"line":8,"column":4},"end":{"line":10,"column":5}},"2":{"start":{"line":9,"column":6},"end":{"line":9,"column":24}},"3":{"start":{"line":12,"column":28},"end":{"line":12,"column":30}},"4":{"start":{"line":14,"column":4},"end":{"line":18,"column":7}},"5":{"start":{"line":15,"column":6},"end":{"line":17,"column":7}},"6":{"start":{"line":16,"column":8},"end":{"line":16,"column":37}},"7":{"start":{"line":20,"column":4},"end":{"line":20,"column":27}},"8":{"start":{"line":39,"column":25},"end":{"line":45,"column":5}},"9":{"start":{"line":47,"column":26},"end":{"line":47,"column":28}},"10":{"start":{"line":48,"column":26},"end":{"line":48,"column":29}},"11":{"start":{"line":49,"column":32},"end":{"line":49,"column":35}},"12":{"start":{"line":50,"column":32},"end":{"line":50,"column":35}},"13":{"start":{"line":51,"column":32},"end":{"line":51,"column":36}},"14":{"start":{"line":52,"column":26},"end":{"line":52,"column":30}},"15":{"start":{"line":54,"column":25},"end":{"line":60,"column":5}},"16":{"start":{"line":62,"column":31},"end":{"line":68,"column":5}},"17":{"start":{"line":70,"column":4},"end":{"line":118,"column":7}},"18":{"start":{"line":71,"column":24},"end":{"line":71,"column":30}},"19":{"start":{"line":73,"column":6},"end":{"line":117,"column":7}},"20":{"start":{"line":74,"column":32},"end":{"line":74,"column":38}},"21":{"start":{"line":78,"column":8},"end":{"line":93,"column":9}},"22":{"start":{"line":79,"column":10},"end":{"line":79,"column":23}},"23":{"start":{"line":80,"column":10},"end":{"line":80,"column":29}},"24":{"start":{"line":81,"column":15},"end":{"line":93,"column":9}},"25":{"start":{"line":82,"column":10},"end":{"line":82,"column":23}},"26":{"start":{"line":83,"column":10},"end":{"line":83,"column":36}},"27":{"start":{"line":84,"column":15},"end":{"line":93,"column":9}},"28":{"start":{"line":85,"column":10},"end":{"line":85,"column":23}},"29":{"start":{"line":86,"column":10},"end":{"line":86,"column":25}},"30":{"start":{"line":87,"column":15},"end":{"line":93,"column":9}},"31":{"start":{"line":88,"column":10},"end":{"line":88,"column":23}},"32":{"start":{"line":89,"column":10},"end":{"line":89,"column":36}},"33":{"start":{"line":91,"column":10},"end":{"line":91,"column":23}},"34":{"start":{"line":92,"column":10},"end":{"line":92,"column":32}},"35":{"start":{"line":95,"column":32},"end":{"line":95,"column":70}},"36":{"start":{"line":97,"column":8},"end":{"line":116,"column":9}},"37":{"start":{"line":98,"column":10},"end":{"line":98,"column":53}},"38":{"start":{"line":100,"column":39},"end":{"line":100,"column":65}},"39":{"start":{"line":102,"column":10},"end":{"line":111,"column":11}},"40":{"start":{"line":102,"column":23},"end":{"line":102,"column":24}},"41":{"start":{"line":103,"column":12},"end":{"line":110,"column":13}},"42":{"start":{"line":104,"column":14},"end":{"line":107,"column":15}},"43":{"start":{"line":105,"column":16},"end":{"line":105,"column":38}},"44":{"start":{"line":106,"column":16},"end":{"line":106,"column":22}},"45":{"start":{"line":109,"column":14},"end":{"line":109,"column":36}},"46":{"start":{"line":113,"column":10},"end":{"line":113,"column":72}},"47":{"start":{"line":115,"column":10},"end":{"line":115,"column":51}},"48":{"start":{"line":120,"column":4},"end":{"line":126,"column":5}},"49":{"start":{"line":120,"column":17},"end":{"line":120,"column":18}},"50":{"start":{"line":121,"column":35},"end":{"line":121,"column":56}},"51":{"start":{"line":122,"column":6},"end":{"line":125,"column":7}},"52":{"start":{"line":122,"column":19},"end":{"line":122,"column":50}},"53":{"start":{"line":123,"column":32},"end":{"line":123,"column":78}},"54":{"start":{"line":124,"column":8},"end":{"line":124,"column":80}},"55":{"start":{"line":128,"column":4},"end":{"line":128,"column":27}},"56":{"start":{"line":194,"column":26},"end":{"line":194,"column":28}},"57":{"start":{"line":195,"column":25},"end":{"line":201,"column":5}},"58":{"start":{"line":203,"column":4},"end":{"line":209,"column":7}},"59":{"start":{"line":204,"column":24},"end":{"line":204,"column":30}},"60":{"start":{"line":206,"column":6},"end":{"line":208,"column":7}},"61":{"start":{"line":207,"column":8},"end":{"line":207,"column":41}},"62":{"start":{"line":211,"column":4},"end":{"line":215,"column":5}},"63":{"start":{"line":212,"column":6},"end":{"line":214,"column":7}},"64":{"start":{"line":212,"column":19},"end":{"line":212,"column":20}},"65":{"start":{"line":213,"column":8},"end":{"line":213,"column":66}},"66":{"start":{"line":217,"column":4},"end":{"line":221,"column":5}},"67":{"start":{"line":218,"column":6},"end":{"line":220,"column":7}},"68":{"start":{"line":218,"column":19},"end":{"line":218,"column":20}},"69":{"start":{"line":219,"column":8},"end":{"line":219,"column":66}},"70":{"start":{"line":223,"column":4},"end":{"line":223,"column":27}},"71":{"start":{"line":232,"column":8},"end":{"line":232,"column":18}},"72":{"start":{"line":234,"column":24},"end":{"line":234,"column":26}},"73":{"start":{"line":236,"column":4},"end":{"line":240,"column":5}},"74":{"start":{"line":236,"column":17},"end":{"line":236,"column":18}},"75":{"start":{"line":237,"column":6},"end":{"line":239,"column":7}},"76":{"start":{"line":238,"column":8},"end":{"line":238,"column":30}},"77":{"start":{"line":242,"column":4},"end":{"line":244,"column":5}},"78":{"start":{"line":243,"column":6},"end":{"line":243,"column":38}},"79":{"start":{"line":248,"column":4},"end":{"line":250,"column":5}},"80":{"start":{"line":249,"column":6},"end":{"line":249,"column":82}},"81":{"start":{"line":252,"column":4},"end":{"line":254,"column":5}},"82":{"start":{"line":253,"column":6},"end":{"line":253,"column":83}},"83":{"start":{"line":256,"column":4},"end":{"line":258,"column":5}},"84":{"start":{"line":257,"column":6},"end":{"line":257,"column":90}},"85":{"start":{"line":260,"column":4},"end":{"line":262,"column":5}},"86":{"start":{"line":261,"column":6},"end":{"line":261,"column":90}},"87":{"start":{"line":264,"column":4},"end":{"line":270,"column":5}},"88":{"start":{"line":265,"column":6},"end":{"line":265,"column":50}},"89":{"start":{"line":266,"column":11},"end":{"line":270,"column":5}},"90":{"start":{"line":267,"column":6},"end":{"line":267,"column":74}},"91":{"start":{"line":269,"column":6},"end":{"line":269,"column":49}},"92":{"start":{"line":272,"column":4},"end":{"line":272,"column":51}},"93":{"start":{"line":274,"column":2},"end":{"line":274,"column":100}},"94":{"start":{"line":278,"column":17},"end":{"line":285,"column":1}},"95":{"start":{"line":279,"column":33},"end":{"line":279,"column":38}},"96":{"start":{"line":281,"column":2},"end":{"line":284,"column":4}},"97":{"start":{"line":287,"column":20},"end":{"line":292,"column":1}},"98":{"start":{"line":288,"column":2},"end":{"line":291,"column":4}},"99":{"start":{"line":289,"column":58},"end":{"line":289,"column":107}},"100":{"start":{"line":290,"column":52},"end":{"line":290,"column":95}},"101":{"start":{"line":294,"column":40},"end":{"line":294,"column":96}}},"fnMap":{"0":{"name":"(anonymous_0)","decl":{"start":{"line":7,"column":2},"end":{"line":7,"column":3}},"loc":{"start":{"line":7,"column":55},"end":{"line":21,"column":3}},"line":7},"1":{"name":"(anonymous_1)","decl":{"start":{"line":14,"column":23},"end":{"line":14,"column":24}},"loc":{"start":{"line":14,"column":35},"end":{"line":18,"column":5}},"line":14},"2":{"name":"(anonymous_2)","decl":{"start":{"line":38,"column":2},"end":{"line":38,"column":3}},"loc":{"start":{"line":38,"column":56},"end":{"line":129,"column":3}},"line":38},"3":{"name":"(anonymous_3)","decl":{"start":{"line":70,"column":23},"end":{"line":70,"column":24}},"loc":{"start":{"line":70,"column":35},"end":{"line":118,"column":5}},"line":70},"4":{"name":"(anonymous_4)","decl":{"start":{"line":193,"column":2},"end":{"line":193,"column":3}},"loc":{"start":{"line":193,"column":58},"end":{"line":224,"column":3}},"line":193},"5":{"name":"(anonymous_5)","decl":{"start":{"line":203,"column":23},"end":{"line":203,"column":24}},"loc":{"start":{"line":203,"column":35},"end":{"line":209,"column":5}},"line":203},"6":{"name":"(anonymous_6)","decl":{"start":{"line":226,"column":2},"end":{"line":226,"column":3}},"loc":{"start":{"line":226,"column":11},"end":{"line":275,"column":3}},"line":226},"7":{"name":"(anonymous_7)","decl":{"start":{"line":278,"column":17},"end":{"line":278,"column":18}},"loc":{"start":{"line":278,"column":33},"end":{"line":285,"column":1}},"line":278},"8":{"name":"(anonymous_8)","decl":{"start":{"line":287,"column":20},"end":{"line":287,"column":21}},"loc":{"start":{"line":287,"column":39},"end":{"line":292,"column":1}},"line":287},"9":{"name":"(anonymous_9)","decl":{"start":{"line":289,"column":35},"end":{"line":289,"column":36}},"loc":{"start":{"line":289,"column":56},"end":{"line":289,"column":109}},"line":289},"10":{"name":"(anonymous_10)","decl":{"start":{"line":290,"column":31},"end":{"line":290,"column":32}},"loc":{"start":{"line":290,"column":50},"end":{"line":290,"column":97}},"line":290}},"branchMap":{"0":{"loc":{"start":{"line":8,"column":4},"end":{"line":10,"column":5}},"type":"if","locations":[{"start":{"line":8,"column":4},"end":{"line":10,"column":5}},{"start":{"line":8,"column":4},"end":{"line":10,"column":5}}],"line":8},"1":{"loc":{"start":{"line":15,"column":6},"end":{"line":17,"column":7}},"type":"if","locations":[{"start":{"line":15,"column":6},"end":{"line":17,"column":7}},{"start":{"line":15,"column":6},"end":{"line":17,"column":7}}],"line":15},"2":{"loc":{"start":{"line":73,"column":6},"end":{"line":117,"column":7}},"type":"if","locations":[{"start":{"line":73,"column":6},"end":{"line":117,"column":7}},{"start":{"line":73,"column":6},"end":{"line":117,"column":7}}],"line":73},"3":{"loc":{"start":{"line":78,"column":8},"end":{"line":93,"column":9}},"type":"if","locations":[{"start":{"line":78,"column":8},"end":{"line":93,"column":9}},{"start":{"line":78,"column":8},"end":{"line":93,"column":9}}],"line":78},"4":{"loc":{"start":{"line":78,"column":12},"end":{"line":78,"column":35}},"type":"binary-expr","locations":[{"start":{"line":78,"column":12},"end":{"line":78,"column":22}},{"start":{"line":78,"column":26},"end":{"line":78,"column":35}}],"line":78},"5":{"loc":{"start":{"line":81,"column":15},"end":{"line":93,"column":9}},"type":"if","locations":[{"start":{"line":81,"column":15},"end":{"line":93,"column":9}},{"start":{"line":81,"column":15},"end":{"line":93,"column":9}}],"line":81},"6":{"loc":{"start":{"line":81,"column":19},"end":{"line":81,"column":56}},"type":"binary-expr","locations":[{"start":{"line":81,"column":19},"end":{"line":81,"column":28}},{"start":{"line":81,"column":32},"end":{"line":81,"column":40}},{"start":{"line":81,"column":44},"end":{"line":81,"column":56}}],"line":81},"7":{"loc":{"start":{"line":84,"column":15},"end":{"line":93,"column":9}},"type":"if","locations":[{"start":{"line":84,"column":15},"end":{"line":93,"column":9}},{"start":{"line":84,"column":15},"end":{"line":93,"column":9}}],"line":84},"8":{"loc":{"start":{"line":87,"column":15},"end":{"line":93,"column":9}},"type":"if","locations":[{"start":{"line":87,"column":15},"end":{"line":93,"column":9}},{"start":{"line":87,"column":15},"end":{"line":93,"column":9}}],"line":87},"9":{"loc":{"start":{"line":87,"column":19},"end":{"line":87,"column":56}},"type":"binary-expr","locations":[{"start":{"line":87,"column":19},"end":{"line":87,"column":28}},{"start":{"line":87,"column":32},"end":{"line":87,"column":40}},{"start":{"line":87,"column":44},"end":{"line":87,"column":56}}],"line":87},"10":{"loc":{"start":{"line":97,"column":8},"end":{"line":116,"column":9}},"type":"if","locations":[{"start":{"line":97,"column":8},"end":{"line":116,"column":9}},{"start":{"line":97,"column":8},"end":{"line":116,"column":9}}],"line":97},"11":{"loc":{"start":{"line":103,"column":12},"end":{"line":110,"column":13}},"type":"if","locations":[{"start":{"line":103,"column":12},"end":{"line":110,"column":13}},{"start":{"line":103,"column":12},"end":{"line":110,"column":13}}],"line":103},"12":{"loc":{"start":{"line":104,"column":14},"end":{"line":107,"column":15}},"type":"if","locations":[{"start":{"line":104,"column":14},"end":{"line":107,"column":15}},{"start":{"line":104,"column":14},"end":{"line":107,"column":15}}],"line":104},"13":{"loc":{"start":{"line":206,"column":6},"end":{"line":208,"column":7}},"type":"if","locations":[{"start":{"line":206,"column":6},"end":{"line":208,"column":7}},{"start":{"line":206,"column":6},"end":{"line":208,"column":7}}],"line":206},"14":{"loc":{"start":{"line":211,"column":4},"end":{"line":215,"column":5}},"type":"if","locations":[{"start":{"line":211,"column":4},"end":{"line":215,"column":5}},{"start":{"line":211,"column":4},"end":{"line":215,"column":5}}],"line":211},"15":{"loc":{"start":{"line":217,"column":4},"end":{"line":221,"column":5}},"type":"if","locations":[{"start":{"line":217,"column":4},"end":{"line":221,"column":5}},{"start":{"line":217,"column":4},"end":{"line":221,"column":5}}],"line":217},"16":{"loc":{"start":{"line":237,"column":6},"end":{"line":239,"column":7}},"type":"if","locations":[{"start":{"line":237,"column":6},"end":{"line":239,"column":7}},{"start":{"line":237,"column":6},"end":{"line":239,"column":7}}],"line":237},"17":{"loc":{"start":{"line":242,"column":4},"end":{"line":244,"column":5}},"type":"if","locations":[{"start":{"line":242,"column":4},"end":{"line":244,"column":5}},{"start":{"line":242,"column":4},"end":{"line":244,"column":5}}],"line":242},"18":{"loc":{"start":{"line":248,"column":4},"end":{"line":250,"column":5}},"type":"if","locations":[{"start":{"line":248,"column":4},"end":{"line":250,"column":5}},{"start":{"line":248,"column":4},"end":{"line":250,"column":5}}],"line":248},"19":{"loc":{"start":{"line":252,"column":4},"end":{"line":254,"column":5}},"type":"if","locations":[{"start":{"line":252,"column":4},"end":{"line":254,"column":5}},{"start":{"line":252,"column":4},"end":{"line":254,"column":5}}],"line":252},"20":{"loc":{"start":{"line":256,"column":4},"end":{"line":258,"column":5}},"type":"if","locations":[{"start":{"line":256,"column":4},"end":{"line":258,"column":5}},{"start":{"line":256,"column":4},"end":{"line":258,"column":5}}],"line":256},"21":{"loc":{"start":{"line":260,"column":4},"end":{"line":262,"column":5}},"type":"if","locations":[{"start":{"line":260,"column":4},"end":{"line":262,"column":5}},{"start":{"line":260,"column":4},"end":{"line":262,"column":5}}],"line":260},"22":{"loc":{"start":{"line":264,"column":4},"end":{"line":270,"column":5}},"type":"if","locations":[{"start":{"line":264,"column":4},"end":{"line":270,"column":5}},{"start":{"line":264,"column":4},"end":{"line":270,"column":5}}],"line":264},"23":{"loc":{"start":{"line":266,"column":11},"end":{"line":270,"column":5}},"type":"if","locations":[{"start":{"line":266,"column":11},"end":{"line":270,"column":5}},{"start":{"line":266,"column":11},"end":{"line":270,"column":5}}],"line":266}},"s":{"0":3,"1":63,"2":55,"3":8,"4":8,"5":19,"6":3,"7":8,"8":0,"9":0,"10":0,"11":0,"12":0,"13":0,"14":0,"15":0,"16":0,"17":0,"18":0,"19":0,"20":0,"21":0,"22":0,"23":0,"24":0,"25":0,"26":0,"27":0,"28":0,"29":0,"30":0,"31":0,"32":0,"33":0,"34":0,"35":0,"36":0,"37":0,"38":0,"39":0,"40":0,"41":0,"42":0,"43":0,"44":0,"45":0,"46":0,"47":0,"48":0,"49":0,"50":0,"51":0,"52":0,"53":0,"54":0,"55":0,"56":2,"57":2,"58":2,"59":19,"60":19,"61":19,"62":2,"63":2,"64":2,"65":10,"66":2,"67":0,"68":0,"69":0,"70":2,"71":65,"72":65,"73":65,"74":65,"75":325,"76":10,"77":65,"78":57,"79":65,"80":63,"81":65,"82":0,"83":65,"84":2,"85":65,"86":0,"87":65,"88":50,"89":15,"90":1,"91":14,"92":65,"93":65,"94":3,"95":406,"96":406,"97":3,"98":31,"99":65,"100":65,"101":3},"f":{"0":63,"1":19,"2":0,"3":0,"4":2,"5":19,"6":65,"7":406,"8":31,"9":65,"10":65},"b":{"0":[55,8],"1":[3,16],"2":[0,0],"3":[0,0],"4":[0,0],"5":[0,0],"6":[0,0,0],"7":[0,0],"8":[0,0],"9":[0,0,0],"10":[0,0],"11":[0,0],"12":[0,0],"13":[19,0],"14":[2,0],"15":[0,2],"16":[10,315],"17":[57,8],"18":[63,2],"19":[0,65],"20":[2,63],"21":[0,65],"22":[50,15],"23":[1,14]},"_coverageSchema":"1a1c01bbd47fc00a2c39e90264f33305004495a9","hash":"1db67960bb189543f97ca823f2c785f88991952c"}
,"/Users/nzabalza/Immersive/Sprints/FEC/reviews/client/src/Components/Reviews/filter.jsx": {"path":"/Users/nzabalza/Immersive/Sprints/FEC/reviews/client/src/Components/Reviews/filter.jsx","statementMap":{"0":{"start":{"line":8,"column":20},"end":{"line":8,"column":30}},"1":{"start":{"line":10,"column":0},"end":{"line":12,"column":3}},"2":{"start":{"line":11,"column":2},"end":{"line":11,"column":77}},"3":{"start":{"line":21,"column":94},"end":{"line":21,"column":104}},"4":{"start":{"line":23,"column":4},"end":{"line":25,"column":5}},"5":{"start":{"line":24,"column":6},"end":{"line":24,"column":53}},"6":{"start":{"line":29,"column":94},"end":{"line":29,"column":104}},"7":{"start":{"line":31,"column":4},"end":{"line":31,"column":86}},"8":{"start":{"line":32,"column":4},"end":{"line":32,"column":61}},"9":{"start":{"line":34,"column":4},"end":{"line":36,"column":5}},"10":{"start":{"line":35,"column":6},"end":{"line":35,"column":82}},"11":{"start":{"line":45,"column":8},"end":{"line":45,"column":18}},"12":{"start":{"line":47,"column":4},"end":{"line":50,"column":5}},"13":{"start":{"line":48,"column":6},"end":{"line":48,"column":54}},"14":{"start":{"line":49,"column":6},"end":{"line":49,"column":63}},"15":{"start":{"line":54,"column":66},"end":{"line":54,"column":76}},"16":{"start":{"line":56,"column":4},"end":{"line":56,"column":60}},"17":{"start":{"line":58,"column":4},"end":{"line":58,"column":80}},"18":{"start":{"line":62,"column":85},"end":{"line":62,"column":95}},"19":{"start":{"line":64,"column":4},"end":{"line":64,"column":74}},"20":{"start":{"line":68,"column":4},"end":{"line":70,"column":10}},"21":{"start":{"line":69,"column":6},"end":{"line":69,"column":88}},"22":{"start":{"line":74,"column":65},"end":{"line":74,"column":75}},"23":{"start":{"line":76,"column":4},"end":{"line":76,"column":54}},"24":{"start":{"line":80,"column":19},"end":{"line":80,"column":73}},"25":{"start":{"line":82,"column":4},"end":{"line":82,"column":42}},"26":{"start":{"line":83,"column":4},"end":{"line":83,"column":65}},"27":{"start":{"line":84,"column":4},"end":{"line":84,"column":45}},"28":{"start":{"line":88,"column":19},"end":{"line":88,"column":73}},"29":{"start":{"line":90,"column":4},"end":{"line":90,"column":45}},"30":{"start":{"line":91,"column":4},"end":{"line":91,"column":36}},"31":{"start":{"line":92,"column":4},"end":{"line":92,"column":45}},"32":{"start":{"line":102,"column":8},"end":{"line":102,"column":18}},"33":{"start":{"line":105,"column":4},"end":{"line":107,"column":5}},"34":{"start":{"line":106,"column":6},"end":{"line":106,"column":21}},"35":{"start":{"line":111,"column":4},"end":{"line":113,"column":5}},"36":{"start":{"line":112,"column":6},"end":{"line":112,"column":61}},"37":{"start":{"line":115,"column":4},"end":{"line":117,"column":5}},"38":{"start":{"line":116,"column":6},"end":{"line":116,"column":62}},"39":{"start":{"line":119,"column":4},"end":{"line":121,"column":5}},"40":{"start":{"line":120,"column":6},"end":{"line":120,"column":74}},"41":{"start":{"line":123,"column":4},"end":{"line":125,"column":5}},"42":{"start":{"line":124,"column":6},"end":{"line":124,"column":74}},"43":{"start":{"line":127,"column":28},"end":{"line":127,"column":30}},"44":{"start":{"line":129,"column":4},"end":{"line":131,"column":5}},"45":{"start":{"line":130,"column":6},"end":{"line":130,"column":109}},"46":{"start":{"line":133,"column":25},"end":{"line":133,"column":27}},"47":{"start":{"line":135,"column":4},"end":{"line":137,"column":5}},"48":{"start":{"line":136,"column":6},"end":{"line":136,"column":43}},"49":{"start":{"line":139,"column":4},"end":{"line":219,"column":6}},"50":{"start":{"line":223,"column":17},"end":{"line":245,"column":1}},"51":{"start":{"line":233,"column":6},"end":{"line":233,"column":11}},"52":{"start":{"line":235,"column":2},"end":{"line":244,"column":4}},"53":{"start":{"line":247,"column":20},"end":{"line":254,"column":1}},"54":{"start":{"line":248,"column":2},"end":{"line":253,"column":4}},"55":{"start":{"line":249,"column":59},"end":{"line":249,"column":109}},"56":{"start":{"line":250,"column":68},"end":{"line":250,"column":127}},"57":{"start":{"line":251,"column":47},"end":{"line":251,"column":85}},"58":{"start":{"line":252,"column":49},"end":{"line":252,"column":89}},"59":{"start":{"line":256,"column":22},"end":{"line":256,"column":60}}},"fnMap":{"0":{"name":"(anonymous_0)","decl":{"start":{"line":10,"column":67},"end":{"line":10,"column":68}},"loc":{"start":{"line":10,"column":73},"end":{"line":12,"column":1}},"line":10},"1":{"name":"(anonymous_1)","decl":{"start":{"line":20,"column":2},"end":{"line":20,"column":3}},"loc":{"start":{"line":20,"column":47},"end":{"line":26,"column":3}},"line":20},"2":{"name":"(anonymous_2)","decl":{"start":{"line":28,"column":2},"end":{"line":28,"column":3}},"loc":{"start":{"line":28,"column":39},"end":{"line":37,"column":3}},"line":28},"3":{"name":"(anonymous_3)","decl":{"start":{"line":39,"column":2},"end":{"line":39,"column":3}},"loc":{"start":{"line":39,"column":47},"end":{"line":51,"column":3}},"line":39},"4":{"name":"(anonymous_4)","decl":{"start":{"line":53,"column":2},"end":{"line":53,"column":3}},"loc":{"start":{"line":53,"column":38},"end":{"line":59,"column":3}},"line":53},"5":{"name":"(anonymous_5)","decl":{"start":{"line":61,"column":2},"end":{"line":61,"column":3}},"loc":{"start":{"line":61,"column":39},"end":{"line":65,"column":3}},"line":61},"6":{"name":"(anonymous_6)","decl":{"start":{"line":67,"column":2},"end":{"line":67,"column":3}},"loc":{"start":{"line":67,"column":50},"end":{"line":71,"column":3}},"line":67},"7":{"name":"(anonymous_7)","decl":{"start":{"line":68,"column":15},"end":{"line":68,"column":16}},"loc":{"start":{"line":68,"column":21},"end":{"line":70,"column":5}},"line":68},"8":{"name":"(anonymous_8)","decl":{"start":{"line":73,"column":2},"end":{"line":73,"column":3}},"loc":{"start":{"line":73,"column":35},"end":{"line":77,"column":3}},"line":73},"9":{"name":"(anonymous_9)","decl":{"start":{"line":79,"column":2},"end":{"line":79,"column":3}},"loc":{"start":{"line":79,"column":39},"end":{"line":85,"column":3}},"line":79},"10":{"name":"(anonymous_10)","decl":{"start":{"line":87,"column":2},"end":{"line":87,"column":3}},"loc":{"start":{"line":87,"column":38},"end":{"line":93,"column":3}},"line":87},"11":{"name":"(anonymous_11)","decl":{"start":{"line":95,"column":2},"end":{"line":95,"column":3}},"loc":{"start":{"line":95,"column":11},"end":{"line":220,"column":3}},"line":95},"12":{"name":"(anonymous_12)","decl":{"start":{"line":223,"column":17},"end":{"line":223,"column":18}},"loc":{"start":{"line":223,"column":33},"end":{"line":245,"column":1}},"line":223},"13":{"name":"(anonymous_13)","decl":{"start":{"line":247,"column":20},"end":{"line":247,"column":21}},"loc":{"start":{"line":247,"column":39},"end":{"line":254,"column":1}},"line":247},"14":{"name":"(anonymous_14)","decl":{"start":{"line":249,"column":46},"end":{"line":249,"column":47}},"loc":{"start":{"line":249,"column":57},"end":{"line":249,"column":111}},"line":249},"15":{"name":"(anonymous_15)","decl":{"start":{"line":250,"column":55},"end":{"line":250,"column":56}},"loc":{"start":{"line":250,"column":66},"end":{"line":250,"column":129}},"line":250},"16":{"name":"(anonymous_16)","decl":{"start":{"line":251,"column":26},"end":{"line":251,"column":27}},"loc":{"start":{"line":251,"column":45},"end":{"line":251,"column":87}},"line":251},"17":{"name":"(anonymous_17)","decl":{"start":{"line":252,"column":36},"end":{"line":252,"column":37}},"loc":{"start":{"line":252,"column":47},"end":{"line":252,"column":91}},"line":252}},"branchMap":{"0":{"loc":{"start":{"line":23,"column":4},"end":{"line":25,"column":5}},"type":"if","locations":[{"start":{"line":23,"column":4},"end":{"line":25,"column":5}},{"start":{"line":23,"column":4},"end":{"line":25,"column":5}}],"line":23},"1":{"loc":{"start":{"line":34,"column":4},"end":{"line":36,"column":5}},"type":"if","locations":[{"start":{"line":34,"column":4},"end":{"line":36,"column":5}},{"start":{"line":34,"column":4},"end":{"line":36,"column":5}}],"line":34},"2":{"loc":{"start":{"line":47,"column":4},"end":{"line":50,"column":5}},"type":"if","locations":[{"start":{"line":47,"column":4},"end":{"line":50,"column":5}},{"start":{"line":47,"column":4},"end":{"line":50,"column":5}}],"line":47},"3":{"loc":{"start":{"line":47,"column":8},"end":{"line":47,"column":77}},"type":"binary-expr","locations":[{"start":{"line":47,"column":8},"end":{"line":47,"column":38}},{"start":{"line":47,"column":42},"end":{"line":47,"column":77}}],"line":47},"4":{"loc":{"start":{"line":105,"column":4},"end":{"line":107,"column":5}},"type":"if","locations":[{"start":{"line":105,"column":4},"end":{"line":107,"column":5}},{"start":{"line":105,"column":4},"end":{"line":107,"column":5}}],"line":105},"5":{"loc":{"start":{"line":111,"column":4},"end":{"line":113,"column":5}},"type":"if","locations":[{"start":{"line":111,"column":4},"end":{"line":113,"column":5}},{"start":{"line":111,"column":4},"end":{"line":113,"column":5}}],"line":111},"6":{"loc":{"start":{"line":115,"column":4},"end":{"line":117,"column":5}},"type":"if","locations":[{"start":{"line":115,"column":4},"end":{"line":117,"column":5}},{"start":{"line":115,"column":4},"end":{"line":117,"column":5}}],"line":115},"7":{"loc":{"start":{"line":119,"column":4},"end":{"line":121,"column":5}},"type":"if","locations":[{"start":{"line":119,"column":4},"end":{"line":121,"column":5}},{"start":{"line":119,"column":4},"end":{"line":121,"column":5}}],"line":119},"8":{"loc":{"start":{"line":123,"column":4},"end":{"line":125,"column":5}},"type":"if","locations":[{"start":{"line":123,"column":4},"end":{"line":125,"column":5}},{"start":{"line":123,"column":4},"end":{"line":125,"column":5}}],"line":123},"9":{"loc":{"start":{"line":129,"column":4},"end":{"line":131,"column":5}},"type":"if","locations":[{"start":{"line":129,"column":4},"end":{"line":131,"column":5}},{"start":{"line":129,"column":4},"end":{"line":131,"column":5}}],"line":129},"10":{"loc":{"start":{"line":135,"column":4},"end":{"line":137,"column":5}},"type":"if","locations":[{"start":{"line":135,"column":4},"end":{"line":137,"column":5}},{"start":{"line":135,"column":4},"end":{"line":137,"column":5}}],"line":135}},"s":{"0":3,"1":3,"2":0,"3":9,"4":9,"5":8,"6":9,"7":9,"8":9,"9":9,"10":9,"11":7,"12":7,"13":5,"14":5,"15":7,"16":7,"17":7,"18":0,"19":0,"20":0,"21":0,"22":1,"23":1,"24":0,"25":0,"26":0,"27":0,"28":0,"29":0,"30":0,"31":0,"32":313,"33":313,"34":0,"35":313,"36":309,"37":313,"38":0,"39":313,"40":4,"41":313,"42":0,"43":313,"44":313,"45":40,"46":313,"47":313,"48":2,"49":313,"50":3,"51":406,"52":406,"53":3,"54":31,"55":13,"56":21,"57":0,"58":1,"59":3},"f":{"0":0,"1":9,"2":9,"3":7,"4":7,"5":0,"6":0,"7":0,"8":1,"9":0,"10":0,"11":313,"12":406,"13":31,"14":13,"15":21,"16":0,"17":1},"b":{"0":[8,1],"1":[9,0],"2":[5,2],"3":[7,6],"4":[0,313],"5":[309,4],"6":[0,313],"7":[4,309],"8":[0,313],"9":[40,273],"10":[2,311]},"_coverageSchema":"1a1c01bbd47fc00a2c39e90264f33305004495a9","hash":"ce62195601b42df21b86165a0f9fb2bffe9b2942"}
,"/Users/nzabalza/Immersive/Sprints/FEC/reviews/client/src/Components/Reviews/helpful.jsx": {"path":"/Users/nzabalza/Immersive/Sprints/FEC/reviews/client/src/Components/Reviews/helpful.jsx","statementMap":{"0":{"start":{"line":1,"column":20},"end":{"line":1,"column":30}},"1":{"start":{"line":3,"column":33},"end":{"line":30,"column":1}},"2":{"start":{"line":4,"column":41},"end":{"line":4,"column":98}},"3":{"start":{"line":5,"column":23},"end":{"line":5,"column":53}},"4":{"start":{"line":7,"column":2},"end":{"line":29,"column":3}},"5":{"start":{"line":8,"column":4},"end":{"line":8,"column":51}},"6":{"start":{"line":9,"column":4},"end":{"line":9,"column":45}},"7":{"start":{"line":11,"column":22},"end":{"line":11,"column":92}},"8":{"start":{"line":12,"column":21},"end":{"line":12,"column":90}},"9":{"start":{"line":13,"column":20},"end":{"line":13,"column":103}},"10":{"start":{"line":15,"column":4},"end":{"line":19,"column":5}},"11":{"start":{"line":16,"column":6},"end":{"line":16,"column":65}},"12":{"start":{"line":18,"column":6},"end":{"line":18,"column":63}},"13":{"start":{"line":21,"column":4},"end":{"line":21,"column":47}},"14":{"start":{"line":22,"column":4},"end":{"line":22,"column":46}},"15":{"start":{"line":24,"column":4},"end":{"line":28,"column":5}},"16":{"start":{"line":24,"column":17},"end":{"line":24,"column":18}},"17":{"start":{"line":25,"column":21},"end":{"line":25,"column":31}},"18":{"start":{"line":26,"column":6},"end":{"line":26,"column":38}},"19":{"start":{"line":27,"column":6},"end":{"line":27,"column":36}},"20":{"start":{"line":32,"column":41},"end":{"line":43,"column":1}},"21":{"start":{"line":33,"column":41},"end":{"line":33,"column":98}},"22":{"start":{"line":34,"column":23},"end":{"line":34,"column":53}},"23":{"start":{"line":36,"column":2},"end":{"line":42,"column":3}},"24":{"start":{"line":37,"column":4},"end":{"line":37,"column":45}},"25":{"start":{"line":39,"column":19},"end":{"line":39,"column":96}},"26":{"start":{"line":41,"column":4},"end":{"line":41,"column":72}},"27":{"start":{"line":45,"column":40},"end":{"line":56,"column":1}},"28":{"start":{"line":46,"column":41},"end":{"line":46,"column":98}},"29":{"start":{"line":47,"column":23},"end":{"line":47,"column":53}},"30":{"start":{"line":49,"column":2},"end":{"line":55,"column":3}},"31":{"start":{"line":50,"column":4},"end":{"line":50,"column":45}},"32":{"start":{"line":52,"column":19},"end":{"line":52,"column":96}},"33":{"start":{"line":54,"column":4},"end":{"line":54,"column":34}},"34":{"start":{"line":69,"column":8},"end":{"line":69,"column":18}},"35":{"start":{"line":71,"column":22},"end":{"line":71,"column":24}},"36":{"start":{"line":72,"column":21},"end":{"line":72,"column":23}},"37":{"start":{"line":74,"column":4},"end":{"line":246,"column":5}},"38":{"start":{"line":75,"column":6},"end":{"line":113,"column":8}},"39":{"start":{"line":115,"column":6},"end":{"line":153,"column":8}},"40":{"start":{"line":155,"column":6},"end":{"line":199,"column":8}},"41":{"start":{"line":201,"column":6},"end":{"line":245,"column":8}},"42":{"start":{"line":248,"column":4},"end":{"line":283,"column":6}},"43":{"start":{"line":287,"column":17},"end":{"line":293,"column":1}},"44":{"start":{"line":288,"column":30},"end":{"line":288,"column":35}},"45":{"start":{"line":290,"column":2},"end":{"line":292,"column":4}},"46":{"start":{"line":295,"column":23},"end":{"line":295,"column":49}}},"fnMap":{"0":{"name":"(anonymous_0)","decl":{"start":{"line":3,"column":33},"end":{"line":3,"column":34}},"loc":{"start":{"line":3,"column":81},"end":{"line":30,"column":1}},"line":3},"1":{"name":"(anonymous_1)","decl":{"start":{"line":32,"column":41},"end":{"line":32,"column":42}},"loc":{"start":{"line":32,"column":89},"end":{"line":43,"column":1}},"line":32},"2":{"name":"(anonymous_2)","decl":{"start":{"line":45,"column":40},"end":{"line":45,"column":41}},"loc":{"start":{"line":45,"column":88},"end":{"line":56,"column":1}},"line":45},"3":{"name":"(anonymous_3)","decl":{"start":{"line":63,"column":2},"end":{"line":63,"column":3}},"loc":{"start":{"line":63,"column":11},"end":{"line":284,"column":3}},"line":63},"4":{"name":"(anonymous_4)","decl":{"start":{"line":287,"column":17},"end":{"line":287,"column":18}},"loc":{"start":{"line":287,"column":33},"end":{"line":293,"column":1}},"line":287}},"branchMap":{"0":{"loc":{"start":{"line":7,"column":2},"end":{"line":29,"column":3}},"type":"if","locations":[{"start":{"line":7,"column":2},"end":{"line":29,"column":3}},{"start":{"line":7,"column":2},"end":{"line":29,"column":3}}],"line":7},"1":{"loc":{"start":{"line":15,"column":4},"end":{"line":19,"column":5}},"type":"if","locations":[{"start":{"line":15,"column":4},"end":{"line":19,"column":5}},{"start":{"line":15,"column":4},"end":{"line":19,"column":5}}],"line":15},"2":{"loc":{"start":{"line":36,"column":2},"end":{"line":42,"column":3}},"type":"if","locations":[{"start":{"line":36,"column":2},"end":{"line":42,"column":3}},{"start":{"line":36,"column":2},"end":{"line":42,"column":3}}],"line":36},"3":{"loc":{"start":{"line":36,"column":6},"end":{"line":36,"column":38}},"type":"binary-expr","locations":[{"start":{"line":36,"column":6},"end":{"line":36,"column":15}},{"start":{"line":36,"column":19},"end":{"line":36,"column":38}}],"line":36},"4":{"loc":{"start":{"line":49,"column":2},"end":{"line":55,"column":3}},"type":"if","locations":[{"start":{"line":49,"column":2},"end":{"line":55,"column":3}},{"start":{"line":49,"column":2},"end":{"line":55,"column":3}}],"line":49},"5":{"loc":{"start":{"line":49,"column":6},"end":{"line":49,"column":38}},"type":"binary-expr","locations":[{"start":{"line":49,"column":6},"end":{"line":49,"column":15}},{"start":{"line":49,"column":19},"end":{"line":49,"column":38}}],"line":49},"6":{"loc":{"start":{"line":74,"column":4},"end":{"line":246,"column":5}},"type":"if","locations":[{"start":{"line":74,"column":4},"end":{"line":246,"column":5}},{"start":{"line":74,"column":4},"end":{"line":246,"column":5}}],"line":74}},"s":{"0":3,"1":3,"2":0,"3":0,"4":0,"5":0,"6":0,"7":0,"8":0,"9":0,"10":0,"11":0,"12":0,"13":0,"14":0,"15":0,"16":0,"17":0,"18":0,"19":0,"20":3,"21":0,"22":0,"23":0,"24":0,"25":0,"26":0,"27":3,"28":0,"29":0,"30":0,"31":0,"32":0,"33":0,"34":175,"35":175,"36":175,"37":175,"38":0,"39":0,"40":175,"41":175,"42":175,"43":3,"44":424,"45":424,"46":3},"f":{"0":0,"1":0,"2":0,"3":175,"4":424},"b":{"0":[0,0],"1":[0,0],"2":[0,0],"3":[0,0],"4":[0,0],"5":[0,0],"6":[0,175]},"_coverageSchema":"1a1c01bbd47fc00a2c39e90264f33305004495a9","hash":"6d508bec4a4bcc2b1f08f304b9aeab4370bf9007"}
,"/Users/nzabalza/Immersive/Sprints/FEC/reviews/client/src/Components/Reviews/index.jsx": {"path":"/Users/nzabalza/Immersive/Sprints/FEC/reviews/client/src/Components/Reviews/index.jsx","statementMap":{"0":{"start":{"line":7,"column":20},"end":{"line":7,"column":30}},"1":{"start":{"line":15,"column":60},"end":{"line":15,"column":70}},"2":{"start":{"line":18,"column":4},"end":{"line":22,"column":5}},"3":{"start":{"line":19,"column":6},"end":{"line":21,"column":8}},"4":{"start":{"line":24,"column":36},"end":{"line":24,"column":38}},"5":{"start":{"line":26,"column":4},"end":{"line":28,"column":5}},"6":{"start":{"line":27,"column":6},"end":{"line":27,"column":64}},"7":{"start":{"line":30,"column":4},"end":{"line":38,"column":6}},"8":{"start":{"line":42,"column":17},"end":{"line":49,"column":1}},"9":{"start":{"line":43,"column":58},"end":{"line":43,"column":63}},"10":{"start":{"line":45,"column":2},"end":{"line":48,"column":4}},"11":{"start":{"line":51,"column":23},"end":{"line":51,"column":49}}},"fnMap":{"0":{"name":"(anonymous_0)","decl":{"start":{"line":14,"column":2},"end":{"line":14,"column":3}},"loc":{"start":{"line":14,"column":11},"end":{"line":39,"column":3}},"line":14},"1":{"name":"(anonymous_1)","decl":{"start":{"line":42,"column":17},"end":{"line":42,"column":18}},"loc":{"start":{"line":42,"column":33},"end":{"line":49,"column":1}},"line":42}},"branchMap":{"0":{"loc":{"start":{"line":18,"column":4},"end":{"line":22,"column":5}},"type":"if","locations":[{"start":{"line":18,"column":4},"end":{"line":22,"column":5}},{"start":{"line":18,"column":4},"end":{"line":22,"column":5}}],"line":18},"1":{"loc":{"start":{"line":26,"column":4},"end":{"line":28,"column":5}},"type":"if","locations":[{"start":{"line":26,"column":4},"end":{"line":28,"column":5}},{"start":{"line":26,"column":4},"end":{"line":28,"column":5}}],"line":26}},"s":{"0":3,"1":108,"2":108,"3":0,"4":108,"5":108,"6":32,"7":108,"8":3,"9":406,"10":406,"11":3},"f":{"0":108,"1":406},"b":{"0":[0,108],"1":[32,76]},"_coverageSchema":"1a1c01bbd47fc00a2c39e90264f33305004495a9","hash":"25aa63e2dac8f647fe48bb9b44c868311c435670"}
,"/Users/nzabalza/Immersive/Sprints/FEC/reviews/client/src/Components/Reviews/individualReview.jsx": {"path":"/Users/nzabalza/Immersive/Sprints/FEC/reviews/client/src/Components/Reviews/individualReview.jsx","statementMap":{"0":{"start":{"line":10,"column":60},"end":{"line":10,"column":70}},"1":{"start":{"line":23,"column":8},"end":{"line":23,"column":20}},"2":{"start":{"line":25,"column":22},"end":{"line":25,"column":37}},"3":{"start":{"line":26,"column":4},"end":{"line":26,"column":49}},"4":{"start":{"line":27,"column":20},"end":{"line":27,"column":39}},"5":{"start":{"line":29,"column":26},"end":{"line":29,"column":28}},"6":{"start":{"line":31,"column":4},"end":{"line":33,"column":5}},"7":{"start":{"line":32,"column":6},"end":{"line":32,"column":206}},"8":{"start":{"line":35,"column":4},"end":{"line":37,"column":5}},"9":{"start":{"line":36,"column":6},"end":{"line":36,"column":231}},"10":{"start":{"line":39,"column":29},"end":{"line":39,"column":31}},"11":{"start":{"line":41,"column":4},"end":{"line":137,"column":5}},"12":{"start":{"line":42,"column":6},"end":{"line":88,"column":8}},"13":{"start":{"line":90,"column":6},"end":{"line":136,"column":8}},"14":{"start":{"line":139,"column":4},"end":{"line":211,"column":6}}},"fnMap":{"0":{"name":"(anonymous_0)","decl":{"start":{"line":9,"column":2},"end":{"line":9,"column":3}},"loc":{"start":{"line":9,"column":11},"end":{"line":212,"column":3}},"line":9}},"branchMap":{"0":{"loc":{"start":{"line":31,"column":4},"end":{"line":33,"column":5}},"type":"if","locations":[{"start":{"line":31,"column":4},"end":{"line":33,"column":5}},{"start":{"line":31,"column":4},"end":{"line":33,"column":5}}],"line":31},"1":{"loc":{"start":{"line":35,"column":4},"end":{"line":37,"column":5}},"type":"if","locations":[{"start":{"line":35,"column":4},"end":{"line":37,"column":5}},{"start":{"line":35,"column":4},"end":{"line":37,"column":5}}],"line":35},"2":{"loc":{"start":{"line":41,"column":4},"end":{"line":137,"column":5}},"type":"if","locations":[{"start":{"line":41,"column":4},"end":{"line":137,"column":5}},{"start":{"line":41,"column":4},"end":{"line":137,"column":5}}],"line":41}},"s":{"0":215,"1":215,"2":215,"3":215,"4":215,"5":215,"6":215,"7":117,"8":215,"9":165,"10":215,"11":215,"12":156,"13":59,"14":215},"f":{"0":215},"b":{"0":[117,98],"1":[165,50],"2":[156,59]},"_coverageSchema":"1a1c01bbd47fc00a2c39e90264f33305004495a9","hash":"739ffd860d4d606696df2771b94b645a4cbaf3a6"}
,"/Users/nzabalza/Immersive/Sprints/FEC/reviews/client/src/Components/Reviews/navigation.jsx": {"path":"/Users/nzabalza/Immersive/Sprints/FEC/reviews/client/src/Components/Reviews/navigation.jsx","statementMap":{"0":{"start":{"line":3,"column":20},"end":{"line":3,"column":30}},"1":{"start":{"line":11,"column":42},"end":{"line":11,"column":52}},"2":{"start":{"line":13,"column":4},"end":{"line":13,"column":70}},"3":{"start":{"line":15,"column":4},"end":{"line":15,"column":61}},"4":{"start":{"line":16,"column":4},"end":{"line":16,"column":82}},"5":{"start":{"line":20,"column":42},"end":{"line":20,"column":52}},"6":{"start":{"line":22,"column":4},"end":{"line":22,"column":73}},"7":{"start":{"line":24,"column":4},"end":{"line":24,"column":64}},"8":{"start":{"line":25,"column":4},"end":{"line":25,"column":82}},"9":{"start":{"line":29,"column":19},"end":{"line":29,"column":46}},"10":{"start":{"line":31,"column":4},"end":{"line":31,"column":66}},"11":{"start":{"line":35,"column":19},"end":{"line":35,"column":46}},"12":{"start":{"line":37,"column":4},"end":{"line":37,"column":34}},"13":{"start":{"line":41,"column":45},"end":{"line":41,"column":55}},"14":{"start":{"line":43,"column":4},"end":{"line":45,"column":5}},"15":{"start":{"line":44,"column":6},"end":{"line":44,"column":18}},"16":{"start":{"line":47,"column":23},"end":{"line":47,"column":25}},"17":{"start":{"line":49,"column":4},"end":{"line":85,"column":5}},"18":{"start":{"line":50,"column":6},"end":{"line":68,"column":8}},"19":{"start":{"line":70,"column":6},"end":{"line":84,"column":8}},"20":{"start":{"line":87,"column":4},"end":{"line":123,"column":5}},"21":{"start":{"line":88,"column":6},"end":{"line":106,"column":8}},"22":{"start":{"line":108,"column":6},"end":{"line":122,"column":8}},"23":{"start":{"line":125,"column":4},"end":{"line":146,"column":6}},"24":{"start":{"line":150,"column":17},"end":{"line":157,"column":1}},"25":{"start":{"line":151,"column":43},"end":{"line":151,"column":48}},"26":{"start":{"line":153,"column":2},"end":{"line":156,"column":4}},"27":{"start":{"line":159,"column":20},"end":{"line":163,"column":1}},"28":{"start":{"line":160,"column":2},"end":{"line":162,"column":4}},"29":{"start":{"line":161,"column":69},"end":{"line":161,"column":129}},"30":{"start":{"line":165,"column":26},"end":{"line":165,"column":68}}},"fnMap":{"0":{"name":"(anonymous_0)","decl":{"start":{"line":10,"column":2},"end":{"line":10,"column":3}},"loc":{"start":{"line":10,"column":41},"end":{"line":17,"column":3}},"line":10},"1":{"name":"(anonymous_1)","decl":{"start":{"line":19,"column":2},"end":{"line":19,"column":3}},"loc":{"start":{"line":19,"column":44},"end":{"line":26,"column":3}},"line":19},"2":{"name":"(anonymous_2)","decl":{"start":{"line":28,"column":2},"end":{"line":28,"column":3}},"loc":{"start":{"line":28,"column":31},"end":{"line":32,"column":3}},"line":28},"3":{"name":"(anonymous_3)","decl":{"start":{"line":34,"column":2},"end":{"line":34,"column":3}},"loc":{"start":{"line":34,"column":30},"end":{"line":38,"column":3}},"line":34},"4":{"name":"(anonymous_4)","decl":{"start":{"line":40,"column":2},"end":{"line":40,"column":3}},"loc":{"start":{"line":40,"column":11},"end":{"line":147,"column":3}},"line":40},"5":{"name":"(anonymous_5)","decl":{"start":{"line":150,"column":17},"end":{"line":150,"column":18}},"loc":{"start":{"line":150,"column":33},"end":{"line":157,"column":1}},"line":150},"6":{"name":"(anonymous_6)","decl":{"start":{"line":159,"column":20},"end":{"line":159,"column":21}},"loc":{"start":{"line":159,"column":39},"end":{"line":163,"column":1}},"line":159},"7":{"name":"(anonymous_7)","decl":{"start":{"line":161,"column":31},"end":{"line":161,"column":32}},"loc":{"start":{"line":161,"column":67},"end":{"line":161,"column":131}},"line":161}},"branchMap":{"0":{"loc":{"start":{"line":43,"column":4},"end":{"line":45,"column":5}},"type":"if","locations":[{"start":{"line":43,"column":4},"end":{"line":45,"column":5}},{"start":{"line":43,"column":4},"end":{"line":45,"column":5}}],"line":43},"1":{"loc":{"start":{"line":49,"column":4},"end":{"line":85,"column":5}},"type":"if","locations":[{"start":{"line":49,"column":4},"end":{"line":85,"column":5}},{"start":{"line":49,"column":4},"end":{"line":85,"column":5}}],"line":49},"2":{"loc":{"start":{"line":87,"column":4},"end":{"line":123,"column":5}},"type":"if","locations":[{"start":{"line":87,"column":4},"end":{"line":123,"column":5}},{"start":{"line":87,"column":4},"end":{"line":123,"column":5}}],"line":87}},"s":{"0":3,"1":1,"2":1,"3":1,"4":1,"5":2,"6":2,"7":2,"8":2,"9":0,"10":0,"11":0,"12":0,"13":116,"14":116,"15":91,"16":25,"17":25,"18":4,"19":21,"20":25,"21":21,"22":4,"23":25,"24":3,"25":380,"26":380,"27":3,"28":31,"29":3,"30":3},"f":{"0":1,"1":2,"2":0,"3":0,"4":116,"5":380,"6":31,"7":3},"b":{"0":[91,25],"1":[4,21],"2":[21,4]},"_coverageSchema":"1a1c01bbd47fc00a2c39e90264f33305004495a9","hash":"151103d941b4f420e94456c1e6ee7ae7cc0e5e9f"}
,"/Users/nzabalza/Immersive/Sprints/FEC/reviews/client/src/Components/Reviews/nonNumberFilterSettings.jsx": {"path":"/Users/nzabalza/Immersive/Sprints/FEC/reviews/client/src/Components/Reviews/nonNumberFilterSettings.jsx","statementMap":{"0":{"start":{"line":5,"column":20},"end":{"line":5,"column":30}},"1":{"start":{"line":6,"column":19},"end":{"line":11,"column":1}},"2":{"start":{"line":19,"column":60},"end":{"line":19,"column":70}},"3":{"start":{"line":21,"column":4},"end":{"line":21,"column":54}},"4":{"start":{"line":25,"column":88},"end":{"line":25,"column":98}},"5":{"start":{"line":27,"column":4},"end":{"line":29,"column":5}},"6":{"start":{"line":28,"column":6},"end":{"line":28,"column":54}},"7":{"start":{"line":33,"column":60},"end":{"line":33,"column":70}},"8":{"start":{"line":35,"column":4},"end":{"line":35,"column":55}},"9":{"start":{"line":37,"column":4},"end":{"line":37,"column":80}},"10":{"start":{"line":48,"column":8},"end":{"line":48,"column":18}},"11":{"start":{"line":49,"column":26},"end":{"line":49,"column":34}},"12":{"start":{"line":51,"column":4},"end":{"line":55,"column":5}},"13":{"start":{"line":52,"column":6},"end":{"line":52,"column":40}},"14":{"start":{"line":54,"column":6},"end":{"line":54,"column":50}},"15":{"start":{"line":57,"column":4},"end":{"line":57,"column":52}},"16":{"start":{"line":58,"column":4},"end":{"line":58,"column":55}},"17":{"start":{"line":62,"column":19},"end":{"line":62,"column":46}},"18":{"start":{"line":64,"column":4},"end":{"line":64,"column":45}},"19":{"start":{"line":65,"column":4},"end":{"line":65,"column":33}},"20":{"start":{"line":69,"column":23},"end":{"line":69,"column":33}},"21":{"start":{"line":70,"column":19},"end":{"line":70,"column":46}},"22":{"start":{"line":71,"column":26},"end":{"line":71,"column":32}},"23":{"start":{"line":72,"column":50},"end":{"line":72,"column":66}},"24":{"start":{"line":74,"column":4},"end":{"line":80,"column":5}},"25":{"start":{"line":75,"column":6},"end":{"line":75,"column":47}},"26":{"start":{"line":76,"column":11},"end":{"line":80,"column":5}},"27":{"start":{"line":77,"column":6},"end":{"line":77,"column":47}},"28":{"start":{"line":79,"column":6},"end":{"line":79,"column":45}},"29":{"start":{"line":82,"column":4},"end":{"line":82,"column":32}},"30":{"start":{"line":86,"column":23},"end":{"line":86,"column":33}},"31":{"start":{"line":87,"column":43},"end":{"line":87,"column":59}},"32":{"start":{"line":88,"column":32},"end":{"line":97,"column":5}},"33":{"start":{"line":99,"column":30},"end":{"line":108,"column":5}},"34":{"start":{"line":110,"column":4},"end":{"line":165,"column":6}},"35":{"start":{"line":169,"column":17},"end":{"line":175,"column":1}},"36":{"start":{"line":170,"column":52},"end":{"line":170,"column":57}},"37":{"start":{"line":171,"column":2},"end":{"line":174,"column":4}},"38":{"start":{"line":177,"column":20},"end":{"line":183,"column":1}},"39":{"start":{"line":178,"column":2},"end":{"line":182,"column":4}},"40":{"start":{"line":179,"column":59},"end":{"line":179,"column":109}},"41":{"start":{"line":180,"column":47},"end":{"line":180,"column":85}},"42":{"start":{"line":181,"column":62},"end":{"line":181,"column":115}},"43":{"start":{"line":185,"column":39},"end":{"line":185,"column":94}}},"fnMap":{"0":{"name":"(anonymous_0)","decl":{"start":{"line":18,"column":2},"end":{"line":18,"column":3}},"loc":{"start":{"line":18,"column":38},"end":{"line":22,"column":3}},"line":18},"1":{"name":"(anonymous_1)","decl":{"start":{"line":24,"column":2},"end":{"line":24,"column":3}},"loc":{"start":{"line":24,"column":47},"end":{"line":30,"column":3}},"line":24},"2":{"name":"(anonymous_2)","decl":{"start":{"line":32,"column":2},"end":{"line":32,"column":3}},"loc":{"start":{"line":32,"column":37},"end":{"line":38,"column":3}},"line":32},"3":{"name":"(anonymous_3)","decl":{"start":{"line":43,"column":2},"end":{"line":43,"column":3}},"loc":{"start":{"line":43,"column":33},"end":{"line":59,"column":3}},"line":43},"4":{"name":"(anonymous_4)","decl":{"start":{"line":61,"column":2},"end":{"line":61,"column":3}},"loc":{"start":{"line":61,"column":38},"end":{"line":66,"column":3}},"line":61},"5":{"name":"(anonymous_5)","decl":{"start":{"line":68,"column":2},"end":{"line":68,"column":3}},"loc":{"start":{"line":68,"column":37},"end":{"line":83,"column":3}},"line":68},"6":{"name":"(anonymous_6)","decl":{"start":{"line":85,"column":2},"end":{"line":85,"column":3}},"loc":{"start":{"line":85,"column":11},"end":{"line":166,"column":3}},"line":85},"7":{"name":"(anonymous_7)","decl":{"start":{"line":169,"column":17},"end":{"line":169,"column":18}},"loc":{"start":{"line":169,"column":33},"end":{"line":175,"column":1}},"line":169},"8":{"name":"(anonymous_8)","decl":{"start":{"line":177,"column":20},"end":{"line":177,"column":21}},"loc":{"start":{"line":177,"column":39},"end":{"line":183,"column":1}},"line":177},"9":{"name":"(anonymous_9)","decl":{"start":{"line":179,"column":46},"end":{"line":179,"column":47}},"loc":{"start":{"line":179,"column":57},"end":{"line":179,"column":111}},"line":179},"10":{"name":"(anonymous_10)","decl":{"start":{"line":180,"column":26},"end":{"line":180,"column":27}},"loc":{"start":{"line":180,"column":45},"end":{"line":180,"column":87}},"line":180},"11":{"name":"(anonymous_11)","decl":{"start":{"line":181,"column":49},"end":{"line":181,"column":50}},"loc":{"start":{"line":181,"column":60},"end":{"line":181,"column":117}},"line":181}},"branchMap":{"0":{"loc":{"start":{"line":27,"column":4},"end":{"line":29,"column":5}},"type":"if","locations":[{"start":{"line":27,"column":4},"end":{"line":29,"column":5}},{"start":{"line":27,"column":4},"end":{"line":29,"column":5}}],"line":27},"1":{"loc":{"start":{"line":51,"column":4},"end":{"line":55,"column":5}},"type":"if","locations":[{"start":{"line":51,"column":4},"end":{"line":55,"column":5}},{"start":{"line":51,"column":4},"end":{"line":55,"column":5}}],"line":51},"2":{"loc":{"start":{"line":74,"column":4},"end":{"line":80,"column":5}},"type":"if","locations":[{"start":{"line":74,"column":4},"end":{"line":80,"column":5}},{"start":{"line":74,"column":4},"end":{"line":80,"column":5}}],"line":74},"3":{"loc":{"start":{"line":76,"column":11},"end":{"line":80,"column":5}},"type":"if","locations":[{"start":{"line":76,"column":11},"end":{"line":80,"column":5}},{"start":{"line":76,"column":11},"end":{"line":80,"column":5}}],"line":76},"4":{"loc":{"start":{"line":76,"column":15},"end":{"line":76,"column":96}},"type":"binary-expr","locations":[{"start":{"line":76,"column":15},"end":{"line":76,"column":52}},{"start":{"line":76,"column":56},"end":{"line":76,"column":96}}],"line":76},"5":{"loc":{"start":{"line":132,"column":13},"end":{"line":132,"column":76}},"type":"cond-expr","locations":[{"start":{"line":132,"column":37},"end":{"line":132,"column":54}},{"start":{"line":132,"column":57},"end":{"line":132,"column":76}}],"line":132},"6":{"loc":{"start":{"line":141,"column":17},"end":{"line":141,"column":89}},"type":"cond-expr","locations":[{"start":{"line":141,"column":50},"end":{"line":141,"column":67}},{"start":{"line":141,"column":70},"end":{"line":141,"column":89}}],"line":141},"7":{"loc":{"start":{"line":148,"column":17},"end":{"line":148,"column":78}},"type":"cond-expr","locations":[{"start":{"line":148,"column":39},"end":{"line":148,"column":56}},{"start":{"line":148,"column":59},"end":{"line":148,"column":78}}],"line":148},"8":{"loc":{"start":{"line":157,"column":13},"end":{"line":157,"column":75}},"type":"cond-expr","locations":[{"start":{"line":157,"column":36},"end":{"line":157,"column":53}},{"start":{"line":157,"column":56},"end":{"line":157,"column":75}}],"line":157}},"s":{"0":3,"1":3,"2":4,"3":4,"4":2,"5":2,"6":2,"7":3,"8":3,"9":3,"10":0,"11":0,"12":0,"13":0,"14":0,"15":0,"16":0,"17":0,"18":0,"19":0,"20":0,"21":0,"22":0,"23":0,"24":0,"25":0,"26":0,"27":0,"28":0,"29":0,"30":54,"31":54,"32":54,"33":54,"34":54,"35":3,"36":89,"37":89,"38":3,"39":30,"40":2,"41":0,"42":7,"43":3},"f":{"0":4,"1":2,"2":3,"3":0,"4":0,"5":0,"6":54,"7":89,"8":30,"9":2,"10":0,"11":7},"b":{"0":[2,0],"1":[0,0],"2":[0,0],"3":[0,0],"4":[0,0],"5":[0,54],"6":[0,54],"7":[0,54],"8":[54,0]},"_coverageSchema":"1a1c01bbd47fc00a2c39e90264f33305004495a9","hash":"8cf2cfb0ca3359c1e845b6c86e62fea51b6bd39b"}
,"/Users/nzabalza/Immersive/Sprints/FEC/reviews/client/src/Components/Reviews/ratingsFilter.jsx": {"path":"/Users/nzabalza/Immersive/Sprints/FEC/reviews/client/src/Components/Reviews/ratingsFilter.jsx","statementMap":{"0":{"start":{"line":6,"column":20},"end":{"line":6,"column":30}},"1":{"start":{"line":8,"column":0},"end":{"line":13,"column":3}},"2":{"start":{"line":9,"column":17},"end":{"line":9,"column":64}},"3":{"start":{"line":10,"column":2},"end":{"line":12,"column":3}},"4":{"start":{"line":11,"column":4},"end":{"line":11,"column":45}},"5":{"start":{"line":21,"column":75},"end":{"line":21,"column":85}},"6":{"start":{"line":23,"column":4},"end":{"line":25,"column":5}},"7":{"start":{"line":24,"column":6},"end":{"line":24,"column":51}},"8":{"start":{"line":29,"column":75},"end":{"line":29,"column":85}},"9":{"start":{"line":31,"column":4},"end":{"line":31,"column":44}},"10":{"start":{"line":33,"column":4},"end":{"line":33,"column":93}},"11":{"start":{"line":35,"column":4},"end":{"line":37,"column":5}},"12":{"start":{"line":36,"column":6},"end":{"line":36,"column":80}},"13":{"start":{"line":46,"column":8},"end":{"line":46,"column":18}},"14":{"start":{"line":48,"column":4},"end":{"line":51,"column":5}},"15":{"start":{"line":49,"column":6},"end":{"line":49,"column":52}},"16":{"start":{"line":50,"column":6},"end":{"line":50,"column":46}},"17":{"start":{"line":55,"column":49},"end":{"line":55,"column":59}},"18":{"start":{"line":57,"column":4},"end":{"line":57,"column":43}},"19":{"start":{"line":59,"column":4},"end":{"line":59,"column":70}},"20":{"start":{"line":63,"column":81},"end":{"line":63,"column":91}},"21":{"start":{"line":65,"column":4},"end":{"line":67,"column":10}},"22":{"start":{"line":66,"column":6},"end":{"line":66,"column":95}},"23":{"start":{"line":69,"column":4},"end":{"line":69,"column":70}},"24":{"start":{"line":75,"column":8},"end":{"line":75,"column":18}},"25":{"start":{"line":77,"column":33},"end":{"line":77,"column":35}},"26":{"start":{"line":79,"column":4},"end":{"line":81,"column":5}},"27":{"start":{"line":80,"column":6},"end":{"line":80,"column":59}},"28":{"start":{"line":83,"column":4},"end":{"line":131,"column":6}},"29":{"start":{"line":135,"column":17},"end":{"line":147,"column":1}},"30":{"start":{"line":140,"column":6},"end":{"line":140,"column":11}},"31":{"start":{"line":142,"column":2},"end":{"line":146,"column":4}},"32":{"start":{"line":149,"column":20},"end":{"line":155,"column":1}},"33":{"start":{"line":150,"column":2},"end":{"line":154,"column":4}},"34":{"start":{"line":151,"column":51},"end":{"line":151,"column":93}},"35":{"start":{"line":152,"column":47},"end":{"line":152,"column":85}},"36":{"start":{"line":153,"column":57},"end":{"line":153,"column":105}},"37":{"start":{"line":157,"column":29},"end":{"line":157,"column":74}}},"fnMap":{"0":{"name":"(anonymous_0)","decl":{"start":{"line":8,"column":67},"end":{"line":8,"column":68}},"loc":{"start":{"line":8,"column":73},"end":{"line":13,"column":1}},"line":8},"1":{"name":"(anonymous_1)","decl":{"start":{"line":20,"column":2},"end":{"line":20,"column":3}},"loc":{"start":{"line":20,"column":45},"end":{"line":26,"column":3}},"line":20},"2":{"name":"(anonymous_2)","decl":{"start":{"line":28,"column":2},"end":{"line":28,"column":3}},"loc":{"start":{"line":28,"column":28},"end":{"line":38,"column":3}},"line":28},"3":{"name":"(anonymous_3)","decl":{"start":{"line":40,"column":2},"end":{"line":40,"column":3}},"loc":{"start":{"line":40,"column":37},"end":{"line":52,"column":3}},"line":40},"4":{"name":"(anonymous_4)","decl":{"start":{"line":54,"column":2},"end":{"line":54,"column":3}},"loc":{"start":{"line":54,"column":27},"end":{"line":60,"column":3}},"line":54},"5":{"name":"(anonymous_5)","decl":{"start":{"line":62,"column":2},"end":{"line":62,"column":3}},"loc":{"start":{"line":62,"column":28},"end":{"line":70,"column":3}},"line":62},"6":{"name":"(anonymous_6)","decl":{"start":{"line":65,"column":15},"end":{"line":65,"column":16}},"loc":{"start":{"line":65,"column":21},"end":{"line":67,"column":5}},"line":65},"7":{"name":"(anonymous_7)","decl":{"start":{"line":72,"column":2},"end":{"line":72,"column":3}},"loc":{"start":{"line":72,"column":11},"end":{"line":132,"column":3}},"line":72},"8":{"name":"(anonymous_8)","decl":{"start":{"line":135,"column":17},"end":{"line":135,"column":18}},"loc":{"start":{"line":135,"column":33},"end":{"line":147,"column":1}},"line":135},"9":{"name":"(anonymous_9)","decl":{"start":{"line":149,"column":20},"end":{"line":149,"column":21}},"loc":{"start":{"line":149,"column":39},"end":{"line":155,"column":1}},"line":149},"10":{"name":"(anonymous_10)","decl":{"start":{"line":151,"column":38},"end":{"line":151,"column":39}},"loc":{"start":{"line":151,"column":49},"end":{"line":151,"column":95}},"line":151},"11":{"name":"(anonymous_11)","decl":{"start":{"line":152,"column":26},"end":{"line":152,"column":27}},"loc":{"start":{"line":152,"column":45},"end":{"line":152,"column":87}},"line":152},"12":{"name":"(anonymous_12)","decl":{"start":{"line":153,"column":44},"end":{"line":153,"column":45}},"loc":{"start":{"line":153,"column":55},"end":{"line":153,"column":107}},"line":153}},"branchMap":{"0":{"loc":{"start":{"line":10,"column":2},"end":{"line":12,"column":3}},"type":"if","locations":[{"start":{"line":10,"column":2},"end":{"line":12,"column":3}},{"start":{"line":10,"column":2},"end":{"line":12,"column":3}}],"line":10},"1":{"loc":{"start":{"line":23,"column":4},"end":{"line":25,"column":5}},"type":"if","locations":[{"start":{"line":23,"column":4},"end":{"line":25,"column":5}},{"start":{"line":23,"column":4},"end":{"line":25,"column":5}}],"line":23},"2":{"loc":{"start":{"line":35,"column":4},"end":{"line":37,"column":5}},"type":"if","locations":[{"start":{"line":35,"column":4},"end":{"line":37,"column":5}},{"start":{"line":35,"column":4},"end":{"line":37,"column":5}}],"line":35},"3":{"loc":{"start":{"line":48,"column":4},"end":{"line":51,"column":5}},"type":"if","locations":[{"start":{"line":48,"column":4},"end":{"line":51,"column":5}},{"start":{"line":48,"column":4},"end":{"line":51,"column":5}}],"line":48},"4":{"loc":{"start":{"line":48,"column":8},"end":{"line":48,"column":58}},"type":"binary-expr","locations":[{"start":{"line":48,"column":8},"end":{"line":48,"column":36}},{"start":{"line":48,"column":40},"end":{"line":48,"column":58}}],"line":48},"5":{"loc":{"start":{"line":79,"column":4},"end":{"line":81,"column":5}},"type":"if","locations":[{"start":{"line":79,"column":4},"end":{"line":81,"column":5}},{"start":{"line":79,"column":4},
[...]
,"/Users/nzabalza/Immersive/Sprints/FEC/reviews/client/src/ReduxSpecificComponents/Reducers/enteredRatingFilterDropDownReducer.js": {"path":"/Users/nzabalza/Immersive/Sprints/FEC/reviews/client/src/ReduxSpecificComponents/Reducers/enteredRatingFilterDropDownReducer.js","statementMap":{"0":{"start":{"line":1,"column":43},"end":{"line":7,"column":1}},"1":{"start":{"line":2,"column":2},"end":{"line":6,"column":3}},"2":{"start":{"line":3,"column":4},"end":{"line":3,"column":26}},"3":{"start":{"line":5,"column":4},"end":{"line":5,"column":17}}},"fnMap":{"0":{"name":"(anonymous_0)","decl":{"start":{"line":1,"column":43},"end":{"line":1,"column":44}},"loc":{"start":{"line":1,"column":75},"end":{"line":7,"column":1}},"line":1}},"branchMap":{"0":{"loc":{"start":{"line":1,"column":52},"end":{"line":1,"column":65}},"type":"default-arg","locations":[{"start":{"line":1,"column":60},"end":{"line":1,"column":65}}],"line":1},"1":{"loc":{"start":{"line":2,"column":2},"end":{"line":6,"column":3}},"type":"if","locations":[{"start":{"line":2,"column":2},"end":{"line":6,"column":3}},{"start":{"line":2,"column":2},"end":{"line":6,"column":3}}],"line":2}},"s":{"0":5,"1":491,"2":15,"3":476},"f":{"0":491},"b":{"0":[10],"1":[15,476]},"_coverageSchema":"1a1c01bbd47fc00a2c39e90264f33305004495a9","hash":"15638744d11a327115b8b164c79f0ea1ff4bb404"}
,"/Users/nzabalza/Immersive/Sprints/FEC/reviews/client/src/ReduxSpecificComponents/Reducers/exitedNonNumberFilterDropDownSourceReducer.js": {"path":"/Users/nzabalza/Immersive/Sprints/FEC/reviews/client/src/ReduxSpecificComponents/Reducers/exitedNonNumberFilterDropDownSourceReducer.js","statementMap":{"0":{"start":{"line":1,"column":51},"end":{"line":7,"column":1}},"1":{"start":{"line":2,"column":2},"end":{"line":6,"column":3}},"2":{"start":{"line":3,"column":4},"end":{"line":3,"column":26}},"3":{"start":{"line":5,"column":4},"end":{"line":5,"column":17}}},"fnMap":{"0":{"name":"(anonymous_0)","decl":{"start":{"line":1,"column":51},"end":{"line":1,"column":52}},"loc":{"start":{"line":1,"column":83},"end":{"line":7,"column":1}},"line":1}},"branchMap":{"0":{"loc":{"start":{"line":1,"column":60},"end":{"line":1,"column":73}},"type":"default-arg","locations":[{"start":{"line":1,"column":68},"end":{"line":1,"column":73}}],"line":1},"1":{"loc":{"start":{"line":2,"column":2},"end":{"line":6,"column":3}},"type":"if","locations":[{"start":{"line":2,"column":2},"end":{"line":6,"column":3}},{"start":{"line":2,"column":2},"end":{"line":6,"column":3}}],"line":2}},"s":{"0":5,"1":491,"2":32,"3":459},"f":{"0":491},"b":{"0":[10],"1":[32,459]},"_coverageSchema":"1a1c01bbd47fc00a2c39e90264f33305004495a9","hash":"0b9ceb378ccccf25cbb3011554b7eb2b7db0fa44"}
,"/Users/nzabalza/Immersive/Sprints/FEC/reviews/client/src/ReduxSpecificComponents/Reducers/exitedRatingFilterReducer.js": {"path":"/Users/nzabalza/Immersive/Sprints/FEC/reviews/client/src/ReduxSpecificComponents/Reducers/exitedRatingFilterReducer.js","statementMap":{"0":{"start":{"line":1,"column":34},"end":{"line":7,"column":1}},"1":{"start":{"line":2,"column":2},"end":{"line":6,"column":3}},"2":{"start":{"line":3,"column":4},"end":{"line":3,"column":26}},"3":{"start":{"line":5,"column":4},"end":{"line":5,"column":17}}},"fnMap":{"0":{"name":"(anonymous_0)","decl":{"start":{"line":1,"column":34},"end":{"line":1,"column":35}},"loc":{"start":{"line":1,"column":66},"end":{"line":7,"column":1}},"line":1}},"branchMap":{"0":{"loc":{"start":{"line":1,"column":43},"end":{"line":1,"column":56}},"type":"default-arg","locations":[{"start":{"line":1,"column":51},"end":{"line":1,"column":56}}],"line":1},"1":{"loc":{"start":{"line":2,"column":2},"end":{"line":6,"column":3}},"type":"if","locations":[{"start":{"line":2,"column":2},"end":{"line":6,"column":3}},{"start":{"line":2,"column":2},"end":{"line":6,"column":3}}],"line":2}},"s":{"0":5,"1":491,"2":17,"3":474},"f":{"0":491},"b":{"0":[10],"1":[17,474]},"_coverageSchema":"1a1c01bbd47fc00a2c39e90264f33305004495a9","hash":"4559cac9b8965879ea714112315be52c002e62e6"}
,"/Users/nzabalza/Immersive/Sprints/FEC/reviews/client/src/ReduxSpecificComponents/Reducers/filterReducer.js": {"path":"/Users/nzabalza/Immersive/Sprints/FEC/reviews/client/src/ReduxSpecificComponents/Reducers/filterReducer.js","statementMap":{"0":{"start":{"line":1,"column":21},"end":{"line":11,"column":1}},"1":{"start":{"line":13,"column":22},"end":{"line":45,"column":1}},"2":{"start":{"line":14,"column":2},"end":{"line":44,"column":3}},"3":{"start":{"line":15,"column":21},"end":{"line":15,"column":23}},"4":{"start":{"line":16,"column":4},"end":{"line":16,"column":35}},"5":{"start":{"line":18,"column":4},"end":{"line":39,"column":5}},"6":{"start":{"line":19,"column":6},"end":{"line":19,"column":37}},"7":{"start":{"line":20,"column":6},"end":{"line":20,"column":38}},"8":{"start":{"line":21,"column":6},"end":{"line":21,"column":36}},"9":{"start":{"line":22,"column":6},"end":{"line":22,"column":36}},"10":{"start":{"line":24,"column":6},"end":{"line":24,"column":38}},"11":{"start":{"line":25,"column":11},"end":{"line":39,"column":5}},"12":{"start":{"line":26,"column":6},"end":{"line":26,"column":28}},"13":{"start":{"line":27,"column":6},"end":{"line":27,"column":28}},"14":{"start":{"line":28,"column":6},"end":{"line":28,"column":28}},"15":{"start":{"line":29,"column":6},"end":{"line":29,"column":28}},"16":{"start":{"line":30,"column":6},"end":{"line":30,"column":28}},"17":{"start":{"line":32,"column":6},"end":{"line":34,"column":7}},"18":{"start":{"line":33,"column":8},"end":{"line":33,"column":40}},"19":{"start":{"line":36,"column":6},"end":{"line":38,"column":7}},"20":{"start":{"line":37,"column":8},"end":{"line":37,"column":41}},"21":{"start":{"line":41,"column":4},"end":{"line":41,"column":20}},"22":{"start":{"line":43,"column":4},"end":{"line":43,"column":17}}},"fnMap":{"0":{"name":"(anonymous_0)","decl":{"start":{"line":13,"column":22},"end":{"line":13,"column":23}},"loc":{"start":{"line":13,"column":61},"end":{"line":45,"column":1}},"line":13}},"branchMap":{"0":{"loc":{"start":{"line":13,"column":31},"end":{"line":13,"column":51}},"type":"default-arg","locations":[{"start":{"line":13,"column":39},"end":{"line":13,"column":51}}],"line":13},"1":{"loc":{"start":{"line":14,"column":2},"end":{"line":44,"column":3}},"type":"if","locations":[{"start":{"line":14,"column":2},"end":{"line":44,"column":3}},{"start":{"line":14,"column":2},"end":{"line":44,"column":3}}],"line":14},"2":{"loc":{"start":{"line":18,"column":4},"end":{"line":39,"column":5}},"type":"if","locations":[{"start":{"line":18,"column":4},"end":{"line":39,"column":5}},{"start":{"line":18,"column":4},"end":{"line":39,"column":5}}],"line":18},"3":{"loc":{"start":{"line":18,"column":8},"end":{"line":18,"column":143}},"type":"binary-expr","locations":[{"start":{"line":18,"column":8},"end":{"line":18,"column":39}},{"start":{"line":18,"column":43},"end":{"line":18,"column":75}},{"start":{"line":18,"column":79},"end":{"line":18,"column":109}},{"start":{"line":18,"column":113},"end":{"line":18,"column":143}}],"line":18},"4":{"loc":{"start":{"line":25,"column":11},"end":{"line":39,"column":5}},"type":"if","locations":[{"start":{"line":25,"column":11},"end":{"line":39,"column":5}},{"start":{"line":25,"column":11},"end":{"line":39,"column":5}}],"line":25},"5":{"loc":{"start":{"line":32,"column":6},"end":{"line":34,"column":7}},"type":"if","locations":[{"start":{"line":32,"column":6},"end":{"line":34,"column":7}},{"start":{"line":32,"column":6},"end":{"line":34,"column":7}}],"line":32},"6":{"loc":{"start":{"line":36,"column":6},"end":{"line":38,"column":7}},"type":"if","locations":[{"start":{"line":36,"column":6},"end":{"line":38,"column":7}},{"start":{"line":36,"column":6},"end":{"line":38,"column":7}}],"line":36}},"s":{"0":5,"1":5,"2":491,"3":35,"4":35,"5":35,"6":13,"7":13,"8":13,"9":13,"10":13,"11":22,"12":12,"13":12,"14":12,"15":12,"16":12,"17":10,"18":7,"19":10,"20":3,"21":35,"22":456},"f":{"0":491},"b":{"0":[10],"1":[35,456],"2":[13,22],"3":[35,24,24,22],"4":[12,10],"5":[7,3],"6":[3,7]},"_coverageSchema":"1a1c01bbd47fc00a2c39e90264f33305004495a9","hash":"656e063a70f08615c14caf87366a02cee5415777"}
,"/Users/nzabalza/Immersive/Sprints/FEC/reviews/client/src/ReduxSpecificComponents/Reducers/filteredReviewsReducer.js": {"path":"/Users/nzabalza/Immersive/Sprints/FEC/reviews/client/src/ReduxSpecificComponents/Reducers/filteredReviewsReducer.js","statementMap":{"0":{"start":{"line":1,"column":31},"end":{"line":7,"column":1}},"1":{"start":{"line":2,"column":2},"end":{"line":6,"column":3}},"2":{"start":{"line":3,"column":4},"end":{"line":3,"column":26}},"3":{"start":{"line":5,"column":4},"end":{"line":5,"column":17}}},"fnMap":{"0":{"name":"(anonymous_0)","decl":{"start":{"line":1,"column":31},"end":{"line":1,"column":32}},"loc":{"start":{"line":1,"column":60},"end":{"line":7,"column":1}},"line":1}},"branchMap":{"0":{"loc":{"start":{"line":1,"column":40},"end":{"line":1,"column":50}},"type":"default-arg","locations":[{"start":{"line":1,"column":48},"end":{"line":1,"column":50}}],"line":1},"1":{"loc":{"start":{"line":2,"column":2},"end":{"line":6,"column":3}},"type":"if","locations":[{"start":{"line":2,"column":2},"end":{"line":6,"column":3}},{"start":{"line":2,"column":2},"end":{"line":6,"column":3}}],"line":2}},"s":{"0":5,"1":491,"2":66,"3":425},"f":{"0":491},"b":{"0":[10],"1":[66,425]},"_coverageSchema":"1a1c01bbd47fc00a2c39e90264f33305004495a9","hash":"aca4026b014498b585e1f6301807503aeedd8fb8"}
,"/Users/nzabalza/Immersive/Sprints/FEC/reviews/client/src/ReduxSpecificComponents/Reducers/numberOfReviewsReducer.js": {"path":"/Users/nzabalza/Immersive/Sprints/FEC/reviews/client/src/ReduxSpecificComponents/Reducers/numberOfReviewsReducer.js","statementMap":{"0":{"start":{"line":1,"column":31},"end":{"line":7,"column":1}},"1":{"start":{"line":2,"column":2},"end":{"line":6,"column":3}},"2":{"start":{"line":3,"column":4},"end":{"line":3,"column":26}},"3":{"start":{"line":5,"column":4},"end":{"line":5,"column":17}}},"fnMap":{"0":{"name":"(anonymous_0)","decl":{"start":{"line":1,"column":31},"end":{"line":1,"column":32}},"loc":{"start":{"line":1,"column":62},"end":{"line":7,"column":1}},"line":1}},"branchMap":{"0":{"loc":{"start":{"line":1,"column":40},"end":{"line":1,"column":52}},"type":"default-arg","locations":[{"start":{"line":1,"column":48},"end":{"line":1,"column":52}}],"line":1},"1":{"loc":{"start":{"line":2,"column":2},"end":{"line":6,"column":3}},"type":"if","locations":[{"start":{"line":2,"column":2},"end":{"line":6,"column":3}},{"start":{"line":2,"column":2},"end":{"line":6,"column":3}}],"line":2}},"s":{"0":5,"1":491,"2":57,"3":434},"f":{"0":491},"b":{"0":[10],"1":[57,434]},"_coverageSchema":"1a1c01bbd47fc00a2c39e90264f33305004495a9","hash":"530b38f544cac9d9dfe185c12ce4ba5f682177cd"}
,"/Users/nzabalza/Immersive/Sprints/FEC/reviews/client/src/ReduxSpecificComponents/Reducers/reviewAverageReducer.js": {"path":"/Users/nzabalza/Immersive/Sprints/FEC/reviews/client/src/ReduxSpecificComponents/Reducers/reviewAverageReducer.js","statementMap":{"0":{"start":{"line":1,"column":29},"end":{"line":7,"column":1}},"1":{"start":{"line":2,"column":2},"end":{"line":6,"column":3}},"2":{"start":{"line":3,"column":4},"end":{"line":3,"column":26}},"3":{"start":{"line":5,"column":4},"end":{"line":5,"column":17}}},"fnMap":{"0":{"name":"(anonymous_0)","decl":{"start":{"line":1,"column":29},"end":{"line":1,"column":30}},"loc":{"start":{"line":1,"column":58},"end":{"line":7,"column":1}},"line":1}},"branchMap":{"0":{"loc":{"start":{"line":1,"column":38},"end":{"line":1,"column":48}},"type":"default-arg","locations":[{"start":{"line":1,"column":46},"end":{"line":1,"column":48}}],"line":1},"1":{"loc":{"start":{"line":2,"column":2},"end":{"line":6,"column":3}},"type":"if","locations":[{"start":{"line":2,"column":2},"end":{"line":6,"column":3}},{"start":{"line":2,"column":2},"end":{"line":6,"column":3}}],"line":2}},"s":{"0":5,"1":491,"2":59,"3":432},"f":{"0":491},"b":{"0":[10],"1":[59,432]},"_coverageSchema":"1a1c01bbd47fc00a2c39e90264f33305004495a9","hash":"5fa21c74676c50b9aad9c8176e52309082b6c4f4"}
,"/Users/nzabalza/Immersive/Sprints/FEC/reviews/client/src/ReduxSpecificComponents/Reducers/reviewRangeReducer.js": {"path":"/Users/nzabalza/Immersive/Sprints/FEC/reviews/client/src/ReduxSpecificComponents/Reducers/reviewRangeReducer.js","statementMap":{"0":{"start":{"line":1,"column":27},"end":{"line":32,"column":1}},"1":{"start":{"line":2,"column":2},"end":{"line":31,"column":3}},"2":{"start":{"line":3,"column":4},"end":{"line":5,"column":5}},"3":{"start":{"line":4,"column":6},"end":{"line":4,"column":28}},"4":{"start":{"line":7,"column":21},"end":{"line":7,"column":34}},"5":{"start":{"line":9,"column":4},"end":{"line":16,"column":5}},"6":{"start":{"line":10,"column":6},"end":{"line":10,"column":36}},"7":{"start":{"line":11,"column":6},"end":{"line":11,"column":24}},"8":{"start":{"line":13,"column":6},"end":{"line":15,"column":7}},"9":{"start":{"line":14,"column":8},"end":{"line":14,"column":49}},"10":{"start":{"line":18,"column":4},"end":{"line":26,"column":5}},"11":{"start":{"line":19,"column":6},"end":{"line":19,"column":24}},"12":{"start":{"line":20,"column":6},"end":{"line":20,"column":24}},"13":{"start":{"line":22,"column":6},"end":{"line":25,"column":7}},"14":{"start":{"line":23,"column":8},"end":{"line":23,"column":24}},"15":{"start":{"line":24,"column":8},"end":{"line":24,"column":24}},"16":{"start":{"line":28,"column":4},"end":{"line":28,"column":20}},"17":{"start":{"line":30,"column":4},"end":{"line":30,"column":17}}},"fnMap":{"0":{"name":"(anonymous_0)","decl":{"start":{"line":1,"column":27},"end":{"line":1,"column":28}},"loc":{"start":{"line":1,"column":60},"end":{"line":32,"column":1}},"line":1}},"branchMap":{"0":{"loc":{"start":{"line":1,"column":36},"end":{"line":1,"column":50}},"type":"default-arg","locations":[{"start":{"line":1,"column":44},"end":{"line":1,"column":50}}],"line":1},"1":{"loc":{"start":{"line":2,"column":2},"end":{"line":31,"column":3}},"type":"if","locations":[{"start":{"line":2,"column":2},"end":{"line":31,"column":3}},{"start":{"line":2,"column":2},"end":{"line":31,"column":3}}],"line":2},"2":{"loc":{"start":{"line":3,"column":4},"end":{"line":5,"column":5}},"type":"if","locations":[{"start":{"line":3,"column":4},"end":{"line":5,"column":5}},{"start":{"line":3,"column":4},"end":{"line":5,"column":5}}],"line":3},"3":{"loc":{"start":{"line":9,"column":4},"end":{"line":16,"column":5}},"type":"if","locations":[{"start":{"line":9,"column":4},"end":{"line":16,"column":5}},{"start":{"line":9,"column":4},"end":{"line":16,"column":5}}],"line":9},"4":{"loc":{"start":{"line":13,"column":6},"end":{"line":15,"column":7}},"type":"if","locations":[{"start":{"line":13,"column":6},"end":{"line":15,"column":7}},{"start":{"line":13,"column":6},"end":{"line":15,"column":7}}],"line":13},"5":{"loc":{"start":{"line":18,"column":4},"end":{"line":26,"column":5}},"type":"if","locations":[{"start":{"line":18,"column":4},"end":{"line":26,"column":5}},{"start":{"line":18,"column":4},"end":{"line":26,"column":5}}],"line":18},"6":{"loc":{"start":{"line":22,"column":6},"end":{"line":25,"column":7}},"type":"if","locations":[{"start":{"line":22,"column":6},"end":{"line":25,"column":7}},{"start":{"line":22,"column":6},"end":{"line":25,"column":7}}],"line":22}},"s":{"0":5,"1":491,"2":68,"3":65,"4":3,"5":3,"6":2,"7":2,"8":2,"9":2,"10":3,"11":1,"12":1,"13":1,"14":1,"15":1,"16":3,"17":423},"f":{"0":491},"b":{"0":[10],"1":[68,423],"2":[65,3],"3":[2,1],"4":[2,0],"5":[1,2],"6":[1,0]},"_coverageSchema":"1a1c01bbd47fc00a2c39e90264f33305004495a9","hash":"3f2fbf5b2707d7d0ea359c1da2dbcf6c5b416c13"}
,"/Users/nzabalza/Immersive/Sprints/FEC/reviews/client/src/ReduxSpecificComponents/Reducers/showNonNumberFilterSettingReducer.js": {"path":"/Users/nzabalza/Immersive/Sprints/FEC/reviews/client/src/ReduxSpecificComponents/Reducers/showNonNumberFilterSettingReducer.js","statementMap":{"0":{"start":{"line":1,"column":42},"end":{"line":7,"column":1}},"1":{"start":{"line":2,"column":2},"end":{"line":6,"column":3}},"2":{"start":{"line":3,"column":4},"end":{"line":3,"column":26}},"3":{"start":{"line":5,"column":4},"end":{"line":5,"column":17}}},"fnMap":{"0":{"name":"(anonymous_0)","decl":{"start":{"line":1,"column":42},"end":{"line":1,"column":43}},"loc":{"start":{"line":1,"column":74},"end":{"line":7,"column":1}},"line":1}},"branchMap":{"0":{"loc":{"start":{"line":1,"column":51},"end":{"line":1,"column":64}},"type":"default-arg","locations":[{"start":{"line":1,"column":59},"end":{"line":1,"column":64}}],"line":1},"1":{"loc":{"start":{"line":2,"column":2},"end":{"line":6,"column":3}},"type":"if","locations":[{"start":{"line":2,"column":2},"end":{"line":6,"column":3}},{"start":{"line":2,"column":2},"end":{"line":6,"column":3}}],"line":2}},"s":{"0":5,"1":491,"2":42,"3":449},"f":{"0":491},"b":{"0":[10],"1":[42,449]},"_coverageSchema":"1a1c01bbd47fc00a2c39e90264f33305004495a9","hash":"d6b0b1f53e94100d21e74ca0e00a0cf6bf8fab91"}
,"/Users/nzabalza/Immersive/Sprints/FEC/reviews/client/src/ReduxSpecificComponents/Reducers/showRatingFilterDropDownReducer.js": {"path":"/Users/nzabalza/Immersive/Sprints/FEC/reviews/client/src/ReduxSpecificComponents/Reducers/showRatingFilterDropDownReducer.js","statementMap":{"0":{"start":{"line":1,"column":40},"end":{"line":7,"column":1}},"1":{"start":{"line":2,"column":2},"end":{"line":6,"column":3}},"2":{"start":{"line":3,"column":4},"end":{"line":3,"column":26}},"3":{"start":{"line":5,"column":4},"end":{"line":5,"column":17}}},"fnMap":{"0":{"name":"(anonymous_0)","decl":{"start":{"line":1,"column":40},"end":{"line":1,"column":41}},"loc":{"start":{"line":1,"column":72},"end":{"line":7,"column":1}},"line":1}},"branchMap":{"0":{"loc":{"start":{"line":1,"column":49},"end":{"line":1,"column":62}},"type":"default-arg","locations":[{"start":{"line":1,"column":57},"end":{"line":1,"column":62}}],"line":1},"1":{"loc":{"start":{"line":2,"column":2},"end":{"line":6,"column":3}},"type":"if","locations":[{"start":{"line":2,"column":2},"end":{"line":6,"column":3}},{"start":{"line":2,"column":2},"end":{"line":6,"column":3}}],"line":2}},"s":{"0":5,"1":491,"2":15,"3":476},"f":{"0":491},"b":{"0":[10],"1":[15,476]},"_coverageSchema":"1a1c01bbd47fc00a2c39e90264f33305004495a9","hash":"06232dc8d6c34b2208572f5d84e40d15f7d851a0"}
,"/Users/nzabalza/Immersive/Sprints/FEC/reviews/client/src/ReduxSpecificComponents/Reducers/showRatingFilterReducer.js": {"path":"/Users/nzabalza/Immersive/Sprints/FEC/reviews/client/src/ReduxSpecificComponents/Reducers/showRatingFilterReducer.js","statementMap":{"0":{"start":{"line":1,"column":32},"end":{"line":7,"column":1}},"1":{"start":{"line":2,"column":2},"end":{"line":6,"column":3}},"2":{"start":{"line":3,"column":4},"end":{"line":3,"column":26}},"3":{"start":{"line":5,"column":4},"end":{"line":5,"column":17}}},"fnMap":{"0":{"name":"(anonymous_0)","decl":{"start":{"line":1,"column":32},"end":{"line":1,"column":33}},"loc":{"start":{"line":1,"column":64},"end":{"line":7,"column":1}},"line":1}},"branchMap":{"0":{"loc":{"start":{"line":1,"column":41},"end":{"line":1,"column":54}},"type":"default-arg","locations":[{"start":{"line":1,"column":49},"end":{"line":1,"column":54}}],"line":1},"1":{"loc":{"start":{"line":2,"column":2},"end":{"line":6,"column":3}},"type":"if","locations":[{"start":{"line":2,"column":2},"end":{"line":6,"column":3}},{"start":{"line":2,"column":2},"end":{"line":6,"column":3}}],"line":2}},"s":{"0":5,"1":491,"2":13,"3":478},"f":{"0":491},"b":{"0":[10],"1":[13,478]},"_coverageSchema":"1a1c01bbd47fc00a2c39e90264f33305004495a9","hash":"77777412b1388972be55d9a7c8752b5aabb8a7d3"}
}
