{"/Users/nzabalza/Immersive/Sprints/FEC/reviews/client/src/CSSstyles.js": {"path":"/Users/nzabalza/Immersive/Sprints/FEC/reviews/client/src/CSSstyles.js","statementMap":{"0":{"start":{"line":2,"column":30},"end":{"line":11,"column":1}},"1":{"start":{"line":14,"column":29},"end":{"line":24,"column":1}},"2":{"start":{"line":26,"column":37},"end":{"line":32,"column":1}},"3":{"start":{"line":34,"column":45},"end":{"line":39,"column":1}},"4":{"start":{"line":41,"column":29},"end":{"line":47,"column":1}},"5":{"start":{"line":49,"column":28},"end":{"line":58,"column":1}},"6":{"start":{"line":60,"column":28},"end":{"line":66,"column":1}},"7":{"start":{"line":68,"column":34},"end":{"line":77,"column":1}},"8":{"start":{"line":79,"column":30},"end":{"line":89,"column":1}},"9":{"start":{"line":91,"column":36},"end":{"line":99,"column":1}},"10":{"start":{"line":101,"column":25},"end":{"line":107,"column":1}}},"fnMap":{},"branchMap":{},"s":{"0":1,"1":1,"2":1,"3":1,"4":1,"5":1,"6":1,"7":1,"8":1,"9":1,"10":1},"f":{},"b":{},"_coverageSchema":"1a1c01bbd47fc00a2c39e90264f33305004495a9","hash":"2a11147908f7f8f2f65cb3415279ffeb18c8795b"}
,"/Users/nzabalza/Immersive/Sprints/FEC/reviews/client/src/service.jsx": {"path":"/Users/nzabalza/Immersive/Sprints/FEC/reviews/client/src/service.jsx","statementMap":{"0":{"start":{"line":19,"column":4},"end":{"line":29,"column":9}},"1":{"start":{"line":21,"column":63},"end":{"line":21,"column":75}},"2":{"start":{"line":23,"column":8},"end":{"line":23,"column":59}},"3":{"start":{"line":24,"column":8},"end":{"line":24,"column":63}},"4":{"start":{"line":25,"column":8},"end":{"line":25,"column":53}},"5":{"start":{"line":28,"column":8},"end":{"line":28,"column":25}},"6":{"start":{"line":67,"column":4},"end":{"line":74,"column":6}}},"fnMap":{"0":{"name":"(anonymous_0)","decl":{"start":{"line":14,"column":2},"end":{"line":14,"column":3}},"loc":{"start":{"line":14,"column":22},"end":{"line":63,"column":3}},"line":14},"1":{"name":"(anonymous_1)","decl":{"start":{"line":20,"column":12},"end":{"line":20,"column":13}},"loc":{"start":{"line":20,"column":25},"end":{"line":26,"column":7}},"line":20},"2":{"name":"(anonymous_2)","decl":{"start":{"line":27,"column":13},"end":{"line":27,"column":14}},"loc":{"start":{"line":27,"column":22},"end":{"line":29,"column":7}},"line":27},"3":{"name":"(anonymous_3)","decl":{"start":{"line":65,"column":2},"end":{"line":65,"column":3}},"loc":{"start":{"line":65,"column":11},"end":{"line":75,"column":3}},"line":65}},"branchMap":{},"s":{"0":0,"1":0,"2":0,"3":0,"4":0,"5":0,"6":0},"f":{"0":0,"1":0,"2":0,"3":0},"b":{},"_coverageSchema":"1a1c01bbd47fc00a2c39e90264f33305004495a9","hash":"e73aec97bd8ee48196b81ab61f8e72cfb850322e"}
,"/Users/nzabalza/Immersive/Sprints/FEC/reviews/client/src/Components/General/dynamicReviewStars.jsx": {"path":"/Users/nzabalza/Immersive/Sprints/FEC/reviews/client/src/Components/General/dynamicReviewStars.jsx","statementMap":{"0":{"start":{"line":3,"column":20},"end":{"line":3,"column":30}},"1":{"start":{"line":12,"column":22},"end":{"line":12,"column":24}},"2":{"start":{"line":13,"column":4},"end":{"line":13,"column":44}},"3":{"start":{"line":15,"column":4},"end":{"line":15,"column":67}},"4":{"start":{"line":16,"column":4},"end":{"line":16,"column":29}},"5":{"start":{"line":17,"column":4},"end":{"line":17,"column":34}},"6":{"start":{"line":19,"column":4},"end":{"line":19,"column":21}},"7":{"start":{"line":23,"column":30},"end":{"line":23,"column":40}},"8":{"start":{"line":25,"column":4},"end":{"line":30,"column":6}},"9":{"start":{"line":34,"column":17},"end":{"line":40,"column":1}},"10":{"start":{"line":35,"column":28},"end":{"line":35,"column":33}},"11":{"start":{"line":37,"column":2},"end":{"line":39,"column":4}},"12":{"start":{"line":42,"column":34},"end":{"line":42,"column":71}}},"fnMap":{"0":{"name":"(anonymous_0)","decl":{"start":{"line":11,"column":2},"end":{"line":11,"column":3}},"loc":{"start":{"line":11,"column":70},"end":{"line":20,"column":3}},"line":11},"1":{"name":"(anonymous_1)","decl":{"start":{"line":22,"column":2},"end":{"line":22,"column":3}},"loc":{"start":{"line":22,"column":11},"end":{"line":31,"column":3}},"line":22},"2":{"name":"(anonymous_2)","decl":{"start":{"line":34,"column":17},"end":{"line":34,"column":18}},"loc":{"start":{"line":34,"column":33},"end":{"line":40,"column":1}},"line":34}},"branchMap":{},"s":{"0":1,"1":0,"2":0,"3":0,"4":0,"5":0,"6":0,"7":0,"8":0,"9":1,"10":0,"11":0,"12":1},"f":{"0":0,"1":0,"2":0},"b":{},"_coverageSchema":"1a1c01bbd47fc00a2c39e90264f33305004495a9","hash":"57ff470a901d1bb52ad1d1451d75e10b89131621"}
,"/Users/nzabalza/Immersive/Sprints/FEC/reviews/client/src/Components/General/solidReviewStars.jsx": {"path":"/Users/nzabalza/Immersive/Sprints/FEC/reviews/client/src/Components/General/solidReviewStars.jsx","statementMap":{"0":{"start":{"line":7,"column":22},"end":{"line":7,"column":32}},"1":{"start":{"line":8,"column":25},"end":{"line":8,"column":27}},"2":{"start":{"line":10,"column":28},"end":{"line":10,"column":29}},"3":{"start":{"line":11,"column":29},"end":{"line":11,"column":34}},"4":{"start":{"line":13,"column":4},"end":{"line":24,"column":5}},"5":{"start":{"line":14,"column":6},"end":{"line":21,"column":8}},"6":{"start":{"line":22,"column":6},"end":{"line":22,"column":26}},"7":{"start":{"line":23,"column":6},"end":{"line":23,"column":27}},"8":{"start":{"line":26,"column":4},"end":{"line":37,"column":5}},"9":{"start":{"line":27,"column":6},"end":{"line":35,"column":8}},"10":{"start":{"line":36,"column":6},"end":{"line":36,"column":26}},"11":{"start":{"line":39,"column":4},"end":{"line":43,"column":6}}},"fnMap":{"0":{"name":"(anonymous_0)","decl":{"start":{"line":6,"column":2},"end":{"line":6,"column":3}},"loc":{"start":{"line":6,"column":11},"end":{"line":44,"column":3}},"line":6}},"branchMap":{},"s":{"0":0,"1":0,"2":0,"3":0,"4":0,"5":0,"6":0,"7":0,"8":0,"9":0,"10":0,"11":0},"f":{"0":0},"b":{},"_coverageSchema":"1a1c01bbd47fc00a2c39e90264f33305004495a9","hash":"af476e130a2ee0b6158821e7a7966bec641177c2"}
,"/Users/nzabalza/Immersive/Sprints/FEC/reviews/client/src/Components/ReviewBody/averageCustomerRatings.jsx": {"path":"/Users/nzabalza/Immersive/Sprints/FEC/reviews/client/src/Components/ReviewBody/averageCustomerRatings.jsx","statementMap":{"0":{"start":{"line":5,"column":4},"end":{"line":5,"column":12}},"1":{"start":{"line":9,"column":4},"end":{"line":18,"column":6}}},"fnMap":{"0":{"name":"(anonymous_0)","decl":{"start":{"line":4,"column":2},"end":{"line":4,"column":3}},"loc":{"start":{"line":4,"column":21},"end":{"line":6,"column":3}},"line":4},"1":{"name":"(anonymous_1)","decl":{"start":{"line":8,"column":2},"end":{"line":8,"column":3}},"loc":{"start":{"line":8,"column":11},"end":{"line":19,"column":3}},"line":8}},"branchMap":{},"s":{"0":0,"1":0},"f":{"0":0,"1":0},"b":{},"_coverageSchema":"1a1c01bbd47fc00a2c39e90264f33305004495a9","hash":"19748a95b7c1380ceb2d92355a6c1a4f0d84dcb2"}
,"/Users/nzabalza/Immersive/Sprints/FEC/reviews/client/src/Components/ReviewBody/highlightedReviews.jsx": {"path":"/Users/nzabalza/Immersive/Sprints/FEC/reviews/client/src/Components/ReviewBody/highlightedReviews.jsx","statementMap":{"0":{"start":{"line":5,"column":4},"end":{"line":5,"column":12}},"1":{"start":{"line":9,"column":4},"end":{"line":38,"column":6}}},"fnMap":{"0":{"name":"(anonymous_0)","decl":{"start":{"line":4,"column":2},"end":{"line":4,"column":3}},"loc":{"start":{"line":4,"column":21},"end":{"line":6,"column":3}},"line":4},"1":{"name":"(anonymous_1)","decl":{"start":{"line":8,"column":2},"end":{"line":8,"column":3}},"loc":{"start":{"line":8,"column":11},"end":{"line":39,"column":3}},"line":8}},"branchMap":{},"s":{"0":0,"1":0},"f":{"0":0,"1":0},"b":{},"_coverageSchema":"1a1c01bbd47fc00a2c39e90264f33305004495a9","hash":"8e7bc978c425fd3cee56901b3153f4511b2ea70e"}
,"/Users/nzabalza/Immersive/Sprints/FEC/reviews/client/src/Components/ReviewBody/index.jsx": {"path":"/Users/nzabalza/Immersive/Sprints/FEC/reviews/client/src/Components/ReviewBody/index.jsx","statementMap":{"0":{"start":{"line":7,"column":4},"end":{"line":7,"column":12}},"1":{"start":{"line":11,"column":4},"end":{"line":21,"column":6}}},"fnMap":{"0":{"name":"(anonymous_0)","decl":{"start":{"line":6,"column":2},"end":{"line":6,"column":3}},"loc":{"start":{"line":6,"column":21},"end":{"line":8,"column":3}},"line":6},"1":{"name":"(anonymous_1)","decl":{"start":{"line":10,"column":2},"end":{"line":10,"column":3}},"loc":{"start":{"line":10,"column":11},"end":{"line":22,"column":3}},"line":10}},"branchMap":{},"s":{"0":0,"1":0},"f":{"0":0,"1":0},"b":{},"_coverageSchema":"1a1c01bbd47fc00a2c39e90264f33305004495a9","hash":"86bce8cd8f7aa4d1af852052c7c9b87eba18c5e2"}
,"/Users/nzabalza/Immersive/Sprints/FEC/reviews/client/src/Components/ReviewBody/starChart.jsx": {"path":"/Users/nzabalza/Immersive/Sprints/FEC/reviews/client/src/Components/ReviewBody/starChart.jsx","statementMap":{"0":{"start":{"line":5,"column":4},"end":{"line":5,"column":12}},"1":{"start":{"line":9,"column":4},"end":{"line":19,"column":6}}},"fnMap":{"0":{"name":"(anonymous_0)","decl":{"start":{"line":4,"column":2},"end":{"line":4,"column":3}},"loc":{"start":{"line":4,"column":21},"end":{"line":6,"column":3}},"line":4},"1":{"name":"(anonymous_1)","decl":{"start":{"line":8,"column":2},"end":{"line":8,"column":3}},"loc":{"start":{"line":8,"column":11},"end":{"line":20,"column":3}},"line":8}},"branchMap":{},"s":{"0":0,"1":0},"f":{"0":0,"1":0},"b":{},"_coverageSchema":"1a1c01bbd47fc00a2c39e90264f33305004495a9","hash":"9dcbdd4b6c01892226a050e5228ee295a3ca9185"}
,"/Users/nzabalza/Immersive/Sprints/FEC/reviews/client/src/Components/ReviewBody/starChartRow.jsx": {"path":"/Users/nzabalza/Immersive/Sprints/FEC/reviews/client/src/Components/ReviewBody/starChartRow.jsx","statementMap":{"0":{"start":{"line":3,"column":4},"end":{"line":3,"column":12}},"1":{"start":{"line":7,"column":4},"end":{"line":9,"column":6}}},"fnMap":{"0":{"name":"(anonymous_0)","decl":{"start":{"line":2,"column":2},"end":{"line":2,"column":3}},"loc":{"start":{"line":2,"column":21},"end":{"line":4,"column":3}},"line":2},"1":{"name":"(anonymous_1)","decl":{"start":{"line":6,"column":2},"end":{"line":6,"column":3}},"loc":{"start":{"line":6,"column":11},"end":{"line":10,"column":3}},"line":6}},"branchMap":{},"s":{"0":0,"1":0},"f":{"0":0,"1":0},"b":{},"_coverageSchema":"1a1c01bbd47fc00a2c39e90264f33305004495a9","hash":"daa4b40e19e1820e8f29cade71a525a7d67c8ac0"}
,"/Users/nzabalza/Immersive/Sprints/FEC/reviews/client/src/Components/ReviewHeader/index.jsx": {"path":"/Users/nzabalza/Immersive/Sprints/FEC/reviews/client/src/Components/ReviewHeader/index.jsx","statementMap":{"0":{"start":{"line":15,"column":20},"end":{"line":15,"column":30}},"1":{"start":{"line":24,"column":22},"end":{"line":24,"column":24}},"2":{"start":{"line":25,"column":4},"end":{"line":25,"column":44}},"3":{"start":{"line":26,"column":4},"end":{"line":26,"column":39}},"4":{"start":{"line":27,"column":4},"end":{"line":27,"column":40}},"5":{"start":{"line":28,"column":4},"end":{"line":28,"column":35}},"6":{"start":{"line":30,"column":4},"end":{"line":30,"column":21}},"7":{"start":{"line":34,"column":19},"end":{"line":34,"column":27}},"8":{"start":{"line":35,"column":4},"end":{"line":35,"column":56}},"9":{"start":{"line":39,"column":19},"end":{"line":39,"column":27}},"10":{"start":{"line":40,"column":4},"end":{"line":40,"column":56}},"11":{"start":{"line":44,"column":19},"end":{"line":44,"column":27}},"12":{"start":{"line":45,"column":4},"end":{"line":45,"column":118}},"13":{"start":{"line":49,"column":19},"end":{"line":49,"column":27}},"14":{"start":{"line":50,"column":4},"end":{"line":50,"column":113}},"15":{"start":{"line":54,"column":4},"end":{"line":54,"column":23}},"16":{"start":{"line":56,"column":4},"end":{"line":58,"column":7}},"17":{"start":{"line":62,"column":4},"end":{"line":62,"column":23}},"18":{"start":{"line":64,"column":4},"end":{"line":64,"column":93}},"19":{"start":{"line":68,"column":47},"end":{"line":68,"column":57}},"20":{"start":{"line":69,"column":4},"end":{"line":109,"column":6}},"21":{"start":{"line":113,"column":17},"end":{"line":120,"column":1}},"22":{"start":{"line":114,"column":45},"end":{"line":114,"column":50}},"23":{"start":{"line":116,"column":2},"end":{"line":119,"column":4}},"24":{"start":{"line":122,"column":28},"end":{"line":122,"column":59}}},"fnMap":{"0":{"name":"(anonymous_0)","decl":{"start":{"line":23,"column":2},"end":{"line":23,"column":3}},"loc":{"start":{"line":23,"column":54},"end":{"line":31,"column":3}},"line":23},"1":{"name":"(anonymous_1)","decl":{"start":{"line":33,"column":2},"end":{"line":33,"column":3}},"loc":{"start":{"line":33,"column":28},"end":{"line":36,"column":3}},"line":33},"2":{"name":"(anonymous_2)","decl":{"start":{"line":38,"column":2},"end":{"line":38,"column":3}},"loc":{"start":{"line":38,"column":27},"end":{"line":41,"column":3}},"line":38},"3":{"name":"(anonymous_3)","decl":{"start":{"line":43,"column":2},"end":{"line":43,"column":3}},"loc":{"start":{"line":43,"column":28},"end":{"line":46,"column":3}},"line":43},"4":{"name":"(anonymous_4)","decl":{"start":{"line":48,"column":2},"end":{"line":48,"column":3}},"loc":{"start":{"line":48,"column":27},"end":{"line":51,"column":3}},"line":48},"5":{"name":"(anonymous_5)","decl":{"start":{"line":53,"column":2},"end":{"line":53,"column":3}},"loc":{"start":{"line":53,"column":25},"end":{"line":59,"column":3}},"line":53},"6":{"name":"(anonymous_6)","decl":{"start":{"line":61,"column":2},"end":{"line":61,"column":3}},"loc":{"start":{"line":61,"column":27},"end":{"line":65,"column":3}},"line":61},"7":{"name":"(anonymous_7)","decl":{"start":{"line":67,"column":2},"end":{"line":67,"column":3}},"loc":{"start":{"line":67,"column":11},"end":{"line":110,"column":3}},"line":67},"8":{"name":"(anonymous_8)","decl":{"start":{"line":113,"column":17},"end":{"line":113,"column":18}},"loc":{"start":{"line":113,"column":33},"end":{"line":120,"column":1}},"line":113}},"branchMap":{},"s":{"0":1,"1":0,"2":0,"3":0,"4":0,"5":0,"6":0,"7":0,"8":0,"9":0,"10":0,"11":0,"12":0,"13":0,"14":0,"15":0,"16":0,"17":0,"18":0,"19":0,"20":0,"21":1,"22":0,"23":0,"24":1},"f":{"0":0,"1":0,"2":0,"3":0,"4":0,"5":0,"6":0,"7":0,"8":0},"b":{},"_coverageSchema":"1a1c01bbd47fc00a2c39e90264f33305004495a9","hash":"9831631a4cd2484d85228fb666d581f08f461f2b"}
,"/Users/nzabalza/Immersive/Sprints/FEC/reviews/client/src/Components/Reviews/activeFilters.jsx": {"path":"/Users/nzabalza/Immersive/Sprints/FEC/reviews/client/src/Components/Reviews/activeFilters.jsx","statementMap":{"0":{"start":{"line":3,"column":20},"end":{"line":3,"column":30}},"1":{"start":{"line":14,"column":37},"end":{"line":14,"column":47}},"2":{"start":{"line":16,"column":4},"end":{"line":16,"column":42}},"3":{"start":{"line":20,"column":37},"end":{"line":20,"column":47}},"4":{"start":{"line":22,"column":4},"end":{"line":22,"column":53}},"5":{"start":{"line":26,"column":23},"end":{"line":26,"column":33}},"6":{"start":{"line":27,"column":35},"end":{"line":27,"column":37}},"7":{"start":{"line":29,"column":4},"end":{"line":34,"column":5}},"8":{"start":{"line":29,"column":17},"end":{"line":29,"column":18}},"9":{"start":{"line":30,"column":22},"end":{"line":30,"column":34}},"10":{"start":{"line":31,"column":6},"end":{"line":33,"column":7}},"11":{"start":{"line":32,"column":8},"end":{"line":32,"column":45}},"12":{"start":{"line":36,"column":26},"end":{"line":36,"column":28}},"13":{"start":{"line":38,"column":4},"end":{"line":139,"column":5}},"14":{"start":{"line":39,"column":6},"end":{"line":87,"column":9}},"15":{"start":{"line":40,"column":8},"end":{"line":86,"column":10}},"16":{"start":{"line":89,"column":6},"end":{"line":136,"column":8}},"17":{"start":{"line":138,"column":6},"end":{"line":138,"column":21}},"18":{"start":{"line":141,"column":4},"end":{"line":171,"column":6}},"19":{"start":{"line":175,"column":17},"end":{"line":180,"column":1}},"20":{"start":{"line":176,"column":21},"end":{"line":176,"column":26}},"21":{"start":{"line":177,"column":2},"end":{"line":179,"column":4}},"22":{"start":{"line":182,"column":20},"end":{"line":186,"column":1}},"23":{"start":{"line":183,"column":2},"end":{"line":185,"column":4}},"24":{"start":{"line":184,"column":47},"end":{"line":184,"column":85}},"25":{"start":{"line":188,"column":29},"end":{"line":188,"column":74}}},"fnMap":{"0":{"name":"(anonymous_0)","decl":{"start":{"line":13,"column":2},"end":{"line":13,"column":3}},"loc":{"start":{"line":13,"column":33},"end":{"line":17,"column":3}},"line":13},"1":{"name":"(anonymous_1)","decl":{"start":{"line":19,"column":2},"end":{"line":19,"column":3}},"loc":{"start":{"line":19,"column":28},"end":{"line":23,"column":3}},"line":19},"2":{"name":"(anonymous_2)","decl":{"start":{"line":25,"column":2},"end":{"line":25,"column":3}},"loc":{"start":{"line":25,"column":11},"end":{"line":172,"column":3}},"line":25},"3":{"name":"(anonymous_3)","decl":{"start":{"line":39,"column":37},"end":{"line":39,"column":38}},"loc":{"start":{"line":39,"column":55},"end":{"line":87,"column":7}},"line":39},"4":{"name":"(anonymous_4)","decl":{"start":{"line":175,"column":17},"end":{"line":175,"column":18}},"loc":{"start":{"line":175,"column":33},"end":{"line":180,"column":1}},"line":175},"5":{"name":"(anonymous_5)","decl":{"start":{"line":182,"column":20},"end":{"line":182,"column":21}},"loc":{"start":{"line":182,"column":39},"end":{"line":186,"column":1}},"line":182},"6":{"name":"(anonymous_6)","decl":{"start":{"line":184,"column":26},"end":{"line":184,"column":27}},"loc":{"start":{"line":184,"column":45},"end":{"line":184,"column":87}},"line":184}},"branchMap":{"0":{"loc":{"start":{"line":31,"column":6},"end":{"line":33,"column":7}},"type":"if","locations":[{"start":{"line":31,"column":6},"end":{"line":33,"column":7}},{"start":{"line":31,"column":6},"end":{"line":33,"column":7}}],"line":31},"1":{"loc":{"start":{"line":38,"column":4},"end":{"line":139,"column":5}},"type":"if","locations":[{"start":{"line":38,"column":4},"end":{"line":139,"column":5}},{"start":{"line":38,"column":4},"end":{"line":139,"column":5}}],"line":38},"2":{"loc":{"start":{"line":47,"column":21},"end":{"line":47,"column":59}},"type":"cond-expr","locations":[{"start":{"line":47,"column":44},"end":{"line":47,"column":50}},{"start":{"line":47,"column":53},"end":{"line":47,"column":59}}],"line":47},"3":{"loc":{"start":{"line":60,"column":37},"end":{"line":60,"column":68}},"type":"cond-expr","locations":[{"start":{"line":60,"column":60},"end":{"line":60,"column":62}},{"start":{"line":60,"column":65},"end":{"line":60,"column":68}}],"line":60}},"s":{"0":1,"1":0,"2":0,"3":0,"4":0,"5":0,"6":0,"7":0,"8":0,"9":0,"10":0,"11":0,"12":0,"13":0,"14":0,"15":0,"16":0,"17":0,"18":0,"19":1,"20":0,"21":0,"22":1,"23":0,"24":0,"25":1},"f":{"0":0,"1":0,"2":0,"3":0,"4":0,"5":0,"6":0},"b":{"0":[0,0],"1":[0,0],"2":[0,0],"3":[0,0]},"_coverageSchema":"1a1c01bbd47fc00a2c39e90264f33305004495a9","hash":"3bf231fbae876eb2927abbd90e0e0d2e7c2b0ecf"}
,"/Users/nzabalza/Immersive/Sprints/FEC/reviews/client/src/Components/Reviews/calculateFilteredReviews.jsx": {"path":"/Users/nzabalza/Immersive/Sprints/FEC/reviews/client/src/Components/Reviews/calculateFilteredReviews.jsx","statementMap":{"0":{"start":{"line":4,"column":20},"end":{"line":4,"column":30}},"1":{"start":{"line":8,"column":4},"end":{"line":10,"column":5}},"2":{"start":{"line":9,"column":6},"end":{"line":9,"column":24}},"3":{"start":{"line":12,"column":28},"end":{"line":12,"column":30}},"4":{"start":{"line":14,"column":4},"end":{"line":18,"column":7}},"5":{"start":{"line":15,"column":6},"end":{"line":17,"column":7}},"6":{"start":{"line":16,"column":8},"end":{"line":16,"column":37}},"7":{"start":{"line":20,"column":4},"end":{"line":20,"column":27}},"8":{"start":{"line":39,"column":25},"end":{"line":45,"column":5}},"9":{"start":{"line":47,"column":26},"end":{"line":47,"column":28}},"10":{"start":{"line":48,"column":26},"end":{"line":48,"column":29}},"11":{"start":{"line":49,"column":32},"end":{"line":49,"column":35}},"12":{"start":{"line":50,"column":32},"end":{"line":50,"column":35}},"13":{"start":{"line":51,"column":32},"end":{"line":51,"column":36}},"14":{"start":{"line":52,"column":26},"end":{"line":52,"column":30}},"15":{"start":{"line":54,"column":25},"end":{"line":60,"column":5}},"16":{"start":{"line":62,"column":31},"end":{"line":68,"column":5}},"17":{"start":{"line":70,"column":4},"end":{"line":118,"column":7}},"18":{"start":{"line":71,"column":24},"end":{"line":71,"column":30}},"19":{"start":{"line":73,"column":6},"end":{"line":117,"column":7}},"20":{"start":{"line":74,"column":32},"end":{"line":74,"column":38}},"21":{"start":{"line":78,"column":8},"end":{"line":93,"column":9}},"22":{"start":{"line":79,"column":10},"end":{"line":79,"column":23}},"23":{"start":{"line":80,"column":10},"end":{"line":80,"column":29}},"24":{"start":{"line":81,"column":15},"end":{"line":93,"column":9}},"25":{"start":{"line":82,"column":10},"end":{"line":82,"column":23}},"26":{"start":{"line":83,"column":10},"end":{"line":83,"column":36}},"27":{"start":{"line":84,"column":15},"end":{"line":93,"column":9}},"28":{"start":{"line":85,"column":10},"end":{"line":85,"column":23}},"29":{"start":{"line":86,"column":10},"end":{"line":86,"column":25}},"30":{"start":{"line":87,"column":15},"end":{"line":93,"column":9}},"31":{"start":{"line":88,"column":10},"end":{"line":88,"column":23}},"32":{"start":{"line":89,"column":10},"end":{"line":89,"column":36}},"33":{"start":{"line":91,"column":10},"end":{"line":91,"column":23}},"34":{"start":{"line":92,"column":10},"end":{"line":92,"column":32}},"35":{"start":{"line":95,"column":32},"end":{"line":95,"column":70}},"36":{"start":{"line":97,"column":8},"end":{"line":116,"column":9}},"37":{"start":{"line":98,"column":10},"end":{"line":98,"column":53}},"38":{"start":{"line":100,"column":39},"end":{"line":100,"column":65}},"39":{"start":{"line":102,"column":10},"end":{"line":111,"column":11}},"40":{"start":{"line":102,"column":23},"end":{"line":102,"column":24}},"41":{"start":{"line":103,"column":12},"end":{"line":110,"column":13}},"42":{"start":{"line":104,"column":14},"end":{"line":107,"column":15}},"43":{"start":{"line":105,"column":16},"end":{"line":105,"column":38}},"44":{"start":{"line":106,"column":16},"end":{"line":106,"column":22}},"45":{"start":{"line":109,"column":14},"end":{"line":109,"column":36}},"46":{"start":{"line":113,"column":10},"end":{"line":113,"column":72}},"47":{"start":{"line":115,"column":10},"end":{"line":115,"column":51}},"48":{"start":{"line":120,"column":4},"end":{"line":126,"column":5}},"49":{"start":{"line":120,"column":17},"end":{"line":120,"column":18}},"50":{"start":{"line":121,"column":35},"end":{"line":121,"column":56}},"51":{"start":{"line":122,"column":6},"end":{"line":125,"column":7}},"52":{"start":{"line":122,"column":19},"end":{"line":122,"column":50}},"53":{"start":{"line":123,"column":32},"end":{"line":123,"column":78}},"54":{"start":{"line":124,"column":8},"end":{"line":124,"column":80}},"55":{"start":{"line":128,"column":4},"end":{"line":128,"column":27}},"56":{"start":{"line":194,"column":26},"end":{"line":194,"column":28}},"57":{"start":{"line":195,"column":25},"end":{"line":201,"column":5}},"58":{"start":{"line":203,"column":4},"end":{"line":209,"column":7}},"59":{"start":{"line":204,"column":24},"end":{"line":204,"column":30}},"60":{"start":{"line":206,"column":6},"end":{"line":208,"column":7}},"61":{"start":{"line":207,"column":8},"end":{"line":207,"column":41}},"62":{"start":{"line":211,"column":4},"end":{"line":215,"column":5}},"63":{"start":{"line":212,"column":6},"end":{"line":214,"column":7}},"64":{"start":{"line":212,"column":19},"end":{"line":212,"column":20}},"65":{"start":{"line":213,"column":8},"end":{"line":213,"column":66}},"66":{"start":{"line":217,"column":4},"end":{"line":221,"column":5}},"67":{"start":{"line":218,"column":6},"end":{"line":220,"column":7}},"68":{"start":{"line":218,"column":19},"end":{"line":218,"column":20}},"69":{"start":{"line":219,"column":8},"end":{"line":219,"column":66}},"70":{"start":{"line":223,"column":4},"end":{"line":223,"column":27}},"71":{"start":{"line":232,"column":8},"end":{"line":232,"column":18}},"72":{"start":{"line":234,"column":24},"end":{"line":234,"column":26}},"73":{"start":{"line":236,"column":4},"end":{"line":240,"column":5}},"74":{"start":{"line":236,"column":17},"end":{"line":236,"column":18}},"75":{"start":{"line":237,"column":6},"end":{"line":239,"column":7}},"76":{"start":{"line":238,"column":8},"end":{"line":238,"column":30}},"77":{"start":{"line":242,"column":4},"end":{"line":244,"column":5}},"78":{"start":{"line":243,"column":6},"end":{"line":243,"column":38}},"79":{"start":{"line":248,"column":4},"end":{"line":250,"column":5}},"80":{"start":{"line":249,"column":6},"end":{"line":249,"column":82}},"81":{"start":{"line":252,"column":4},"end":{"line":254,"column":5}},"82":{"start":{"line":253,"column":6},"end":{"line":253,"column":83}},"83":{"start":{"line":256,"column":4},"end":{"line":258,"column":5}},"84":{"start":{"line":257,"column":6},"end":{"line":257,"column":90}},"85":{"start":{"line":260,"column":4},"end":{"line":262,"column":5}},"86":{"start":{"line":261,"column":6},"end":{"line":261,"column":90}},"87":{"start":{"line":264,"column":4},"end":{"line":270,"column":5}},"88":{"start":{"line":265,"column":6},"end":{"line":265,"column":50}},"89":{"start":{"line":266,"column":11},"end":{"line":270,"column":5}},"90":{"start":{"line":267,"column":6},"end":{"line":267,"column":74}},"91":{"start":{"line":269,"column":6},"end":{"line":269,"column":49}},"92":{"start":{"line":272,"column":4},"end":{"line":272,"column":51}},"93":{"start":{"line":274,"column":4},"end":{"line":274,"column":16}},"94":{"start":{"line":278,"column":17},"end":{"line":285,"column":1}},"95":{"start":{"line":279,"column":33},"end":{"line":279,"column":38}},"96":{"start":{"line":281,"column":2},"end":{"line":284,"column":4}},"97":{"start":{"line":287,"column":20},"end":{"line":292,"column":1}},"98":{"start":{"line":288,"column":2},"end":{"line":291,"column":4}},"99":{"start":{"line":289,"column":58},"end":{"line":289,"column":107}},"100":{"start":{"line":290,"column":52},"end":{"line":290,"column":95}},"101":{"start":{"line":294,"column":40},"end":{"line":294,"column":96}}},"fnMap":{"0":{"name":"(anonymous_0)","decl":{"start":{"line":7,"column":2},"end":{"line":7,"column":3}},"loc":{"start":{"line":7,"column":55},"end":{"line":21,"column":3}},"line":7},"1":{"name":"(anonymous_1)","decl":{"start":{"line":14,"column":23},"end":{"line":14,"column":24}},"loc":{"start":{"line":14,"column":35},"end":{"line":18,"column":5}},"line":14},"2":{"name":"(anonymous_2)","decl":{"start":{"line":38,"column":2},"end":{"line":38,"column":3}},"loc":{"start":{"line":38,"column":56},"end":{"line":129,"column":3}},"line":38},"3":{"name":"(anonymous_3)","decl":{"start":{"line":70,"column":23},"end":{"line":70,"column":24}},"loc":{"start":{"line":70,"column":35},"end":{"line":118,"column":5}},"line":70},"4":{"name":"(anonymous_4)","decl":{"start":{"line":193,"column":2},"end":{"line":193,"column":3}},"loc":{"start":{"line":193,"column":58},"end":{"line":224,"column":3}},"line":193},"5":{"name":"(anonymous_5)","decl":{"start":{"line":203,"column":23},"end":{"line":203,"column":24}},"loc":{"start":{"line":203,"column":35},"end":{"line":209,"column":5}},"line":203},"6":{"name":"(anonymous_6)","decl":{"start":{"line":226,"column":2},"end":{"line":226,"column":3}},"loc":{"start":{"line":226,"column":11},"end":{"line":275,"column":3}},"line":226},"7":{"name":"(anonymous_7)","decl":{"start":{"line":278,"column":17},"end":{"line":278,"column":18}},"loc":{"start":{"line":278,"column":33},"end":{"line":285,"column":1}},"line":278},"8":{"name":"(anonymous_8)","decl":{"start":{"line":287,"column":20},"end":{"line":287,"column":21}},"loc":{"start":{"line":287,"column":39},"end":{"line":292,"column":1}},"line":287},"9":{"name":"(anonymous_9)","decl":{"start":{"line":289,"column":35},"end":{"line":289,"column":36}},"loc":{"start":{"line":289,"column":56},"end":{"line":289,"column":109}},"line":289},"10":{"name":"(anonymous_10)","decl":{"start":{"line":290,"column":31},"end":{"line":290,"column":32}},"loc":{"start":{"line":290,"column":50},"end":{"line":290,"column":97}},"line":290}},"branchMap":{"0":{"loc":{"start":{"line":8,"column":4},"end":{"line":10,"column":5}},"type":"if","locations":[{"start":{"line":8,"column":4},"end":{"line":10,"column":5}},{"start":{"line":8,"column":4},"end":{"line":10,"column":5}}],"line":8},"1":{"loc":{"start":{"line":15,"column":6},"end":{"line":17,"column":7}},"type":"if","locations":[{"start":{"line":15,"column":6},"end":{"line":17,"column":7}},{"start":{"line":15,"column":6},"end":{"line":17,"column":7}}],"line":15},"2":{"loc":{"start":{"line":73,"column":6},"end":{"line":117,"column":7}},"type":"if","locations":[{"start":{"line":73,"column":6},"end":{"line":117,"column":7}},{"start":{"line":73,"column":6},"end":{"line":117,"column":7}}],"line":73},"3":{"loc":{"start":{"line":78,"column":8},"end":{"line":93,"column":9}},"type":"if","locations":[{"start":{"line":78,"column":8},"end":{"line":93,"column":9}},{"start":{"line":78,"column":8},"end":{"line":93,"column":9}}],"line":78},"4":{"loc":{"start":{"line":78,"column":12},"end":{"line":78,"column":35}},"type":"binary-expr","locations":[{"start":{"line":78,"column":12},"end":{"line":78,"column":22}},{"start":{"line":78,"column":26},"end":{"line":78,"column":35}}],"line":78},"5":{"loc":{"start":{"line":81,"column":15},"end":{"line":93,"column":9}},"type":"if","locations":[{"start":{"line":81,"column":15},"end":{"line":93,"column":9}},{"start":{"line":81,"column":15},"end":{"line":93,"column":9}}],"line":81},"6":{"loc":{"start":{"line":81,"column":19},"end":{"line":81,"column":56}},"type":"binary-expr","locations":[{"start":{"line":81,"column":19},"end":{"line":81,"column":28}},{"start":{"line":81,"column":32},"end":{"line":81,"column":40}},{"start":{"line":81,"column":44},"end":{"line":81,"column":56}}],"line":81},"7":{"loc":{"start":{"line":84,"column":15},"end":{"line":93,"column":9}},"type":"if","locations":[{"start":{"line":84,"column":15},"end":{"line":93,"column":9}},{"start":{"line":84,"column":15},"end":{"line":93,"column":9}}],"line":84},"8":{"loc":{"start":{"line":87,"column":15},"end":{"line":93,"column":9}},"type":"if","locations":[{"start":{"line":87,"column":15},"end":{"line":93,"column":9}},{"start":{"line":87,"column":15},"end":{"line":93,"column":9}}],"line":87},"9":{"loc":{"start":{"line":87,"column":19},"end":{"line":87,"column":56}},"type":"binary-expr","locations":[{"start":{"line":87,"column":19},"end":{"line":87,"column":28}},{"start":{"line":87,"column":32},"end":{"line":87,"column":40}},{"start":{"line":87,"column":44},"end":{"line":87,"column":56}}],"line":87},"10":{"loc":{"start":{"line":97,"column":8},"end":{"line":116,"column":9}},"type":"if","locations":[{"start":{"line":97,"column":8},"end":{"line":116,"column":9}},{"start":{"line":97,"column":8},"end":{"line":116,"column":9}}],"line":97},"11":{"loc":{"start":{"line":103,"column":12},"end":{"line":110,"column":13}},"type":"if","locations":[{"start":{"line":103,"column":12},"end":{"line":110,"column":13}},{"start":{"line":103,"column":12},"end":{"line":110,"column":13}}],"line":103},"12":{"loc":{"start":{"line":104,"column":14},"end":{"line":107,"column":15}},"type":"if","locations":[{"start":{"line":104,"column":14},"end":{"line":107,"column":15}},{"start":{"line":104,"column":14},"end":{"line":107,"column":15}}],"line":104},"13":{"loc":{"start":{"line":206,"column":6},"end":{"line":208,"column":7}},"type":"if","locations":[{"start":{"line":206,"column":6},"end":{"line":208,"column":7}},{"start":{"line":206,"column":6},"end":{"line":208,"column":7}}],"line":206},"14":{"loc":{"start":{"line":211,"column":4},"end":{"line":215,"column":5}},"type":"if","locations":[{"start":{"line":211,"column":4},"end":{"line":215,"column":5}},{"start":{"line":211,"column":4},"end":{"line":215,"column":5}}],"line":211},"15":{"loc":{"start":{"line":217,"column":4},"end":{"line":221,"column":5}},"type":"if","locations":[{"start":{"line":217,"column":4},"end":{"line":221,"column":5}},{"start":{"line":217,"column":4},"end":{"line":221,"column":5}}],"line":217},"16":{"loc":{"start":{"line":237,"column":6},"end":{"line":239,"column":7}},"type":"if","locations":[{"start":{"line":237,"column":6},"end":{"line":239,"column":7}},{"start":{"line":237,"column":6},"end":{"line":239,"column":7}}],"line":237},"17":{"loc":{"start":{"line":242,"column":4},"end":{"line":244,"column":5}},"type":"if","locations":[{"start":{"line":242,"column":4},"end":{"line":244,"column":5}},{"start":{"line":242,"column":4},"end":{"line":244,"column":5}}],"line":242},"18":{"loc":{"start":{"line":248,"column":4},"end":{"line":250,"column":5}},"type":"if","locations":[{"start":{"line":248,"column":4},"end":{"line":250,"column":5}},{"start":{"line":248,"column":4},"end":{"line":250,"column":5}}],"line":248},"19":{"loc":{"start":{"line":252,"column":4},"end":{"line":254,"column":5}},"type":"if","locations":[{"start":{"line":252,"column":4},"end":{"line":254,"column":5}},{"start":{"line":252,"column":4},"end":{"line":254,"column":5}}],"line":252},"20":{"loc":{"start":{"line":256,"column":4},"end":{"line":258,"column":5}},"type":"if","locations":[{"start":{"line":256,"column":4},"end":{"line":258,"column":5}},{"start":{"line":256,"column":4},"end":{"line":258,"column":5}}],"line":256},"21":{"loc":{"start":{"line":260,"column":4},"end":{"line":262,"column":5}},"type":"if","locations":[{"start":{"line":260,"column":4},"end":{"line":262,"column":5}},{"start":{"line":260,"column":4},"end":{"line":262,"column":5}}],"line":260},"22":{"loc":{"start":{"line":264,"column":4},"end":{"line":270,"column":5}},"type":"if","locations":[{"start":{"line":264,"column":4},"end":{"line":270,"column":5}},{"start":{"line":264,"column":4},"end":{"line":270,"column":5}}],"line":264},"23":{"loc":{"start":{"line":266,"column":11},"end":{"line":270,"column":5}},"type":"if","locations":[{"start":{"line":266,"column":11},"end":{"line":270,"column":5}},{"start":{"line":266,"column":11},"end":{"line":270,"column":5}}],"line":266}},"s":{"0":1,"1":0,"2":0,"3":0,"4":0,"5":0,"6":0,"7":0,"8":0,"9":0,"10":0,"11":0,"12":0,"13":0,"14":0,"15":0,"16":0,"17":0,"18":0,"19":0,"20":0,"21":0,"22":0,"23":0,"24":0,"25":0,"26":0,"27":0,"28":0,"29":0,"30":0,"31":0,"32":0,"33":0,"34":0,"35":0,"36":0,"37":0,"38":0,"39":0,"40":0,"41":0,"42":0,"43":0,"44":0,"45":0,"46":0,"47":0,"48":0,"49":0,"50":0,"51":0,"52":0,"53":0,"54":0,"55":0,"56":0,"57":0,"58":0,"59":0,"60":0,"61":0,"62":0,"63":0,"64":0,"65":0,"66":0,"67":0,"68":0,"69":0,"70":0,"71":0,"72":0,"73":0,"74":0,"75":0,"76":0,"77":0,"78":0,"79":0,"80":0,"81":0,"82":0,"83":0,"84":0,"85":0,"86":0,"87":0,"88":0,"89":0,"90":0,"91":0,"92":0,"93":0,"94":1,"95":0,"96":0,"97":1,"98":0,"99":0,"100":0,"101":1},"f":{"0":0,"1":0,"2":0,"3":0,"4":0,"5":0,"6":0,"7":0,"8":0,"9":0,"10":0},"b":{"0":[0,0],"1":[0,0],"2":[0,0],"3":[0,0],"4":[0,0],"5":[0,0],"6":[0,0,0],"7":[0,0],"8":[0,0],"9":[0,0,0],"10":[0,0],"11":[0,0],"12":[0,0],"13":[0,0],"14":[0,0],"15":[0,0],"16":[0,0],"17":[0,0],"18":[0,0],"19":[0,0],"20":[0,0],"21":[0,0],"22":[0,0],"23":[0,0]},"_coverageSchema":"1a1c01bbd47fc00a2c39e90264f33305004495a9","hash":"03a93126aab96fe790642d23d81fd951a23c2c97"}
,"/Users/nzabalza/Immersive/Sprints/FEC/reviews/client/src/Components/Reviews/filter.jsx": {"path":"/Users/nzabalza/Immersive/Sprints/FEC/reviews/client/src/Components/Reviews/filter.jsx","statementMap":{"0":{"start":{"line":8,"column":20},"end":{"line":8,"column":30}},"1":{"start":{"line":10,"column":0},"end":{"line":12,"column":3}},"2":{"start":{"line":11,"column":2},"end":{"line":11,"column":77}},"3":{"start":{"line":21,"column":94},"end":{"line":21,"column":104}},"4":{"start":{"line":23,"column":4},"end":{"line":25,"column":5}},"5":{"start":{"line":24,"column":6},"end":{"line":24,"column":53}},"6":{"start":{"line":29,"column":94},"end":{"line":29,"column":104}},"7":{"start":{"line":31,"column":4},"end":{"line":31,"column":86}},"8":{"start":{"line":32,"column":4},"end":{"line":32,"column":61}},"9":{"start":{"line":34,"column":4},"end":{"line":36,"column":5}},"10":{"start":{"line":35,"column":6},"end":{"line":35,"column":82}},"11":{"start":{"line":45,"column":8},"end":{"line":45,"column":18}},"12":{"start":{"line":47,"column":4},"end":{"line":50,"column":5}},"13":{"start":{"line":48,"column":6},"end":{"line":48,"column":54}},"14":{"start":{"line":49,"column":6},"end":{"line":49,"column":63}},"15":{"start":{"line":54,"column":66},"end":{"line":54,"column":76}},"16":{"start":{"line":56,"column":4},"end":{"line":56,"column":60}},"17":{"start":{"line":58,"column":4},"end":{"line":58,"column":80}},"18":{"start":{"line":62,"column":85},"end":{"line":62,"column":95}},"19":{"start":{"line":64,"column":4},"end":{"line":64,"column":74}},"20":{"start":{"line":68,"column":4},"end":{"line":70,"column":10}},"21":{"start":{"line":69,"column":6},"end":{"line":69,"column":88}},"22":{"start":{"line":74,"column":65},"end":{"line":74,"column":75}},"23":{"start":{"line":76,"column":4},"end":{"line":76,"column":54}},"24":{"start":{"line":80,"column":19},"end":{"line":80,"column":73}},"25":{"start":{"line":82,"column":4},"end":{"line":82,"column":42}},"26":{"start":{"line":83,"column":4},"end":{"line":83,"column":65}},"27":{"start":{"line":84,"column":4},"end":{"line":84,"column":45}},"28":{"start":{"line":88,"column":19},"end":{"line":88,"column":73}},"29":{"start":{"line":90,"column":4},"end":{"line":90,"column":45}},"30":{"start":{"line":91,"column":4},"end":{"line":91,"column":36}},"31":{"start":{"line":92,"column":4},"end":{"line":92,"column":45}},"32":{"start":{"line":102,"column":8},"end":{"line":102,"column":18}},"33":{"start":{"line":105,"column":4},"end":{"line":107,"column":5}},"34":{"start":{"line":106,"column":6},"end":{"line":106,"column":21}},"35":{"start":{"line":111,"column":4},"end":{"line":113,"column":5}},"36":{"start":{"line":112,"column":6},"end":{"line":112,"column":61}},"37":{"start":{"line":115,"column":4},"end":{"line":117,"column":5}},"38":{"start":{"line":116,"column":6},"end":{"line":116,"column":62}},"39":{"start":{"line":119,"column":4},"end":{"line":121,"column":5}},"40":{"start":{"line":120,"column":6},"end":{"line":120,"column":74}},"41":{"start":{"line":123,"column":4},"end":{"line":125,"column":5}},"42":{"start":{"line":124,"column":6},"end":{"line":124,"column":74}},"43":{"start":{"line":127,"column":28},"end":{"line":127,"column":30}},"44":{"start":{"line":129,"column":4},"end":{"line":131,"column":5}},"45":{"start":{"line":130,"column":6},"end":{"line":130,"column":109}},"46":{"start":{"line":133,"column":25},"end":{"line":133,"column":27}},"47":{"start":{"line":135,"column":4},"end":{"line":137,"column":5}},"48":{"start":{"line":136,"column":6},"end":{"line":136,"column":43}},"49":{"start":{"line":139,"column":4},"end":{"line":217,"column":6}},"50":{"start":{"line":221,"column":17},"end":{"line":243,"column":1}},"51":{"start":{"line":231,"column":6},"end":{"line":231,"column":11}},"52":{"start":{"line":233,"column":2},"end":{"line":242,"column":4}},"53":{"start":{"line":245,"column":20},"end":{"line":252,"column":1}},"54":{"start":{"line":246,"column":2},"end":{"line":251,"column":4}},"55":{"start":{"line":247,"column":59},"end":{"line":247,"column":109}},"56":{"start":{"line":248,"column":68},"end":{"line":248,"column":127}},"57":{"start":{"line":249,"column":47},"end":{"line":249,"column":85}},"58":{"start":{"line":250,"column":49},"end":{"line":250,"column":89}},"59":{"start":{"line":254,"column":22},"end":{"line":254,"column":60}}},"fnMap":{"0":{"name":"(anonymous_0)","decl":{"start":{"line":10,"column":67},"end":{"line":10,"column":68}},"loc":{"start":{"line":10,"column":73},"end":{"line":12,"column":1}},"line":10},"1":{"name":"(anonymous_1)","decl":{"start":{"line":20,"column":2},"end":{"line":20,"column":3}},"loc":{"start":{"line":20,"column":47},"end":{"line":26,"column":3}},"line":20},"2":{"name":"(anonymous_2)","decl":{"start":{"line":28,"column":2},"end":{"line":28,"column":3}},"loc":{"start":{"line":28,"column":39},"end":{"line":37,"column":3}},"line":28},"3":{"name":"(anonymous_3)","decl":{"start":{"line":39,"column":2},"end":{"line":39,"column":3}},"loc":{"start":{"line":39,"column":47},"end":{"line":51,"column":3}},"line":39},"4":{"name":"(anonymous_4)","decl":{"start":{"line":53,"column":2},"end":{"line":53,"column":3}},"loc":{"start":{"line":53,"column":38},"end":{"line":59,"column":3}},"line":53},"5":{"name":"(anonymous_5)","decl":{"start":{"line":61,"column":2},"end":{"line":61,"column":3}},"loc":{"start":{"line":61,"column":39},"end":{"line":65,"column":3}},"line":61},"6":{"name":"(anonymous_6)","decl":{"start":{"line":67,"column":2},"end":{"line":67,"column":3}},"loc":{"start":{"line":67,"column":50},"end":{"line":71,"column":3}},"line":67},"7":{"name":"(anonymous_7)","decl":{"start":{"line":68,"column":15},"end":{"line":68,"column":16}},"loc":{"start":{"line":68,"column":21},"end":{"line":70,"column":5}},"line":68},"8":{"name":"(anonymous_8)","decl":{"start":{"line":73,"column":2},"end":{"line":73,"column":3}},"loc":{"start":{"line":73,"column":35},"end":{"line":77,"column":3}},"line":73},"9":{"name":"(anonymous_9)","decl":{"start":{"line":79,"column":2},"end":{"line":79,"column":3}},"loc":{"start":{"line":79,"column":39},"end":{"line":85,"column":3}},"line":79},"10":{"name":"(anonymous_10)","decl":{"start":{"line":87,"column":2},"end":{"line":87,"column":3}},"loc":{"start":{"line":87,"column":38},"end":{"line":93,"column":3}},"line":87},"11":{"name":"(anonymous_11)","decl":{"start":{"line":95,"column":2},"end":{"line":95,"column":3}},"loc":{"start":{"line":95,"column":11},"end":{"line":218,"column":3}},"line":95},"12":{"name":"(anonymous_12)","decl":{"start":{"line":221,"column":17},"end":{"line":221,"column":18}},"loc":{"start":{"line":221,"column":33},"end":{"line":243,"column":1}},"line":221},"13":{"name":"(anonymous_13)","decl":{"start":{"line":245,"column":20},"end":{"line":245,"column":21}},"loc":{"start":{"line":245,"column":39},"end":{"line":252,"column":1}},"line":245},"14":{"name":"(anonymous_14)","decl":{"start":{"line":247,"column":46},"end":{"line":247,"column":47}},"loc":{"start":{"line":247,"column":57},"end":{"line":247,"column":111}},"line":247},"15":{"name":"(anonymous_15)","decl":{"start":{"line":248,"column":55},"end":{"line":248,"column":56}},"loc":{"start":{"line":248,"column":66},"end":{"line":248,"column":129}},"line":248},"16":{"name":"(anonymous_16)","decl":{"start":{"line":249,"column":26},"end":{"line":249,"column":27}},"loc":{"start":{"line":249,"column":45},"end":{"line":249,"column":87}},"line":249},"17":{"name":"(anonymous_17)","decl":{"start":{"line":250,"column":36},"end":{"line":250,"column":37}},"loc":{"start":{"line":250,"column":47},"end":{"line":250,"column":91}},"line":250}},"branchMap":{"0":{"loc":{"start":{"line":23,"column":4},"end":{"line":25,"column":5}},"type":"if","locations":[{"start":{"line":23,"column":4},"end":{"line":25,"column":5}},{"start":{"line":23,"column":4},"end":{"line":25,"column":5}}],"line":23},"1":{"loc":{"start":{"line":34,"column":4},"end":{"line":36,"column":5}},"type":"if","locations":[{"start":{"line":34,"column":4},"end":{"line":36,"column":5}},{"start":{"line":34,"column":4},"end":{"line":36,"column":5}}],"line":34},"2":{"loc":{"start":{"line":47,"column":4},"end":{"line":50,"column":5}},"type":"if","locations":[{"start":{"line":47,"column":4},"end":{"line":50,"column":5}},{"start":{"line":47,"column":4},"end":{"line":50,"column":5}}],"line":47},"3":{"loc":{"start":{"line":47,"column":8},"end":{"line":47,"column":77}},"type":"binary-expr","locations":[{"start":{"line":47,"column":8},"end":{"line":47,"column":38}},{"start":{"line":47,"column":42},"end":{"line":47,"column":77}}],"line":47},"4":{"loc":{"start":{"line":105,"column":4},"end":{"line":107,"column":5}},"type":"if","locations":[{"start":{"line":105,"column":4},"end":{"line":107,"column":5}},{"start":{"line":105,"column":4},"end":{"line":107,"column":5}}],"line":105},"5":{"loc":{"start":{"line":111,"column":4},"end":{"line":113,"column":5}},"type":"if","locations":[{"start":{"line":111,"column":4},"end":{"line":113,"column":5}},{"start":{"line":111,"column":4},"end":{"line":113,"column":5}}],"line":111},"6":{"loc":{"start":{"line":115,"column":4},"end":{"line":117,"column":5}},"type":"if","locations":[{"start":{"line":115,"column":4},"end":{"line":117,"column":5}},{"start":{"line":115,"column":4},"end":{"line":117,"column":5}}],"line":115},"7":{"loc":{"start":{"line":119,"column":4},"end":{"line":121,"column":5}},"type":"if","locations":[{"start":{"line":119,"column":4},"end":{"line":121,"column":5}},{"start":{"line":119,"column":4},"end":{"line":121,"column":5}}],"line":119},"8":{"loc":{"start":{"line":123,"column":4},"end":{"line":125,"column":5}},"type":"if","locations":[{"start":{"line":123,"column":4},"end":{"line":125,"column":5}},{"start":{"line":123,"column":4},"end":{"line":125,"column":5}}],"line":123},"9":{"loc":{"start":{"line":129,"column":4},"end":{"line":131,"column":5}},"type":"if","locations":[{"start":{"line":129,"column":4},"end":{"line":131,"column":5}},{"start":{"line":129,"column":4},"end":{"line":131,"column":5}}],"line":129},"10":{"loc":{"start":{"line":135,"column":4},"end":{"line":137,"column":5}},"type":"if","locations":[{"start":{"line":135,"column":4},"end":{"line":137,"column":5}},{"start":{"line":135,"column":4},"end":{"line":137,"column":5}}],"line":135}},"s":{"0":1,"1":1,"2":0,"3":0,"4":0,"5":0,"6":0,"7":0,"8":0,"9":0,"10":0,"11":0,"12":0,"13":0,"14":0,"15":0,"16":0,"17":0,"18":0,"19":0,"20":0,"21":0,"22":0,"23":0,"24":0,"25":0,"26":0,"27":0,"28":0,"29":0,"30":0,"31":0,"32":0,"33":0,"34":0,"35":0,"36":0,"37":0,"38":0,"39":0,"40":0,"41":0,"42":0,"43":0,"44":0,"45":0,"46":0,"47":0,"48":0,"49":0,"50":1,"51":0,"52":0,"53":1,"54":0,"55":0,"56":0,"57":0,"58":0,"59":1},"f":{"0":0,"1":0,"2":0,"3":0,"4":0,"5":0,"6":0,"7":0,"8":0,"9":0,"10":0,"11":0,"12":0,"13":0,"14":0,"15":0,"16":0,"17":0},"b":{"0":[0,0],"1":[0,0],"2":[0,0],"3":[0,0],"4":[0,0],"5":[0,0],"6":[0,0],"7":[0,0],"8":[0,0],"9":[0,0],"10":[0,0]},"_coverageSchema":"1a1c01bbd47fc00a2c39e90264f33305004495a9","hash":"9489829ddb291d0c3cf30cda9b1403146ad60ab8"}
,"/Users/nzabalza/Immersive/Sprints/FEC/reviews/client/src/Components/Reviews/helpful.jsx": {"path":"/Users/nzabalza/Immersive/Sprints/FEC/reviews/client/src/Components/Reviews/helpful.jsx","statementMap":{"0":{"start":{"line":1,"column":20},"end":{"line":1,"column":30}},"1":{"start":{"line":3,"column":33},"end":{"line":30,"column":1}},"2":{"start":{"line":4,"column":41},"end":{"line":4,"column":98}},"3":{"start":{"line":5,"column":23},"end":{"line":5,"column":53}},"4":{"start":{"line":7,"column":2},"end":{"line":29,"column":3}},"5":{"start":{"line":8,"column":4},"end":{"line":8,"column":51}},"6":{"start":{"line":9,"column":4},"end":{"line":9,"column":45}},"7":{"start":{"line":11,"column":22},"end":{"line":11,"column":92}},"8":{"start":{"line":12,"column":21},"end":{"line":12,"column":90}},"9":{"start":{"line":13,"column":20},"end":{"line":13,"column":103}},"10":{"start":{"line":15,"column":4},"end":{"line":19,"column":5}},"11":{"start":{"line":16,"column":6},"end":{"line":16,"column":65}},"12":{"start":{"line":18,"column":6},"end":{"line":18,"column":63}},"13":{"start":{"line":21,"column":4},"end":{"line":21,"column":47}},"14":{"start":{"line":22,"column":4},"end":{"line":22,"column":46}},"15":{"start":{"line":24,"column":4},"end":{"line":28,"column":5}},"16":{"start":{"line":24,"column":17},"end":{"line":24,"column":18}},"17":{"start":{"line":25,"column":21},"end":{"line":25,"column":31}},"18":{"start":{"line":26,"column":6},"end":{"line":26,"column":38}},"19":{"start":{"line":27,"column":6},"end":{"line":27,"column":36}},"20":{"start":{"line":32,"column":41},"end":{"line":43,"column":1}},"21":{"start":{"line":33,"column":41},"end":{"line":33,"column":98}},"22":{"start":{"line":34,"column":23},"end":{"line":34,"column":53}},"23":{"start":{"line":36,"column":2},"end":{"line":42,"column":3}},"24":{"start":{"line":37,"column":4},"end":{"line":37,"column":45}},"25":{"start":{"line":39,"column":19},"end":{"line":39,"column":96}},"26":{"start":{"line":41,"column":4},"end":{"line":41,"column":72}},"27":{"start":{"line":45,"column":40},"end":{"line":56,"column":1}},"28":{"start":{"line":46,"column":41},"end":{"line":46,"column":98}},"29":{"start":{"line":47,"column":23},"end":{"line":47,"column":53}},"30":{"start":{"line":49,"column":2},"end":{"line":55,"column":3}},"31":{"start":{"line":50,"column":4},"end":{"line":50,"column":45}},"32":{"start":{"line":52,"column":19},"end":{"line":52,"column":96}},"33":{"start":{"line":54,"column":4},"end":{"line":54,"column":34}},"34":{"start":{"line":69,"column":8},"end":{"line":69,"column":18}},"35":{"start":{"line":71,"column":22},"end":{"line":71,"column":24}},"36":{"start":{"line":72,"column":21},"end":{"line":72,"column":23}},"37":{"start":{"line":74,"column":4},"end":{"line":246,"column":5}},"38":{"start":{"line":75,"column":6},"end":{"line":113,"column":8}},"39":{"start":{"line":115,"column":6},"end":{"line":153,"column":8}},"40":{"start":{"line":155,"column":6},"end":{"line":199,"column":8}},"41":{"start":{"line":201,"column":6},"end":{"line":245,"column":8}},"42":{"start":{"line":248,"column":4},"end":{"line":282,"column":6}},"43":{"start":{"line":286,"column":17},"end":{"line":292,"column":1}},"44":{"start":{"line":287,"column":30},"end":{"line":287,"column":35}},"45":{"start":{"line":289,"column":2},"end":{"line":291,"column":4}},"46":{"start":{"line":294,"column":23},"end":{"line":294,"column":49}}},"fnMap":{"0":{"name":"(anonymous_0)","decl":{"start":{"line":3,"column":33},"end":{"line":3,"column":34}},"loc":{"start":{"line":3,"column":81},"end":{"line":30,"column":1}},"line":3},"1":{"name":"(anonymous_1)","decl":{"start":{"line":32,"column":41},"end":{"line":32,"column":42}},"loc":{"start":{"line":32,"column":89},"end":{"line":43,"column":1}},"line":32},"2":{"name":"(anonymous_2)","decl":{"start":{"line":45,"column":40},"end":{"line":45,"column":41}},"loc":{"start":{"line":45,"column":88},"end":{"line":56,"column":1}},"line":45},"3":{"name":"(anonymous_3)","decl":{"start":{"line":63,"column":2},"end":{"line":63,"column":3}},"loc":{"start":{"line":63,"column":11},"end":{"line":283,"column":3}},"line":63},"4":{"name":"(anonymous_4)","decl":{"start":{"line":286,"column":17},"end":{"line":286,"column":18}},"loc":{"start":{"line":286,"column":33},"end":{"line":292,"column":1}},"line":286}},"branchMap":{"0":{"loc":{"start":{"line":7,"column":2},"end":{"line":29,"column":3}},"type":"if","locations":[{"start":{"line":7,"column":2},"end":{"line":29,"column":3}},{"start":{"line":7,"column":2},"end":{"line":29,"column":3}}],"line":7},"1":{"loc":{"start":{"line":15,"column":4},"end":{"line":19,"column":5}},"type":"if","locations":[{"start":{"line":15,"column":4},"end":{"line":19,"column":5}},{"start":{"line":15,"column":4},"end":{"line":19,"column":5}}],"line":15},"2":{"loc":{"start":{"line":36,"column":2},"end":{"line":42,"column":3}},"type":"if","locations":[{"start":{"line":36,"column":2},"end":{"line":42,"column":3}},{"start":{"line":36,"column":2},"end":{"line":42,"column":3}}],"line":36},"3":{"loc":{"start":{"line":36,"column":6},"end":{"line":36,"column":38}},"type":"binary-expr","locations":[{"start":{"line":36,"column":6},"end":{"line":36,"column":15}},{"start":{"line":36,"column":19},"end":{"line":36,"column":38}}],"line":36},"4":{"loc":{"start":{"line":49,"column":2},"end":{"line":55,"column":3}},"type":"if","locations":[{"start":{"line":49,"column":2},"end":{"line":55,"column":3}},{"start":{"line":49,"column":2},"end":{"line":55,"column":3}}],"line":49},"5":{"loc":{"start":{"line":49,"column":6},"end":{"line":49,"column":38}},"type":"binary-expr","locations":[{"start":{"line":49,"column":6},"end":{"line":49,"column":15}},{"start":{"line":49,"column":19},"end":{"line":49,"column":38}}],"line":49},"6":{"loc":{"start":{"line":74,"column":4},"end":{"line":246,"column":5}},"type":"if","locations":[{"start":{"line":74,"column":4},"end":{"line":246,"column":5}},{"start":{"line":74,"column":4},"end":{"line":246,"column":5}}],"line":74}},"s":{"0":1,"1":1,"2":0,"3":0,"4":0,"5":0,"6":0,"7":0,"8":0,"9":0,"10":0,"11":0,"12":0,"13":0,"14":0,"15":0,"16":0,"17":0,"18":0,"19":0,"20":1,"21":0,"22":0,"23":0,"24":0,"25":0,"26":0,"27":1,"28":0,"29":0,"30":0,"31":0,"32":0,"33":0,"34":0,"35":0,"36":0,"37":0,"38":0,"39":0,"40":0,"41":0,"42":0,"43":1,"44":0,"45":0,"46":1},"f":{"0":0,"1":0,"2":0,"3":0,"4":0},"b":{"0":[0,0],"1":[0,0],"2":[0,0],"3":[0,0],"4":[0,0],"5":[0,0],"6":[0,0]},"_coverageSchema":"1a1c01bbd47fc00a2c39e90264f33305004495a9","hash":"62cac328e8f6e4e003d54d6205d8f6eb73220202"}
,"/Users/nzabalza/Immersive/Sprints/FEC/reviews/client/src/Components/Reviews/index.jsx": {"path":"/Users/nzabalza/Immersive/Sprints/FEC/reviews/client/src/Components/Reviews/index.jsx","statementMap":{"0":{"start":{"line":7,"column":20},"end":{"line":7,"column":30}},"1":{"start":{"line":15,"column":60},"end":{"line":15,"column":70}},"2":{"start":{"line":18,"column":4},"end":{"line":22,"column":5}},"3":{"start":{"line":19,"column":6},"end":{"line":21,"column":8}},"4":{"start":{"line":24,"column":36},"end":{"line":24,"column":38}},"5":{"start":{"line":26,"column":4},"end":{"line":28,"column":5}},"6":{"start":{"line":27,"column":6},"end":{"line":27,"column":64}},"7":{"start":{"line":30,"column":4},"end":{"line":38,"column":6}},"8":{"start":{"line":42,"column":17},"end":{"line":49,"column":1}},"9":{"start":{"line":43,"column":58},"end":{"line":43,"column":63}},"10":{"start":{"line":45,"column":2},"end":{"line":48,"column":4}},"11":{"start":{"line":51,"column":23},"end":{"line":51,"column":49}}},"fnMap":{"0":{"name":"(anonymous_0)","decl":{"start":{"line":14,"column":2},"end":{"line":14,"column":3}},"loc":{"start":{"line":14,"column":11},"end":{"line":39,"column":3}},"line":14},"1":{"name":"(anonymous_1)","decl":{"start":{"line":42,"column":17},"end":{"line":42,"column":18}},"loc":{"start":{"line":42,"column":33},"end":{"line":49,"column":1}},"line":42}},"branchMap":{"0":{"loc":{"start":{"line":18,"column":4},"end":{"line":22,"column":5}},"type":"if","locations":[{"start":{"line":18,"column":4},"end":{"line":22,"column":5}},{"start":{"line":18,"column":4},"end":{"line":22,"column":5}}],"line":18},"1":{"loc":{"start":{"line":26,"column":4},"end":{"line":28,"column":5}},"type":"if","locations":[{"start":{"line":26,"column":4},"end":{"line":28,"column":5}},{"start":{"line":26,"column":4},"end":{"line":28,"column":5}}],"line":26}},"s":{"0":1,"1":0,"2":0,"3":0,"4":0,"5":0,"6":0,"7":0,"8":1,"9":0,"10":0,"11":1},"f":{"0":0,"1":0},"b":{"0":[0,0],"1":[0,0]},"_coverageSchema":"1a1c01bbd47fc00a2c39e90264f33305004495a9","hash":"25aa63e2dac8f647fe48bb9b44c868311c435670"}
,"/Users/nzabalza/Immersive/Sprints/FEC/reviews/client/src/Components/Reviews/individualReview.jsx": {"path":"/Users/nzabalza/Immersive/Sprints/FEC/reviews/client/src/Components/Reviews/individualReview.jsx","statementMap":{"0":{"start":{"line":10,"column":60},"end":{"line":10,"column":70}},"1":{"start":{"line":23,"column":8},"end":{"line":23,"column":20}},"2":{"start":{"line":25,"column":22},"end":{"line":25,"column":37}},"3":{"start":{"line":26,"column":4},"end":{"line":26,"column":49}},"4":{"start":{"line":27,"column":20},"end":{"line":27,"column":39}},"5":{"start":{"line":29,"column":26},"end":{"line":29,"column":28}},"6":{"start":{"line":31,"column":4},"end":{"line":33,"column":5}},"7":{"start":{"line":32,"column":6},"end":{"line":32,"column":206}},"8":{"start":{"line":35,"column":4},"end":{"line":37,"column":5}},"9":{"start":{"line":36,"column":6},"end":{"line":36,"column":231}},"10":{"start":{"line":39,"column":29},"end":{"line":39,"column":31}},"11":{"start":{"line":41,"column":4},"end":{"line":137,"column":5}},"12":{"start":{"line":42,"column":6},"end":{"line":88,"column":8}},"13":{"start":{"line":90,"column":6},"end":{"line":136,"column":8}},"14":{"start":{"line":139,"column":4},"end":{"line":210,"column":6}}},"fnMap":{"0":{"name":"(anonymous_0)","decl":{"start":{"line":9,"column":2},"end":{"line":9,"column":3}},"loc":{"start":{"line":9,"column":11},"end":{"line":211,"column":3}},"line":9}},"branchMap":{"0":{"loc":{"start":{"line":31,"column":4},"end":{"line":33,"column":5}},"type":"if","locations":[{"start":{"line":31,"column":4},"end":{"line":33,"column":5}},{"start":{"line":31,"column":4},"end":{"line":33,"column":5}}],"line":31},"1":{"loc":{"start":{"line":35,"column":4},"end":{"line":37,"column":5}},"type":"if","locations":[{"start":{"line":35,"column":4},"end":{"line":37,"column":5}},{"start":{"line":35,"column":4},"end":{"line":37,"column":5}}],"line":35},"2":{"loc":{"start":{"line":41,"column":4},"end":{"line":137,"column":5}},"type":"if","locations":[{"start":{"line":41,"column":4},"end":{"line":137,"column":5}},{"start":{"line":41,"column":4},"end":{"line":137,"column":5}}],"line":41}},"s":{"0":0,"1":0,"2":0,"3":0,"4":0,"5":0,"6":0,"7":0,"8":0,"9":0,"10":0,"11":0,"12":0,"13":0,"14":0},"f":{"0":0},"b":{"0":[0,0],"1":[0,0],"2":[0,0]},"_coverageSchema":"1a1c01bbd47fc00a2c39e90264f33305004495a9","hash":"120003c7d3beae5271c1d1f2d61e2adc2e835b2d"}
,"/Users/nzabalza/Immersive/Sprints/FEC/reviews/client/src/Components/Reviews/navigation.jsx": {"path":"/Users/nzabalza/Immersive/Sprints/FEC/reviews/client/src/Components/Reviews/navigation.jsx","statementMap":{"0":{"start":{"line":3,"column":20},"end":{"line":3,"column":30}},"1":{"start":{"line":11,"column":42},"end":{"line":11,"column":52}},"2":{"start":{"line":13,"column":4},"end":{"line":13,"column":70}},"3":{"start":{"line":15,"column":4},"end":{"line":15,"column":61}},"4":{"start":{"line":16,"column":4},"end":{"line":16,"column":82}},"5":{"start":{"line":20,"column":42},"end":{"line":20,"column":52}},"6":{"start":{"line":22,"column":4},"end":{"line":22,"column":73}},"7":{"start":{"line":24,"column":4},"end":{"line":24,"column":64}},"8":{"start":{"line":25,"column":4},"end":{"line":25,"column":82}},"9":{"start":{"line":29,"column":19},"end":{"line":29,"column":46}},"10":{"start":{"line":31,"column":4},"end":{"line":31,"column":66}},"11":{"start":{"line":35,"column":19},"end":{"line":35,"column":46}},"12":{"start":{"line":37,"column":4},"end":{"line":37,"column":34}},"13":{"start":{"line":41,"column":45},"end":{"line":41,"column":55}},"14":{"start":{"line":43,"column":4},"end":{"line":45,"column":5}},"15":{"start":{"line":44,"column":6},"end":{"line":44,"column":18}},"16":{"start":{"line":47,"column":23},"end":{"line":47,"column":25}},"17":{"start":{"line":49,"column":4},"end":{"line":85,"column":5}},"18":{"start":{"line":50,"column":6},"end":{"line":68,"column":8}},"19":{"start":{"line":70,"column":6},"end":{"line":84,"column":8}},"20":{"start":{"line":87,"column":4},"end":{"line":123,"column":5}},"21":{"start":{"line":88,"column":6},"end":{"line":106,"column":8}},"22":{"start":{"line":108,"column":6},"end":{"line":122,"column":8}},"23":{"start":{"line":125,"column":4},"end":{"line":145,"column":6}},"24":{"start":{"line":149,"column":17},"end":{"line":156,"column":1}},"25":{"start":{"line":150,"column":43},"end":{"line":150,"column":48}},"26":{"start":{"line":152,"column":2},"end":{"line":155,"column":4}},"27":{"start":{"line":158,"column":20},"end":{"line":162,"column":1}},"28":{"start":{"line":159,"column":2},"end":{"line":161,"column":4}},"29":{"start":{"line":160,"column":69},"end":{"line":160,"column":129}},"30":{"start":{"line":164,"column":26},"end":{"line":164,"column":68}}},"fnMap":{"0":{"name":"(anonymous_0)","decl":{"start":{"line":10,"column":2},"end":{"line":10,"column":3}},"loc":{"start":{"line":10,"column":41},"end":{"line":17,"column":3}},"line":10},"1":{"name":"(anonymous_1)","decl":{"start":{"line":19,"column":2},"end":{"line":19,"column":3}},"loc":{"start":{"line":19,"column":44},"end":{"line":26,"column":3}},"line":19},"2":{"name":"(anonymous_2)","decl":{"start":{"line":28,"column":2},"end":{"line":28,"column":3}},"loc":{"start":{"line":28,"column":31},"end":{"line":32,"column":3}},"line":28},"3":{"name":"(anonymous_3)","decl":{"start":{"line":34,"column":2},"end":{"line":34,"column":3}},"loc":{"start":{"line":34,"column":30},"end":{"line":38,"column":3}},"line":34},"4":{"name":"(anonymous_4)","decl":{"start":{"line":40,"column":2},"end":{"line":40,"column":3}},"loc":{"start":{"line":40,"column":11},"end":{"line":146,"column":3}},"line":40},"5":{"name":"(anonymous_5)","decl":{"start":{"line":149,"column":17},"end":{"line":149,"column":18}},"loc":{"start":{"line":149,"column":33},"end":{"line":156,"column":1}},"line":149},"6":{"name":"(anonymous_6)","decl":{"start":{"line":158,"column":20},"end":{"line":158,"column":21}},"loc":{"start":{"line":158,"column":39},"end":{"line":162,"column":1}},"line":158},"7":{"name":"(anonymous_7)","decl":{"start":{"line":160,"column":31},"end":{"line":160,"column":32}},"loc":{"start":{"line":160,"column":67},"end":{"line":160,"column":131}},"line":160}},"branchMap":{"0":{"loc":{"start":{"line":43,"column":4},"end":{"line":45,"column":5}},"type":"if","locations":[{"start":{"line":43,"column":4},"end":{"line":45,"column":5}},{"start":{"line":43,"column":4},"end":{"line":45,"column":5}}],"line":43},"1":{"loc":{"start":{"line":49,"column":4},"end":{"line":85,"column":5}},"type":"if","locations":[{"start":{"line":49,"column":4},"end":{"line":85,"column":5}},{"start":{"line":49,"column":4},"end":{"line":85,"column":5}}],"line":49},"2":{"loc":{"start":{"line":87,"column":4},"end":{"line":123,"column":5}},"type":"if","locations":[{"start":{"line":87,"column":4},"end":{"line":123,"column":5}},{"start":{"line":87,"column":4},"end":{"line":123,"column":5}}],"line":87}},"s":{"0":1,"1":0,"2":0,"3":0,"4":0,"5":0,"6":0,"7":0,"8":0,"9":0,"10":0,"11":0,"12":0,"13":0,"14":0,"15":0,"16":0,"17":0,"18":0,"19":0,"20":0,"21":0,"22":0,"23":0,"24":1,"25":0,"26":0,"27":1,"28":0,"29":0,"30":1},"f":{"0":0,"1":0,"2":0,"3":0,"4":0,"5":0,"6":0,"7":0},"b":{"0":[0,0],"1":[0,0],"2":[0,0]},"_coverageSchema":"1a1c01bbd47fc00a2c39e90264f33305004495a9","hash":"6c408fa6decf0cf910698bdc1f4b98a49ae1f713"}
,"/Users/nzabalza/Immersive/Sprints/FEC/reviews/client/src/Components/Reviews/nonNumberFilterSettings.jsx": {"path":"/Users/nzabalza/Immersive/Sprints/FEC/reviews/client/src/Components/Reviews/nonNumberFilterSettings.jsx","statementMap":{"0":{"start":{"line":5,"column":20},"end":{"line":5,"column":30}},"1":{"start":{"line":6,"column":19},"end":{"line":11,"column":1}},"2":{"start":{"line":19,"column":60},"end":{"line":19,"column":70}},"3":{"start":{"line":21,"column":4},"end":{"line":21,"column":54}},"4":{"start":{"line":25,"column":88},"end":{"line":25,"column":98}},"5":{"start":{"line":27,"column":4},"end":{"line":29,"column":5}},"6":{"start":{"line":28,"column":6},"end":{"line":28,"column":54}},"7":{"start":{"line":33,"column":60},"end":{"line":33,"column":70}},"8":{"start":{"line":35,"column":4},"end":{"line":35,"column":55}},"9":{"start":{"line":37,"column":4},"end":{"line":37,"column":80}},"10":{"start":{"line":48,"column":8},"end":{"line":48,"column":18}},"11":{"start":{"line":49,"column":26},"end":{"line":49,"column":34}},"12":{"start":{"line":51,"column":4},"end":{"line":55,"column":5}},"13":{"start":{"line":52,"column":6},"end":{"line":52,"column":40}},"14":{"start":{"line":54,"column":6},"end":{"line":54,"column":50}},"15":{"start":{"line":57,"column":4},"end":{"line":57,"column":52}},"16":{"start":{"line":58,"column":4},"end":{"line":58,"column":55}},"17":{"start":{"line":62,"column":19},"end":{"line":62,"column":46}},"18":{"start":{"line":64,"column":4},"end":{"line":64,"column":45}},"19":{"start":{"line":65,"column":4},"end":{"line":65,"column":33}},"20":{"start":{"line":69,"column":23},"end":{"line":69,"column":33}},"21":{"start":{"line":70,"column":19},"end":{"line":70,"column":46}},"22":{"start":{"line":71,"column":26},"end":{"line":71,"column":32}},"23":{"start":{"line":72,"column":50},"end":{"line":72,"column":66}},"24":{"start":{"line":74,"column":4},"end":{"line":80,"column":5}},"25":{"start":{"line":75,"column":6},"end":{"line":75,"column":47}},"26":{"start":{"line":76,"column":11},"end":{"line":80,"column":5}},"27":{"start":{"line":77,"column":6},"end":{"line":77,"column":47}},"28":{"start":{"line":79,"column":6},"end":{"line":79,"column":45}},"29":{"start":{"line":82,"column":4},"end":{"line":82,"column":32}},"30":{"start":{"line":86,"column":23},"end":{"line":86,"column":33}},"31":{"start":{"line":87,"column":43},"end":{"line":87,"column":59}},"32":{"start":{"line":88,"column":32},"end":{"line":97,"column":5}},"33":{"start":{"line":99,"column":30},"end":{"line":108,"column":5}},"34":{"start":{"line":110,"column":4},"end":{"line":164,"column":6}},"35":{"start":{"line":168,"column":17},"end":{"line":174,"column":1}},"36":{"start":{"line":169,"column":52},"end":{"line":169,"column":57}},"37":{"start":{"line":170,"column":2},"end":{"line":173,"column":4}},"38":{"start":{"line":176,"column":20},"end":{"line":182,"column":1}},"39":{"start":{"line":177,"column":2},"end":{"line":181,"column":4}},"40":{"start":{"line":178,"column":59},"end":{"line":178,"column":109}},"41":{"start":{"line":179,"column":47},"end":{"line":179,"column":85}},"42":{"start":{"line":180,"column":62},"end":{"line":180,"column":115}},"43":{"start":{"line":184,"column":39},"end":{"line":184,"column":94}}},"fnMap":{"0":{"name":"(anonymous_0)","decl":{"start":{"line":18,"column":2},"end":{"line":18,"column":3}},"loc":{"start":{"line":18,"column":38},"end":{"line":22,"column":3}},"line":18},"1":{"name":"(anonymous_1)","decl":{"start":{"line":24,"column":2},"end":{"line":24,"column":3}},"loc":{"start":{"line":24,"column":47},"end":{"line":30,"column":3}},"line":24},"2":{"name":"(anonymous_2)","decl":{"start":{"line":32,"column":2},"end":{"line":32,"column":3}},"loc":{"start":{"line":32,"column":37},"end":{"line":38,"column":3}},"line":32},"3":{"name":"(anonymous_3)","decl":{"start":{"line":43,"column":2},"end":{"line":43,"column":3}},"loc":{"start":{"line":43,"column":33},"end":{"line":59,"column":3}},"line":43},"4":{"name":"(anonymous_4)","decl":{"start":{"line":61,"column":2},"end":{"line":61,"column":3}},"loc":{"start":{"line":61,"column":38},"end":{"line":66,"column":3}},"line":61},"5":{"name":"(anonymous_5)","decl":{"start":{"line":68,"column":2},"end":{"line":68,"column":3}},"loc":{"start":{"line":68,"column":37},"end":{"line":83,"column":3}},"line":68},"6":{"name":"(anonymous_6)","decl":{"start":{"line":85,"column":2},"end":{"line":85,"column":3}},"loc":{"start":{"line":85,"column":11},"end":{"line":165,"column":3}},"line":85},"7":{"name":"(anonymous_7)","decl":{"start":{"line":168,"column":17},"end":{"line":168,"column":18}},"loc":{"start":{"line":168,"column":33},"end":{"line":174,"column":1}},"line":168},"8":{"name":"(anonymous_8)","decl":{"start":{"line":176,"column":20},"end":{"line":176,"column":21}},"loc":{"start":{"line":176,"column":39},"end":{"line":182,"column":1}},"line":176},"9":{"name":"(anonymous_9)","decl":{"start":{"line":178,"column":46},"end":{"line":178,"column":47}},"loc":{"start":{"line":178,"column":57},"end":{"line":178,"column":111}},"line":178},"10":{"name":"(anonymous_10)","decl":{"start":{"line":179,"column":26},"end":{"line":179,"column":27}},"loc":{"start":{"line":179,"column":45},"end":{"line":179,"column":87}},"line":179},"11":{"name":"(anonymous_11)","decl":{"start":{"line":180,"column":49},"end":{"line":180,"column":50}},"loc":{"start":{"line":180,"column":60},"end":{"line":180,"column":117}},"line":180}},"branchMap":{"0":{"loc":{"start":{"line":27,"column":4},"end":{"line":29,"column":5}},"type":"if","locations":[{"start":{"line":27,"column":4},"end":{"line":29,"column":5}},{"start":{"line":27,"column":4},"end":{"line":29,"column":5}}],"line":27},"1":{"loc":{"start":{"line":51,"column":4},"end":{"line":55,"column":5}},"type":"if","locations":[{"start":{"line":51,"column":4},"end":{"line":55,"column":5}},{"start":{"line":51,"column":4},"end":{"line":55,"column":5}}],"line":51},"2":{"loc":{"start":{"line":74,"column":4},"end":{"line":80,"column":5}},"type":"if","locations":[{"start":{"line":74,"column":4},"end":{"line":80,"column":5}},{"start":{"line":74,"column":4},"end":{"line":80,"column":5}}],"line":74},"3":{"loc":{"start":{"line":76,"column":11},"end":{"line":80,"column":5}},"type":"if","locations":[{"start":{"line":76,"column":11},"end":{"line":80,"column":5}},{"start":{"line":76,"column":11},"end":{"line":80,"column":5}}],"line":76},"4":{"loc":{"start":{"line":76,"column":15},"end":{"line":76,"column":96}},"type":"binary-expr","locations":[{"start":{"line":76,"column":15},"end":{"line":76,"column":52}},{"start":{"line":76,"column":56},"end":{"line":76,"column":96}}],"line":76},"5":{"loc":{"start":{"line":131,"column":13},"end":{"line":131,"column":76}},"type":"cond-expr","locations":[{"start":{"line":131,"column":37},"end":{"line":131,"column":54}},{"start":{"line":131,"column":57},"end":{"line":131,"column":76}}],"line":131},"6":{"loc":{"start":{"line":140,"column":17},"end":{"line":140,"column":89}},"type":"cond-expr","locations":[{"start":{"line":140,"column":50},"end":{"line":140,"column":67}},{"start":{"line":140,"column":70},"end":{"line":140,"column":89}}],"line":140},"7":{"loc":{"start":{"line":147,"column":17},"end":{"line":147,"column":78}},"type":"cond-expr","locations":[{"start":{"line":147,"column":39},"end":{"line":147,"column":56}},{"start":{"line":147,"column":59},"end":{"line":147,"column":78}}],"line":147},"8":{"loc":{"start":{"line":156,"column":13},"end":{"line":156,"column":75}},"type":"cond-expr","locations":[{"start":{"line":156,"column":36},"end":{"line":156,"column":53}},{"start":{"line":156,"column":56},"end":{"line":156,"column":75}}],"line":156}},"s":{"0":1,"1":1,"2":0,"3":0,"4":0,"5":0,"6":0,"7":0,"8":0,"9":0,"10":0,"11":0,"12":0,"13":0,"14":0,"15":0,"16":0,"17":0,"18":0,"19":0,"20":0,"21":0,"22":0,"23":0,"24":0,"25":0,"26":0,"27":0,"28":0,"29":0,"30":0,"31":0,"32":0,"33":0,"34":0,"35":1,"36":0,"37":0,"38":1,"39":0,"40":0,"41":0,"42":0,"43":1},"f":{"0":0,"1":0,"2":0,"3":0,"4":0,"5":0,"6":0,"7":0,"8":0,"9":0,"10":0,"11":0},"b":{"0":[0,0],"1":[0,0],"2":[0,0],"3":[0,0],"4":[0,0],"5":[0,0],"6":[0,0],"7":[0,0],"8":[0,0]},"_coverageSchema":"1a1c01bbd47fc00a2c39e90264f33305004495a9","hash":"0612aa3f076c34c3ce52590a35dc7563c8fec666"}
,"/Users/nzabalza/Immersive/Sprints/FEC/reviews/client/src/Components/Reviews/ratingsFilter.jsx": {"path":"/Users/nzabalza/Immersive/Sprints/FEC/reviews/client/src/Components/Reviews/ratingsFilter.jsx","statementMap":{"0":{"start":{"line":6,"column":20},"end":{"line":6,"column":30}},"1":{"start":{"line":8,"column":0},"end":{"line":13,"column":3}},"2":{"start":{"line":9,"column":17},"end":{"line":9,"column":64}},"3":{"start":{"line":10,"column":2},"end":{"line":12,"column":3}},"4":{"start":{"line":11,"column":4},"end":{"line":11,"column":45}},"5":{"start":{"line":21,"column":75},"end":{"line":21,"column":85}},"6":{"start":{"line":23,"column":4},"end":{"line":25,"column":5}},"7":{"start":{"line":24,"column":6},"end":{"line":24,"column":51}},"8":{"start":{"line":29,"column":75},"end":{"line":29,"column":85}},"9":{"start":{"line":31,"column":4},"end":{"line":31,"column":44}},"10":{"start":{"line":33,"column":4},"end":{"line":33,"column":93}},"11":{"start":{"line":35,"column":4},"end":{"line":37,"column":5}},"12":{"start":{"line":36,"column":6},"end":{"line":36,"column":80}},"13":{"start":{"line":46,"column":8},"end":{"line":46,"column":18}},"14":{"start":{"line":48,"column":4},"end":{"line":51,"column":5}},"15":{"start":{"line":49,"column":6},"end":{"line":49,"column":52}},"16":{"start":{"line":50,"column":6},"end":{"line":50,"column":46}},"17":{"start":{"line":55,"column":49},"end":{"line":55,"column":59}},"18":{"start":{"line":57,"column":4},"end":{"line":57,"column":43}},"19":{"start":{"line":59,"column":4},"end":{"line":59,"column":70}},"20":{"start":{"line":63,"column":81},"end":{"line":63,"column":91}},"21":{"start":{"line":65,"column":4},"end":{"line":67,"column":10}},"22":{"start":{"line":66,"column":6},"end":{"line":66,"column":95}},"23":{"start":{"line":69,"column":4},"end":{"line":69,"column":70}},"24":{"start":{"line":75,"column":8},"end":{"line":75,"column":18}},"25":{"start":{"line":77,"column":33},"end":{"line":77,"column":35}},"26":{"start":{"line":79,"column":4},"end":{"line":81,"column":5}},"27":{"start":{"line":80,"column":6},"end":{"line":80,"column":59}},"28":{"start":{"line":83,"column":4},"end":{"line":129,"column":6}},"29":{"start":{"line":133,"column":17},"end":{"line":145,"column":1}},"30":{"start":{"line":138,"column":6},"end":{"line":138,"column":11}},"31":{"start":{"line":140,"column":2},"end":{"line":144,"column":4}},"32":{"start":{"line":147,"column":20},"end":{"line":153,"column":1}},"33":{"start":{"line":148,"column":2},"end":{"line":152,"column":4}},"34":{"start":{"line":149,"column":51},"end":{"line":149,"column":93}},"35":{"start":{"line":150,"column":47},"end":{"line":150,"column":85}},"36":{"start":{"line":151,"column":57},"end":{"line":151,"column":105}},"37":{"start":{"line":155,"column":29},"end":{"line":155,"column":74}}},"fnMap":{"0":{"name":"(anonymous_0)","decl":{"start":{"line":8,"column":67},"end":{"line":8,"column":68}},"loc":{"start":{"line":8,"column":73},"end":{"line":13,"column":1}},"line":8},"1":{"name":"(anonymous_1)","decl":{"start":{"line":20,"column":2},"end":{"line":20,"column":3}},"loc":{"start":{"line":20,"column":45},"end":{"line":26,"column":3}},"line":20},"2":{"name":"(anonymous_2)","decl":{"start":{"line":28,"column":2},"end":{"line":28,"column":3}},"loc":{"start":{"line":28,"column":28},"end":{"line":38,"column":3}},"line":28},"3":{"name":"(anonymous_3)","decl":{"start":{"line":40,"column":2},"end":{"line":40,"column":3}},"loc":{"start":{"line":40,"column":37},"end":{"line":52,"column":3}},"line":40},"4":{"name":"(anonymous_4)","decl":{"start":{"line":54,"column":2},"end":{"line":54,"column":3}},"loc":{"start":{"line":54,"column":27},"end":{"line":60,"column":3}},"line":54},"5":{"name":"(anonymous_5)","decl":{"start":{"line":62,"column":2},"end":{"line":62,"column":3}},"loc":{"start":{"line":62,"column":28},"end":{"line":70,"column":3}},"line":62},"6":{"name":"(anonymous_6)","decl":{"start":{"line":65,"column":15},"end":{"line":65,"column":16}},"loc":{"start":{"line":65,"column":21},"end":{"line":67,"column":5}},"line":65},"7":{"name":"(anonymous_7)","decl":{"start":{"line":72,"column":2},"end":{"line":72,"column":3}},"loc":{"start":{"line":72,"column":11},"end":{"line":130,"column":3}},"line":72},"8":{"name":"(anonymous_8)","decl":{"start":{"line":133,"column":17},"end":{"line":133,"column":18}},"loc":{"start":{"line":133,"column":33},"end":{"line":145,"column":1}},"line":133},"9":{"name":"(anonymous_9)","decl":{"start":{"line":147,"column":20},"end":{"line":147,"column":21}},"loc":{"start":{"line":147,"column":39},"end":{"line":153,"column":1}},"line":147},"10":{"name":"(anonymous_10)","decl":{"start":{"line":149,"column":38},"end":{"line":149,"column":39}},"loc":{"start":{"line":149,"column":49},"end":{"line":149,"column":95}},"line":149},"11":{"name":"(anonymous_11)","decl":{"start":{"line":150,"column":26},"end":{"line":150,"column":27}},"loc":{"start":{"line":150,"column":45},"end":{"line":150,"column":87}},"line":150},"12":{"name":"(anonymous_12)","decl":{"start":{"line":151,"column":44},"end":{"line":151,"column":45}},"loc":{"start":{"line":151,"column":55},"end":{"line":151,"column":107}},"line":151}},"branchMap":{"0":{"loc":{"start":{"line":10,"column":2},"end":{"line":12,"column":3}},"type":"if","locations":[{"start":{"line":10,"column":2},"end":{"line":12,"column":3}},{"start":{"line":10,"column":2},"end":{"line":12,"column":3}}],"line":10},"1":{"loc":{"start":{"line":23,"column":4},"end":{"line":25,"column":5}},"type":"if","locations":[{"start":{"line":23,"column":4},"end":{"line":25,"column":5}},{"start":{"line":23,"column":4},"end":{"line":25,"column":5}}],"line":23},"2":{"loc":{"start":{"line":35,"column":4},"end":{"line":37,"column":5}},"type":"if","locations":[{"start":{"line":35,"column":4},"end":{"line":37,"column":5}},{"start":{"line":35,"column":4},"end":{"line":37,"column":5}}],"line":35},"3":{"loc":{"start":{"line":48,"column":4},"end":{"line":51,"column":5}},"type":"if","locations":[{"start":{"line":48,"column":4},"end":{"line":51,"column":5}},{"start":{"line":48,"column":4},"end":{"line":51,"column":5}}],"line":48},"4":{"loc":{"start":{"line":48,"column":8},"end":{"line":48,"column":58}},"type":"binary-expr","locations":[{"start":{"line":48,"column":8},"end":{"line":48,"column":36}},{"start":{"line":48,"column":40},"end":{"line":48,"column":58}}],"line":48},"5":{"loc":{"start":{"line":79,"column":4},"end":{"line":81,"column":5}},"type":"if","locations":[{"start":{"line":79,"column":4},"end":{"line":81,"column":5}},{"start":{"line":79,"column":4},"end":{"line":81,"column":5}}],"line":79}},"s":{"0":1,"1":1,"2":0,"3":0,"4":0,"5":0,"6":0,"7":0,"8":0,"9":0,"10":0,"11":0,"12":0,"13":0,"14":0,"15":0,"16":0,"17":0,"18":0,"19":0,"20":0,"21":0,"22":0,"23":0,"24":0,"25":0,"26":0,"27":0,"28":0,"29":1,"30":0,"31":0,"32":1,"33":0,"34":0,"35":0,"36":0,"37":1},"f":{"0":0,"1":0,"2":0,"3":0,"4":0,"5":0,"6":0,"7":0,"8":0,"9":0,"10":0,"11":0,"12":0},"b":{"0":[0,0],"1":[0,0],"2":[0,0],"3":[0,0],"4":[0,0],"5":[0,0]},"_coverageSchema":"1a1c01bbd47fc00a2c39e90264f33305004495a9","hash":"317a7fd04c6774d0c22617d5b6f5f0346adfffdc"}
,"/Users/nzabalza/Immersive/Sprints/FEC/reviews/client/src/Components/Reviews/ratingsFilterSettings.jsx": {"path":"/Users/nzabalza/Immersive/Sprints/FEC/reviews/client/src/Components/Reviews/ratingsFilterSettings.jsx","statementMap":{"0":{"start":{"line":5,"column":20},"end":{"line":5,"column":30}},"1":{"start":{"line":13,"column":58},"end":{"line":13,"column":68}},"2":{"start":{"line":15,"column":4},"end":{"line":15,"column":52}},"3":{"start":{"line":19,"column":84},"end":{"line":19,"column":94}},"4":{"start":{"line":21,"column":4},"end":{"line":23,"column":5}},"5":{"start":{"line":22,"column":6},"end":{"line":22,"column":52}},"6":{"start":{"line":27,"column":58},"end":{"line":27,"column":68}},"7":{"start":{"line":29,"column":4},"end":{"line":29,"column":53}},"8":{"start":{"line":31,"column":4},"end":{"line":31,"column":70}},"9":{"start":{"line":42,"column":8},"end":{"line":42,"column":18}},"10":{"start":{"line":44,"column":4},"end":{"line":46,"column":10}},"11":{"start":{"line":45,"column":6},"end":{"line":45,"column":95}},"12":{"start":{"line":48,"column":4},"end":{"line":48,"column":40}},"13":{"start":{"line":49,"column":4},"end":{"line":49,"column":50}},"14":{"start":{"line":50,"column":4},"end":{"line":50,"column":53}},"15":{"start":{"line":54,"column":26},"end":{"line":54,"column":91}},"16":{"start":{"line":55,"column":26},"end":{"line":55,"column":88}},"17":{"start":{"line":56,"column":25},"end":{"line":56,"column":86}},"18":{"start":{"line":58,"column":4},"end":{"line":58,"column":60}},"19":{"start":{"line":59,"column":4},"end":{"line":59,"column":50}},"20":{"start":{"line":60,"column":4},"end":{"line":60,"column":50}},"21":{"start":{"line":61,"column":4},"end":{"line":61,"column":39}},"22":{"start":{"line":65,"column":26},"end":{"line":65,"column":91}},"23":{"start":{"line":66,"column":26},"end":{"line":66,"column":88}},"24":{"start":{"line":67,"column":25},"end":{"line":67,"column":86}},"25":{"start":{"line":69,"column":4},"end":{"line":69,"column":92}},"26":{"start":{"line":70,"column":4},"end":{"line":70,"column":91}},"27":{"start":{"line":71,"column":4},"end":{"line":71,"column":40}},"28":{"start":{"line":72,"column":4},"end":{"line":72,"column":52}},"29":{"start":{"line":76,"column":23},"end":{"line":76,"column":33}},"30":{"
[...]
,"/Users/nzabalza/Immersive/Sprints/FEC/reviews/client/src/ReduxSpecificComponents/Reducers/showNonNumberFilterSettingReducer.js": {"path":"/Users/nzabalza/Immersive/Sprints/FEC/reviews/client/src/ReduxSpecificComponents/Reducers/showNonNumberFilterSettingReducer.js","statementMap":{"0":{"start":{"line":1,"column":42},"end":{"line":7,"column":1}},"1":{"start":{"line":2,"column":2},"end":{"line":6,"column":3}},"2":{"start":{"line":3,"column":4},"end":{"line":3,"column":26}},"3":{"start":{"line":5,"column":4},"end":{"line":5,"column":17}}},"fnMap":{"0":{"name":"(anonymous_0)","decl":{"start":{"line":1,"column":42},"end":{"line":1,"column":43}},"loc":{"start":{"line":1,"column":74},"end":{"line":7,"column":1}},"line":1}},"branchMap":{"0":{"loc":{"start":{"line":1,"column":51},"end":{"line":1,"column":64}},"type":"default-arg","locations":[{"start":{"line":1,"column":59},"end":{"line":1,"column":64}}],"line":1},"1":{"loc":{"start":{"line":2,"column":2},"end":{"line":6,"column":3}},"type":"if","locations":[{"start":{"line":2,"column":2},"end":{"line":6,"column":3}},{"start":{"line":2,"column":2},"end":{"line":6,"column":3}}],"line":2}},"s":{"0":1,"1":3,"2":0,"3":3},"f":{"0":3},"b":{"0":[2],"1":[0,3]},"_coverageSchema":"1a1c01bbd47fc00a2c39e90264f33305004495a9","hash":"d6b0b1f53e94100d21e74ca0e00a0cf6bf8fab91"}
,"/Users/nzabalza/Immersive/Sprints/FEC/reviews/client/src/ReduxSpecificComponents/Reducers/showRatingFilterDropDownReducer.js": {"path":"/Users/nzabalza/Immersive/Sprints/FEC/reviews/client/src/ReduxSpecificComponents/Reducers/showRatingFilterDropDownReducer.js","statementMap":{"0":{"start":{"line":1,"column":40},"end":{"line":7,"column":1}},"1":{"start":{"line":2,"column":2},"end":{"line":6,"column":3}},"2":{"start":{"line":3,"column":4},"end":{"line":3,"column":26}},"3":{"start":{"line":5,"column":4},"end":{"line":5,"column":17}}},"fnMap":{"0":{"name":"(anonymous_0)","decl":{"start":{"line":1,"column":40},"end":{"line":1,"column":41}},"loc":{"start":{"line":1,"column":72},"end":{"line":7,"column":1}},"line":1}},"branchMap":{"0":{"loc":{"start":{"line":1,"column":49},"end":{"line":1,"column":62}},"type":"default-arg","locations":[{"start":{"line":1,"column":57},"end":{"line":1,"column":62}}],"line":1},"1":{"loc":{"start":{"line":2,"column":2},"end":{"line":6,"column":3}},"type":"if","locations":[{"start":{"line":2,"column":2},"end":{"line":6,"column":3}},{"start":{"line":2,"column":2},"end":{"line":6,"column":3}}],"line":2}},"s":{"0":1,"1":3,"2":0,"3":3},"f":{"0":3},"b":{"0":[2],"1":[0,3]},"_coverageSchema":"1a1c01bbd47fc00a2c39e90264f33305004495a9","hash":"06232dc8d6c34b2208572f5d84e40d15f7d851a0"}
,"/Users/nzabalza/Immersive/Sprints/FEC/reviews/client/src/ReduxSpecificComponents/Reducers/showRatingFilterReducer.js": {"path":"/Users/nzabalza/Immersive/Sprints/FEC/reviews/client/src/ReduxSpecificComponents/Reducers/showRatingFilterReducer.js","statementMap":{"0":{"start":{"line":1,"column":32},"end":{"line":7,"column":1}},"1":{"start":{"line":2,"column":2},"end":{"line":6,"column":3}},"2":{"start":{"line":3,"column":4},"end":{"line":3,"column":26}},"3":{"start":{"line":5,"column":4},"end":{"line":5,"column":17}}},"fnMap":{"0":{"name":"(anonymous_0)","decl":{"start":{"line":1,"column":32},"end":{"line":1,"column":33}},"loc":{"start":{"line":1,"column":64},"end":{"line":7,"column":1}},"line":1}},"branchMap":{"0":{"loc":{"start":{"line":1,"column":41},"end":{"line":1,"column":54}},"type":"default-arg","locations":[{"start":{"line":1,"column":49},"end":{"line":1,"column":54}}],"line":1},"1":{"loc":{"start":{"line":2,"column":2},"end":{"line":6,"column":3}},"type":"if","locations":[{"start":{"line":2,"column":2},"end":{"line":6,"column":3}},{"start":{"line":2,"column":2},"end":{"line":6,"column":3}}],"line":2}},"s":{"0":1,"1":3,"2":0,"3":3},"f":{"0":3},"b":{"0":[2],"1":[0,3]},"_coverageSchema":"1a1c01bbd47fc00a2c39e90264f33305004495a9","hash":"77777412b1388972be55d9a7c8752b5aabb8a7d3"}
,"/Users/nzabalza/Immersive/Sprints/FEC/reviews/server/seed/seed.js": {"path":"/Users/nzabalza/Immersive/Sprints/FEC/reviews/server/seed/seed.js","statementMap":{"0":{"start":{"line":1,"column":23},"end":{"line":1,"column":45}},"1":{"start":{"line":6,"column":28},"end":{"line":14,"column":1}},"2":{"start":{"line":16,"column":34},"end":{"line":264,"column":1}},"3":{"start":{"line":266,"column":20},"end":{"line":266,"column":23}},"4":{"start":{"line":267,"column":30},"end":{"line":267,"column":62}},"5":{"start":{"line":277,"column":17},"end":{"line":288,"column":1}},"6":{"start":{"line":290,"column":22},"end":{"line":294,"column":1}},"7":{"start":{"line":291,"column":20},"end":{"line":291,"column":50}},"8":{"start":{"line":293,"column":2},"end":{"line":293,"column":29}},"9":{"start":{"line":300,"column":28},"end":{"line":308,"column":1}},"10":{"start":{"line":301,"column":2},"end":{"line":307,"column":3}},"11":{"start":{"line":302,"column":4},"end":{"line":302,"column":16}},"12":{"start":{"line":303,"column":9},"end":{"line":307,"column":3}},"13":{"start":{"line":304,"column":4},"end":{"line":304,"column":17}},"14":{"start":{"line":306,"column":4},"end":{"line":306,"column":32}},"15":{"start":{"line":313,"column":24},"end":{"line":318,"column":2}},"16":{"start":{"line":320,"column":28},"end":{"line":322,"column":1}},"17":{"start":{"line":321,"column":2},"end":{"line":321,"column":46}},"18":{"start":{"line":328,"column":23},"end":{"line":337,"column":2}},"19":{"start":{"line":339,"column":28},"end":{"line":350,"column":1}},"20":{"start":{"line":352,"column":27},"end":{"line":355,"column":1}},"21":{"start":{"line":353,"column":33},"end":{"line":353,"column":63}},"22":{"start":{"line":354,"column":2},"end":{"line":354,"column":88}},"23":{"start":{"line":360,"column":21},"end":{"line":365,"column":1}},"24":{"start":{"line":367,"column":22},"end":{"line":387,"column":1}},"25":{"start":{"line":368,"column":15},"end":{"line":368,"column":28}},"26":{"start":{"line":370,"column":2},"end":{"line":372,"column":3}},"27":{"start":{"line":371,"column":4},"end":{"line":371,"column":13}},"28":{"start":{"line":374,"column":2},"end":{"line":376,"column":3}},"29":{"start":{"line":375,"column":4},"end":{"line":375,"column":13}},"30":{"start":{"line":378,"column":2},"end":{"line":380,"column":3}},"31":{"start":{"line":379,"column":4},"end":{"line":379,"column":13}},"32":{"start":{"line":382,"column":2},"end":{"line":384,"column":3}},"33":{"start":{"line":383,"column":4},"end":{"line":383,"column":13}},"34":{"start":{"line":386,"column":2},"end":{"line":386,"column":11}},"35":{"start":{"line":393,"column":16},"end":{"line":397,"column":1}},"36":{"start":{"line":399,"column":17},"end":{"line":403,"column":1}},"37":{"start":{"line":405,"column":26},"end":{"line":405,"column":141}},"38":{"start":{"line":406,"column":23},"end":{"line":406,"column":134}},"39":{"start":{"line":407,"column":28},"end":{"line":407,"column":131}},"40":{"start":{"line":409,"column":15},"end":{"line":422,"column":1}},"41":{"start":{"line":424,"column":21},"end":{"line":463,"column":1}},"42":{"start":{"line":427,"column":19},"end":{"line":427,"column":48}},"43":{"start":{"line":428,"column":15},"end":{"line":428,"column":32}},"44":{"start":{"line":430,"column":20},"end":{"line":430,"column":69}},"45":{"start":{"line":431,"column":14},"end":{"line":431,"column":39}},"46":{"start":{"line":433,"column":18},"end":{"line":433,"column":66}},"47":{"start":{"line":434,"column":12},"end":{"line":434,"column":34}},"48":{"start":{"line":436,"column":17},"end":{"line":436,"column":47}},"49":{"start":{"line":437,"column":19},"end":{"line":437,"column":49}},"50":{"start":{"line":438,"column":20},"end":{"line":438,"column":50}},"51":{"start":{"line":440,"column":2},"end":{"line":442,"column":3}},"52":{"start":{"line":441,"column":4},"end":{"line":441,"column":24}},"53":{"start":{"line":444,"column":2},"end":{"line":446,"column":3}},"54":{"start":{"line":445,"column":4},"end":{"line":445,"column":20}},"55":{"start":{"line":448,"column":2},"end":{"line":450,"column":3}},"56":{"start":{"line":449,"column":4},"end":{"line":449,"column":30}},"57":{"start":{"line":452,"column":2},"end":{"line":454,"column":3}},"58":{"start":{"line":453,"column":4},"end":{"line":453,"column":34}},"59":{"start":{"line":456,"column":2},"end":{"line":458,"column":3}},"60":{"start":{"line":457,"column":4},"end":{"line":457,"column":36}},"61":{"start":{"line":460,"column":15},"end":{"line":460,"column":86}},"62":{"start":{"line":462,"column":2},"end":{"line":462,"column":14}},"63":{"start":{"line":483,"column":23},"end":{"line":510,"column":1}},"64":{"start":{"line":484,"column":2},"end":{"line":484,"column":28}},"65":{"start":{"line":485,"column":19},"end":{"line":485,"column":42}},"66":{"start":{"line":486,"column":16},"end":{"line":486,"column":31}},"67":{"start":{"line":487,"column":15},"end":{"line":487,"column":29}},"68":{"start":{"line":488,"column":16},"end":{"line":488,"column":37}},"69":{"start":{"line":489,"column":17},"end":{"line":489,"column":37}},"70":{"start":{"line":490,"column":19},"end":{"line":490,"column":50}},"71":{"start":{"line":491,"column":22},"end":{"line":491,"column":48}},"72":{"start":{"line":492,"column":16},"end":{"line":492,"column":31}},"73":{"start":{"line":493,"column":15},"end":{"line":493,"column":43}},"74":{"start":{"line":494,"column":19},"end":{"line":494,"column":39}},"75":{"start":{"line":495,"column":20},"end":{"line":495,"column":40}},"76":{"start":{"line":497,"column":2},"end":{"line":509,"column":4}},"77":{"start":{"line":512,"column":24},"end":{"line":523,"column":1}},"78":{"start":{"line":513,"column":18},"end":{"line":513,"column":20}},"79":{"start":{"line":514,"column":14},"end":{"line":514,"column":30}},"80":{"start":{"line":516,"column":2},"end":{"line":520,"column":3}},"81":{"start":{"line":517,"column":19},"end":{"line":517,"column":35}},"82":{"start":{"line":518,"column":4},"end":{"line":518,"column":25}},"83":{"start":{"line":519,"column":4},"end":{"line":519,"column":12}},"84":{"start":{"line":522,"column":2},"end":{"line":522,"column":17}},"85":{"start":{"line":525,"column":23},"end":{"line":568,"column":1}},"86":{"start":{"line":526,"column":17},"end":{"line":526,"column":30}},"87":{"start":{"line":527,"column":26},"end":{"line":527,"column":60}},"88":{"start":{"line":528,"column":35},"end":{"line":528,"column":67}},"89":{"start":{"line":530,"column":12},"end":{"line":530,"column":13}},"90":{"start":{"line":531,"column":21},"end":{"line":531,"column":23}},"91":{"start":{"line":533,"column":2},"end":{"line":537,"column":3}},"92":{"start":{"line":533,"column":15},"end":{"line":533,"column":16}},"93":{"start":{"line":534,"column":4},"end":{"line":534,"column":58}},"94":{"start":{"line":535,"column":4},"end":{"line":535,"column":64}},"95":{"start":{"line":536,"column":4},"end":{"line":536,"column":45}},"96":{"start":{"line":539,"column":22},"end":{"line":539,"column":43}},"97":{"start":{"line":541,"column":2},"end":{"line":558,"column":3}},"98":{"start":{"line":542,"column":4},"end":{"line":542,"column":41}},"99":{"start":{"line":544,"column":31},"end":{"line":544,"column":65}},"100":{"start":{"line":546,"column":4},"end":{"line":555,"column":5}},"101":{"start":{"line":547,"column":6},"end":{"line":554,"column":7}},"102":{"start":{"line":548,"column":28},"end":{"line":548,"column":74}},"103":{"start":{"line":550,"column":8},"end":{"line":553,"column":9}},"104":{"start":{"line":551,"column":10},"end":{"line":551,"column":38}},"105":{"start":{"line":552,"column":10},"end":{"line":552,"column":94}},"106":{"start":{"line":556,"column":29},"end":{"line":556,"column":59}},"107":{"start":{"line":557,"column":4},"end":{"line":557,"column":46}},"108":{"start":{"line":560,"column":2},"end":{"line":565,"column":5}},"109":{"start":{"line":573,"column":0},"end":{"line":576,"column":1}},"110":{"start":{"line":574,"column":2},"end":{"line":574,"column":19}},"111":{"start":{"line":575,"column":2},"end":{"line":575,"column":18}},"112":{"start":{"line":578,"column":0},"end":{"line":578,"column":57}},"113":{"start":{"line":579,"column":0},"end":{"line":579,"column":69}}},"fnMap":{"0":{"name":"(anonymous_0)","decl":{"start":{"line":290,"column":22},"end":{"line":290,"column":23}},"loc":{"start":{"line":290,"column":33},"end":{"line":294,"column":1}},"line":290},"1":{"name":"(anonymous_1)","decl":{"start":{"line":300,"column":28},"end":{"line":300,"column":29}},"loc":{"start":{"line":300,"column":44},"end":{"line":308,"column":1}},"line":300},"2":{"name":"(anonymous_2)","decl":{"start":{"line":320,"column":28},"end":{"line":320,"column":29}},"loc":{"start":{"line":320,"column":39},"end":{"line":322,"column":1}},"line":320},"3":{"name":"(anonymous_3)","decl":{"start":{"line":352,"column":27},"end":{"line":352,"column":28}},"loc":{"start":{"line":352,"column":38},"end":{"line":355,"column":1}},"line":352},"4":{"name":"(anonymous_4)","decl":{"start":{"line":367,"column":22},"end":{"line":367,"column":23}},"loc":{"start":{"line":367,"column":33},"end":{"line":387,"column":1}},"line":367},"5":{"name":"(anonymous_5)","decl":{"start":{"line":424,"column":21},"end":{"line":424,"column":22}},"loc":{"start":{"line":424,"column":32},"end":{"line":463,"column":1}},"line":424},"6":{"name":"(anonymous_6)","decl":{"start":{"line":483,"column":23},"end":{"line":483,"column":24}},"loc":{"start":{"line":483,"column":34},"end":{"line":510,"column":1}},"line":483},"7":{"name":"(anonymous_7)","decl":{"start":{"line":512,"column":24},"end":{"line":512,"column":25}},"loc":{"start":{"line":512,"column":51},"end":{"line":523,"column":1}},"line":512},"8":{"name":"(anonymous_8)","decl":{"start":{"line":525,"column":23},"end":{"line":525,"column":24}},"loc":{"start":{"line":525,"column":34},"end":{"line":568,"column":1}},"line":525}},"branchMap":{"0":{"loc":{"start":{"line":301,"column":2},"end":{"line":307,"column":3}},"type":"if","locations":[{"start":{"line":301,"column":2},"end":{"line":307,"column":3}},{"start":{"line":301,"column":2},"end":{"line":307,"column":3}}],"line":301},"1":{"loc":{"start":{"line":303,"column":9},"end":{"line":307,"column":3}},"type":"if","locations":[{"start":{"line":303,"column":9},"end":{"line":307,"column":3}},{"start":{"line":303,"column":9},"end":{"line":307,"column":3}}],"line":303},"2":{"loc":{"start":{"line":370,"column":2},"end":{"line":372,"column":3}},"type":"if","locations":[{"start":{"line":370,"column":2},"end":{"line":372,"column":3}},{"start":{"line":370,"column":2},"end":{"line":372,"column":3}}],"line":370},"3":{"loc":{"start":{"line":374,"column":2},"end":{"line":376,"column":3}},"type":"if","locations":[{"start":{"line":374,"column":2},"end":{"line":376,"column":3}},{"start":{"line":374,"column":2},"end":{"line":376,"column":3}}],"line":374},"4":{"loc":{"start":{"line":378,"column":2},"end":{"line":380,"column":3}},"type":"if","locations":[{"start":{"line":378,"column":2},"end":{"line":380,"column":3}},{"start":{"line":378,"column":2},"end":{"line":380,"column":3}}],"line":378},"5":{"loc":{"start":{"line":382,"column":2},"end":{"line":384,"column":3}},"type":"if","locations":[{"start":{"line":382,"column":2},"end":{"line":384,"column":3}},{"start":{"line":382,"column":2},"end":{"line":384,"column":3}}],"line":382},"6":{"loc":{"start":{"line":440,"column":2},"end":{"line":442,"column":3}},"type":"if","locations":[{"start":{"line":440,"column":2},"end":{"line":442,"column":3}},{"start":{"line":440,"column":2},"end":{"line":442,"column":3}}],"line":440},"7":{"loc":{"start":{"line":444,"column":2},"end":{"line":446,"column":3}},"type":"if","locations":[{"start":{"line":444,"column":2},"end":{"line":446,"column":3}},{"start":{"line":444,"column":2},"end":{"line":446,"column":3}}],"line":444},"8":{"loc":{"start":{"line":448,"column":2},"end":{"line":450,"column":3}},"type":"if","locations":[{"start":{"line":448,"column":2},"end":{"line":450,"column":3}},{"start":{"line":448,"column":2},"end":{"line":450,"column":3}}],"line":448},"9":{"loc":{"start":{"line":452,"column":2},"end":{"line":454,"column":3}},"type":"if","locations":[{"start":{"line":452,"column":2},"end":{"line":454,"column":3}},{"start":{"line":452,"column":2},"end":{"line":454,"column":3}}],"line":452},"10":{"loc":{"start":{"line":456,"column":2},"end":{"line":458,"column":3}},"type":"if","locations":[{"start":{"line":456,"column":2},"end":{"line":458,"column":3}},{"start":{"line":456,"column":2},"end":{"line":458,"column":3}}],"line":456},"11":{"loc":{"start":{"line":493,"column":15},"end":{"line":493,"column":43}},"type":"cond-expr","locations":[{"start":{"line":493,"column":38},"end":{"line":493,"column":39}},{"start":{"line":493,"column":42},"end":{"line":493,"column":43}}],"line":493},"12":{"loc":{"start":{"line":541,"column":2},"end":{"line":558,"column":3}},"type":"if","locations":[{"start":{"line":541,"column":2},"end":{"line":558,"column":3}},{"start":{"line":541,"column":2},"end":{"line":558,"column":3}}],"line":541},"13":{"loc":{"start":{"line":546,"column":4},"end":{"line":555,"column":5}},"type":"if","locations":[{"start":{"line":546,"column":4},"end":{"line":555,"column":5}},{"start":{"line":546,"column":4},"end":{"line":555,"column":5}}],"line":546},"14":{"loc":{"start":{"line":547,"column":6},"end":{"line":554,"column":7}},"type":"if","locations":[{"start":{"line":547,"column":6},"end":{"line":554,"column":7}},{"start":{"line":547,"column":6},"end":{"line":554,"column":7}}],"line":547},"15":{"loc":{"start":{"line":550,"column":8},"end":{"line":553,"column":9}},"type":"if","locations":[{"start":{"line":550,"column":8},"end":{"line":553,"column":9}},{"start":{"line":550,"column":8},"end":{"line":553,"column":9}}],"line":550}},"s":{"0":1,"1":1,"2":1,"3":1,"4":1,"5":1,"6":1,"7":1070,"8":1070,"9":1,"10":1070,"11":654,"12":416,"13":265,"14":151,"15":1,"16":1,"17":1070,"18":1,"19":1,"20":1,"21":1070,"22":1070,"23":1,"24":1,"25":1070,"26":1070,"27":224,"28":846,"29":41,"30":805,"31":151,"32":654,"33":179,"34":475,"35":1,"36":1,"37":1,"38":1,"39":1,"40":1,"41":1,"42":1070,"43":1070,"44":1070,"45":1070,"46":1070,"47":1070,"48":1070,"49":1070,"50":1070,"51":1070,"52":874,"53":1070,"54":322,"55":1070,"56":446,"57":1070,"58":170,"59":1070,"60":177,"61":1070,"62":1070,"63":1,"64":1070,"65":1070,"66":1070,"67":1070,"68":1070,"69":1070,"70":1070,"71":1070,"72":1070,"73":1070,"74":1070,"75":1070,"76":1070,"77":1,"78":99,"79":99,"80":99,"81":1070,"82":1070,"83":1070,"84":99,"85":1,"86":99,"87":99,"88":99,"89":99,"90":99,"91":99,"92":99,"93":1070,"94":1070,"95":1070,"96":99,"97":99,"98":12,"99":87,"100":87,"101":77,"102":44,"103":44,"104":0,"105":0,"106":87,"107":87,"108":99,"109":1,"110":99,"111":99,"112":1,"113":1},"f":{"0":1070,"1":1070,"2":1070,"3":1070,"4":1070,"5":1070,"6":1070,"7":99,"8":99},"b":{"0":[654,416],"1":[265,151],"2":[224,846],"3":[41,805],"4":[151,654],"5":[179,475],"6":[874,196],"7":[322,748],"8":[446,624],"9":[170,900],"10":[177,893],"11":[1012,58],"12":[12,87],"13":[77,10],"14":[44,33],"15":[0,44]},"_coverageSchema":"1a1c01bbd47fc00a2c39e90264f33305004495a9","hash":"84b431d6fe32f90eeff268010d035de91ce5d4de"}
}
