TN:
SF:__tests__/setup/generalData.js
FNF:0
FNH:0
DA:1,5
LF:1
LH:1
BRF:0
BRH:0
end_of_record
TN:
SF:__tests__/setup/storeStartingState.js
FNF:0
FNH:0
DA:1,5
LF:1
LH:1
BRF:0
BRH:0
end_of_record
TN:
SF:client/src/CSSstyles.js
FNF:0
FNH:0
DA:2,3
DA:14,3
DA:26,3
DA:34,3
DA:41,3
DA:49,3
DA:60,3
DA:68,3
DA:79,3
DA:91,3
DA:101,3
LF:11
LH:11
BRF:0
BRH:0
end_of_record
TN:
SF:client/src/service.jsx
FN:16,(anonymous_0)
FN:28,(anonymous_1)
FN:36,(anonymous_2)
FN:74,(anonymous_3)
FN:87,(anonymous_4)
FN:89,(anonymous_5)
FN:90,(anonymous_6)
FN:91,(anonymous_7)
FN:92,(anonymous_8)
FNF:9
FNH:8
FNDA:3,(anonymous_0)
FNDA:1,(anonymous_1)
FNDA:0,(anonymous_2)
FNDA:5,(anonymous_3)
FNDA:5,(anonymous_4)
FNDA:1,(anonymous_5)
FNDA:1,(anonymous_6)
FNDA:1,(anonymous_7)
FNDA:1,(anonymous_8)
DA:9,1
DA:22,3
DA:27,3
DA:29,1
DA:31,1
DA:32,1
DA:33,1
DA:34,1
DA:37,0
DA:76,5
DA:87,1
DA:88,5
DA:89,1
DA:90,1
DA:91,1
DA:92,1
DA:96,1
LF:17
LH:16
BRF:0
BRH:0
end_of_record
TN:
SF:client/src/Components/General/dynamicReviewStars.jsx
FN:11,(anonymous_0)
FN:22,(anonymous_1)
FN:34,(anonymous_2)
FNF:3
FNH:3
FNDA:45,(anonymous_0)
FNDA:45,(anonymous_1)
FNDA:129,(anonymous_2)
DA:3,3
DA:12,45
DA:13,45
DA:15,45
DA:16,45
DA:17,45
DA:19,45
DA:23,45
DA:25,45
DA:34,3
DA:35,129
DA:37,129
DA:42,3
LF:13
LH:13
BRF:0
BRH:0
end_of_record
TN:
SF:client/src/Components/General/solidReviewStars.jsx
FN:6,(anonymous_0)
FNF:1
FNH:1
FNDA:225,(anonymous_0)
DA:7,225
DA:8,225
DA:10,225
DA:11,225
DA:13,225
DA:14,758
DA:22,758
DA:23,758
DA:26,225
DA:27,367
DA:36,367
DA:39,225
LF:12
LH:12
BRF:0
BRH:0
end_of_record
TN:
SF:client/src/Components/ReviewBody/averageCustomerRatings.jsx
FN:4,(anonymous_0)
FN:8,(anonymous_1)
FNF:2
FNH:2
FNDA:5,(anonymous_0)
FNDA:5,(anonymous_1)
DA:5,5
DA:9,5
LF:2
LH:2
BRF:0
BRH:0
end_of_record
TN:
SF:client/src/Components/ReviewBody/highlightedReviews.jsx
FN:4,(anonymous_0)
FN:8,(anonymous_1)
FNF:2
FNH:2
FNDA:5,(anonymous_0)
FNDA:5,(anonymous_1)
DA:5,5
DA:9,5
LF:2
LH:2
BRF:0
BRH:0
end_of_record
TN:
SF:client/src/Components/ReviewBody/index.jsx
FN:6,(anonymous_0)
FN:10,(anonymous_1)
FNF:2
FNH:2
FNDA:5,(anonymous_0)
FNDA:5,(anonymous_1)
DA:7,5
DA:11,5
LF:2
LH:2
BRF:0
BRH:0
end_of_record
TN:
SF:client/src/Components/ReviewBody/starChart.jsx
FN:4,(anonymous_0)
FN:8,(anonymous_1)
FNF:2
FNH:2
FNDA:5,(anonymous_0)
FNDA:5,(anonymous_1)
DA:5,5
DA:9,5
LF:2
LH:2
BRF:0
BRH:0
end_of_record
TN:
SF:client/src/Components/ReviewBody/starChartRow.jsx
FN:2,(anonymous_0)
FN:6,(anonymous_1)
FNF:2
FNH:2
FNDA:25,(anonymous_0)
FNDA:25,(anonymous_1)
DA:3,25
DA:7,25
LF:2
LH:2
BRF:0
BRH:0
end_of_record
TN:
SF:client/src/Components/ReviewHeader/index.jsx
FN:23,(anonymous_0)
FN:33,(anonymous_1)
FN:38,(anonymous_2)
FN:43,(anonymous_3)
FN:48,(anonymous_4)
FN:53,(anonymous_5)
FN:61,(anonymous_6)
FN:67,(anonymous_7)
FN:150,(anonymous_8)
FNF:9
FNH:7
FNDA:40,(anonymous_0)
FNDA:8,(anonymous_1)
FNDA:4,(anonymous_2)
FNDA:2,(anonymous_3)
FNDA:1,(anonymous_4)
FNDA:0,(anonymous_5)
FNDA:0,(anonymous_6)
FNDA:40,(anonymous_7)
FNDA:74,(anonymous_8)
DA:15,2
DA:24,40
DA:25,40
DA:26,40
DA:27,40
DA:28,40
DA:30,40
DA:34,8
DA:35,8
DA:39,4
DA:40,4
DA:44,2
DA:45,2
DA:49,1
DA:50,1
DA:54,0
DA:56,0
DA:62,0
DA:64,0
DA:68,40
DA:69,40
DA:150,2
DA:151,74
DA:153,74
DA:159,2
LF:25
LH:21
BRF:0
BRH:0
end_of_record
TN:
SF:client/src/Components/Reviews/activeFilters.jsx
FN:13,(anonymous_0)
FN:19,(anonymous_1)
FN:25,(anonymous_2)
FN:39,(anonymous_3)
FN:177,(anonymous_4)
FN:184,(anonymous_5)
FN:186,(anonymous_6)
FNF:7
FNH:6
FNDA:0,(anonymous_0)
FNDA:1,(anonymous_1)
FNDA:44,(anonymous_2)
FNDA:10,(anonymous_3)
FNDA:341,(anonymous_4)
FNDA:31,(anonymous_5)
FNDA:1,(anonymous_6)
DA:3,3
DA:14,0
DA:16,0
DA:20,1
DA:22,1
DA:26,44
DA:27,44
DA:29,44
DA:30,220
DA:31,220
DA:32,10
DA:36,44
DA:38,44
DA:39,8
DA:40,10
DA:89,8
DA:139,36
DA:142,8
DA:177,3
DA:178,341
DA:179,341
DA:184,3
DA:185,31
DA:186,1
DA:190,3
LF:25
LH:23
BRDA:31,0,0,10
BRDA:31,0,1,210
BRDA:38,1,0,8
BRDA:38,1,1,36
BRDA:47,2,0,1
BRDA:47,2,1,9
BRDA:60,3,0,1
BRDA:60,3,1,9
BRF:8
BRH:8
end_of_record
TN:
SF:client/src/Components/Reviews/calculateFilteredReviews.jsx
FN:7,(anonymous_0)
FN:14,(anonymous_1)
FN:38,(anonymous_2)
FN:70,(anonymous_3)
FN:193,(anonymous_4)
FN:203,(anonymous_5)
FN:226,(anonymous_6)
FN:278,(anonymous_7)
FN:287,(anonymous_8)
FN:289,(anonymous_9)
FN:290,(anonymous_10)
FNF:11
FNH:9
FNDA:63,(anonymous_0)
FNDA:19,(anonymous_1)
FNDA:0,(anonymous_2)
FNDA:0,(anonymous_3)
FNDA:2,(anonymous_4)
FNDA:19,(anonymous_5)
FNDA:65,(anonymous_6)
FNDA:406,(anonymous_7)
FNDA:31,(anonymous_8)
FNDA:65,(anonymous_9)
FNDA:65,(anonymous_10)
DA:4,3
DA:8,63
DA:9,55
DA:12,8
DA:14,8
DA:15,19
DA:16,3
DA:20,8
DA:39,0
DA:47,0
DA:48,0
DA:49,0
DA:50,0
DA:51,0
DA:52,0
DA:54,0
DA:62,0
DA:70,0
DA:71,0
DA:73,0
DA:74,0
DA:78,0
DA:79,0
DA:80,0
DA:81,0
DA:82,0
DA:83,0
DA:84,0
DA:85,0
DA:86,0
DA:87,0
DA:88,0
DA:89,0
DA:91,0
DA:92,0
DA:95,0
DA:97,0
DA:98,0
DA:100,0
DA:102,0
DA:103,0
DA:104,0
DA:105,0
DA:106,0
DA:109,0
DA:113,0
DA:115,0
DA:120,0
DA:121,0
DA:122,0
DA:123,0
DA:124,0
DA:128,0
DA:194,2
DA:195,2
DA:203,2
DA:204,19
DA:206,19
DA:207,19
DA:211,2
DA:212,2
DA:213,10
DA:217,2
DA:218,0
DA:219,0
DA:223,2
DA:232,65
DA:234,65
DA:236,65
DA:237,325
DA:238,10
DA:242,65
DA:243,57
DA:248,65
DA:249,63
DA:252,65
DA:253,0
DA:256,65
DA:257,2
DA:260,65
DA:261,0
DA:264,65
DA:265,50
DA:266,15
DA:267,1
DA:269,14
DA:272,65
DA:274,65
DA:278,3
DA:279,406
DA:281,406
DA:287,3
DA:288,31
DA:289,65
DA:290,65
DA:294,3
LF:96
LH:47
BRDA:8,0,0,55
BRDA:8,0,1,8
BRDA:15,1,0,3
BRDA:15,1,1,16
BRDA:73,2,0,0
BRDA:73,2,1,0
BRDA:78,3,0,0
BRDA:78,3,1,0
BRDA:78,4,0,0
BRDA:78,4,1,0
BRDA:81,5,0,0
BRDA:81,5,1,0
BRDA:81,6,0,0
BRDA:81,6,1,0
BRDA:81,6,2,0
BRDA:84,7,0,0
BRDA:84,7,1,0
BRDA:87,8,0,0
BRDA:87,8,1,0
BRDA:87,9,0,0
BRDA:87,9,1,0
BRDA:87,9,2,0
BRDA:97,10,0,0
BRDA:97,10,1,0
BRDA:103,11,0,0
BRDA:103,11,1,0
BRDA:104,12,0,0
BRDA:104,12,1,0
BRDA:206,13,0,19
BRDA:206,13,1,0
BRDA:211,14,0,2
BRDA:211,14,1,0
BRDA:217,15,0,0
BRDA:217,15,1,2
BRDA:237,16,0,10
BRDA:237,16,1,315
BRDA:242,17,0,57
BRDA:242,17,1,8
BRDA:248,18,0,63
BRDA:248,18,1,2
BRDA:252,19,0,0
BRDA:252,19,1,65
BRDA:256,20,0,2
BRDA:256,20,1,63
BRDA:260,21,0,0
BRDA:260,21,1,65
BRDA:264,22,0,50
BRDA:264,22,1,15
BRDA:266,23,0,1
BRDA:266,23,1,14
BRF:50
BRH:21
end_of_record
TN:
SF:client/src/Components/Reviews/filter.jsx
FN:10,(anonymous_0)
FN:20,(anonymous_1)
FN:28,(anonymous_2)
FN:39,(anonymous_3)
FN:53,(anonymous_4)
FN:61,(anonymous_5)
FN:67,(anonymous_6)
FN:68,(anonymous_7)
FN:73,(anonymous_8)
FN:79,(anonymous_9)
FN:87,(anonymous_10)
FN:95,(anonymous_11)
FN:223,(anonymous_12)
FN:247,(anonymous_13)
FN:249,(anonymous_14)
FN:250,(anonymous_15)
FN:251,(anonymous_16)
FN:252,(anonymous_17)
FNF:18
FNH:11
FNDA:0,(anonymous_0)
FNDA:9,(anonymous_1)
FNDA:9,(anonymous_2)
FNDA:7,(anonymous_3)
FNDA:7,(anonymous_4)
FNDA:0,(anonymous_5)
FNDA:0,(anonymous_6)
FNDA:0,(anonymous_7)
FNDA:1,(anonymous_8)
FNDA:0,(anonymous_9)
FNDA:0,(anonymous_10)
FNDA:313,(anonymous_11)
FNDA:406,(anonymous_12)
FNDA:31,(anonymous_13)
FNDA:13,(anonymous_14)
FNDA:21,(anonymous_15)
FNDA:0,(anonymous_16)
FNDA:1,(anonymous_17)
DA:8,3
DA:10,3
DA:11,0
DA:21,9
DA:23,9
DA:24,8
DA:29,9
DA:31,9
DA:32,9
DA:34,9
DA:35,9
DA:45,7
DA:47,7
DA:48,5
DA:49,5
DA:54,7
DA:56,7
DA:58,7
DA:62,0
DA:64,0
DA:68,0
DA:69,0
DA:74,1
DA:76,1
DA:80,0
DA:82,0
DA:83,0
DA:84,0
DA:88,0
DA:90,0
DA:91,0
DA:92,0
DA:102,313
DA:105,313
DA:106,0
DA:111,313
DA:112,309
DA:115,313
DA:116,0
DA:119,313
DA:120,4
DA:123,313
DA:124,0
DA:127,313
DA:129,313
DA:130,40
DA:133,313
DA:135,313
DA:136,2
DA:139,313
DA:223,3
DA:233,406
DA:235,406
DA:247,3
DA:248,31
DA:249,13
DA:250,21
DA:251,0
DA:252,1
DA:256,3
LF:60
LH:43
BRDA:23,0,0,8
BRDA:23,0,1,1
BRDA:34,1,0,9
BRDA:34,1,1,0
BRDA:47,2,0,5
BRDA:47,2,1,2
BRDA:47,3,0,7
BRDA:47,3,1,6
BRDA:105,4,0,0
BRDA:105,4,1,313
BRDA:111,5,0,309
BRDA:111,5,1,4
BRDA:115,6,0,0
BRDA:115,6,1,313
BRDA:119,7,0,4
BRDA:119,7,1,309
BRDA:123,8,0,0
BRDA:123,8,1,313
BRDA:129,9,0,40
BRDA:129,9,1,273
BRDA:135,10,0,2
BRDA:135,10,1,311
BRF:22
BRH:18
end_of_record
TN:
SF:client/src/Components/Reviews/helpful.jsx
FN:3,(anonymous_0)
FN:32,(anonymous_1)
FN:45,(anonymous_2)
FN:63,(anonymous_3)
FN:287,(anonymous_4)
FNF:5
FNH:2
FNDA:0,(anonymous_0)
FNDA:0,(anonymous_1)
FNDA:0,(anonymous_2)
FNDA:175,(anonymous_3)
FNDA:424,(anonymous_4)
DA:1,3
DA:3,3
DA:4,0
DA:5,0
DA:7,0
DA:8,0
DA:9,0
DA:11,0
DA:12,0
DA:13,0
DA:15,0
DA:16,0
DA:18,0
DA:21,0
DA:22,0
DA:24,0
DA:25,0
DA:26,0
DA:27,0
DA:32,3
DA:33,0
DA:34,0
DA:36,0
DA:37,0
DA:39,0
DA:41,0
DA:45,3
DA:46,0
DA:47,0
DA:49,0
DA:50,0
DA:52,0
DA:54,0
DA:69,175
DA:71,175
DA:72,175
DA:74,175
DA:75,0
DA:115,0
DA:155,175
DA:201,175
DA:248,175
DA:287,3
DA:288,424
DA:290,424
DA:295,3
LF:46
LH:15
BRDA:7,0,0,0
BRDA:7,0,1,0
BRDA:15,1,0,0
BRDA:15,1,1,0
BRDA:36,2,0,0
BRDA:36,2,1,0
BRDA:36,3,0,0
BRDA:36,3,1,0
BRDA:49,4,0,0
BRDA:49,4,1,0
BRDA:49,5,0,0
BRDA:49,5,1,0
BRDA:74,6,0,0
BRDA:74,6,1,175
BRF:14
BRH:1
end_of_record
TN:
SF:client/src/Components/Reviews/index.jsx
FN:14,(anonymous_0)
FN:42,(anonymous_1)
FNF:2
FNH:2
FNDA:108,(anonymous_0)
FNDA:406,(anonymous_1)
DA:7,3
DA:15,108
DA:18,108
DA:19,0
DA:24,108
DA:26,108
DA:27,32
DA:30,108
DA:42,3
DA:43,406
DA:45,406
DA:51,3
LF:12
LH:11
BRDA:18,0,0,0
BRDA:18,0,1,108
BRDA:26,1,0,32
BRDA:26,1,1,76
BRF:4
BRH:3
end_of_record
TN:
SF:client/src/Components/Reviews/individualReview.jsx
FN:9,(anonymous_0)
FNF:1
FNH:1
FNDA:215,(anonymous_0)
DA:10,215
DA:23,215
DA:25,215
DA:26,215
DA:27,215
DA:29,215
DA:31,215
DA:32,117
DA:35,215
DA:36,165
DA:39,215
DA:41,215
DA:42,156
DA:90,59
DA:139,215
LF:15
LH:15
BRDA:31,0,0,117
BRDA:31,0,1,98
BRDA:35,1,0,165
BRDA:35,1,1,50
BRDA:41,2,0,156
BRDA:41,2,1,59
BRF:6
BRH:6
end_of_record
TN:
SF:client/src/Components/Reviews/navigation.jsx
FN:10,(anonymous_0)
FN:19,(anonymous_1)
FN:28,(anonymous_2)
FN:34,(anonymous_3)
FN:40,(anonymous_4)
FN:150,(anonymous_5)
FN:159,(anonymous_6)
FN:161,(anonymous_7)
FNF:8
FNH:6
FNDA:1,(anonymous_0)
FNDA:2,(anonymous_1)
FNDA:0,(anonymous_2)
FNDA:0,(anonymous_3)
FNDA:116,(anonymous_4)
FNDA:380,(anonymous_5)
FNDA:31,(anonymous_6)
FNDA:3,(anonymous_7)
DA:3,3
DA:11,1
DA:13,1
DA:15,1
DA:16,1
DA:20,2
DA:22,2
DA:24,2
DA:25,2
DA:29,0
DA:31,0
DA:35,0
DA:37,0
DA:41,116
DA:43,116
DA:44,91
DA:47,25
DA:49,25
DA:50,4
DA:70,21
DA:87,25
DA:88,21
DA:108,4
DA:125,25
DA:150,3
DA:151,380
DA:153,380
DA:159,3
DA:160,31
DA:161,3
DA:165,3
LF:31
LH:27
BRDA:43,0,0,91
BRDA:43,0,1,25
BRDA:49,1,0,4
BRDA:49,1,1,21
BRDA:87,2,0,21
BRDA:87,2,1,4
BRF:6
BRH:6
end_of_record
TN:
SF:client/src/Components/Reviews/nonNumberFilterSettings.jsx
FN:18,(anonymous_0)
FN:24,(anonymous_1)
FN:32,(anonymous_2)
FN:43,(anonymous_3)
FN:61,(anonymous_4)
FN:68,(anonymous_5)
FN:85,(anonymous_6)
FN:169,(anonymous_7)
FN:177,(anonymous_8)
FN:179,(anonymous_9)
FN:180,(anonymous_10)
FN:181,(anonymous_11)
FNF:12
FNH:8
FNDA:4,(anonymous_0)
FNDA:2,(anonymous_1)
FNDA:3,(anonymous_2)
FNDA:0,(anonymous_3)
FNDA:0,(anonymous_4)
FNDA:0,(anonymous_5)
FNDA:54,(anonymous_6)
FNDA:89,(anonymous_7)
FNDA:30,(anonymous_8)
FNDA:2,(anonymous_9)
FNDA:0,(anonymous_10)
FNDA:7,(anonymous_11)
DA:5,3
DA:6,3
DA:19,4
DA:21,4
DA:25,2
DA:27,2
DA:28,2
DA:33,3
DA:35,3
DA:37,3
DA:48,0
DA:49,0
DA:51,0
DA:52,0
DA:54,0
DA:57,0
DA:58,0
DA:62,0
DA:64,0
DA:65,0
DA:69,0
DA:70,0
DA:71,0
DA:72,0
DA:74,0
DA:75,0
DA:76,0
DA:77,0
DA:79,0
DA:82,0
DA:86,54
DA:87,54
DA:88,54
DA:99,54
DA:110,54
DA:169,3
DA:170,89
DA:171,89
DA:177,3
DA:178,30
DA:179,2
DA:180,0
DA:181,7
DA:185,3
LF:44
LH:23
BRDA:27,0,0,2
BRDA:27,0,1,0
BRDA:51,1,0,0
BRDA:51,1,1,0
BRDA:74,2,0,0
BRDA:74,2,1,0
BRDA:76,3,0,0
BRDA:76,3,1,0
BRDA:76,4,0,0
BRDA:76,4,1,0
BRDA:132,5,0,0
BRDA:132,5,1,54
BRDA:141,6,0,0
BRDA:141,6,1,54
BRDA:148,7,0,0
BRDA:148,7,1,54
BRDA:157,8,0,54
BRDA:157,8,1,0
BRF:18
BRH:5
end_of_record
TN:
SF:client/src/Components/Reviews/ratingsFilter.jsx
FN:8,(anonymous_0)
FN:20,(anonymous_1)
FN:28,(anonymous_2)
FN:40,(anonymous_3)
FN:54,(anonymous_4)
FN:62,(anonymous_5)
FN:65,(anonymous_6)
FN:72,(anonymous_7)
FN:135,(anonymous_8)
FN:149,(anonymous_9)
FN:151,(anonymous_10)
FN:152,(anonymous_11)
FN:153,(anonymous_12)
FNF:13
FNH:9
FNDA:0,(anonymous_0)
FNDA:1,(anonymous_1)
FNDA:2,(anonymous_2)
FNDA:3,(anonymous_3)
FNDA:3,(anonymous_4)
FNDA:0,(anonymous_5)
FNDA:0,(anonymous_6)
FNDA:15,(anonymous_7)
FNDA:15,(anonymous_8)
FNDA:2,(anonymous_9)
FNDA:6,(anonymous_10)
FNDA:0,(anonymous_11)
FNDA:2,(anonymous_12)
DA:6,3
DA:8,3
DA:9,0
DA:10,0
DA:11,0
DA:21,1
DA:23,1
DA:24,1
DA:29,2
DA:31,2
DA:33,2
DA:35,2
DA:36,1
DA:46,3
DA:48,3
DA:49,1
DA:50,1
DA:55,3
DA:57,3
DA:59,3
DA:63,0
DA:65,0
DA:66,0
DA:69,0
DA:75,15
DA:77,15
DA:79,15
DA:80,10
DA:83,15
DA:135,3
DA:140,15
DA:142,15
DA:149,3
DA:150,2
DA:151,6
DA:152,0
DA:153,2
DA:157,3
LF:38
LH:30
BRDA:10,0,0,0
BRDA:10,0,1,0
BRDA:23,1,0,1
BRDA:23,1,1,0
BRDA:35,2,0,1
BRDA:35,2,1,1
BRDA:48,3,0,1
BRDA:48,3,1,2
BRDA:48,4,0,3
BRDA:48,4,1,2
BRDA:79,5,0,10
BRDA:79,5,1,5
BRF:12
BRH:9
end_of_record
TN:
SF:client/src/Components/Reviews/ratingsFilterSettings.jsx
FN:12,(anonymous_0)
FN:18,(anonymous_1)
FN:26,(anonymous_2)
FN:37,(anonymous_3)
FN:44,(anonymous_4)
FN:53,(anonymous_5)
FN:64,(anonymous_6)
FN:75,(anonymous_7)
FN:201,(anonymous_8)
FN:209,(anonymous_9)
FN:211,(anonymous_10)
FN:212,(anonymous_11)
FN:213,(anonymous_12)
FNF:13
FNH:8
FNDA:2,(anonymous_0)
FNDA:2,(anonymous_1)
FNDA:2,(anonymous_2)
FNDA:0,(anonymous_3)
FNDA:0,(anonymous_4)
FNDA:0,(anonymous_5)
FNDA:0,(anonymous_6)
FNDA:6,(anonymous_7)
FNDA:10,(anonymous_8)
FNDA:2,(anonymous_9)
FNDA:1,(anonymous_10)
FNDA:4,(anonymous_11)
FNDA:0,(anonymous_12)
DA:5,3
DA:13,2
DA:15,2
DA:19,2
DA:21,2
DA:22,1
DA:27,2
DA:29,2
DA:31,2
DA:42,0
DA:44,0
DA:45,0
DA:48,0
DA:49,0
DA:50,0
DA:54,0
DA:55,0
DA:56,0
DA:58,0
DA:59,0
DA:60,0
DA:61,0
DA:65,0
DA:66,0
DA:67,0
DA:69,0
DA:70,0
DA:71,0
DA:72,0
DA:76,6
DA:78,6
DA:80,6
DA:81,30
DA:82,0
DA:129,30
DA:176,6
DA:201,3
DA:202,10
DA:203,10
DA:209,3
DA:210,2
DA:211,1
DA:212,4
DA:213,0
DA:217,3
LF:45
LH:23
BRDA:21,0,0,1
BRDA:21,0,1,1
BRDA:69,1,0,0
BRDA:69,1,1,0
BRDA:70,2,0,0
BRDA:70,2,1,0
BRDA:81,3,0,0
BRDA:81,3,1,30
BRDA:88,4,0,0
BRDA:88,4,1,0
BRDA:89,5,0,0
BRDA:89,5,1,0
BRDA:90,6,0,0
BRDA:90,6,1,0
BRDA:91,7,0,0
BRDA:91,7,1,0
BRDA:125,8,0,0
BRDA:125,8,1,0
BRDA:135,9,0,6
BRDA:135,9,1,24
BRDA:136,10,0,6
BRDA:136,10,1,24
BRDA:137,11,0,6
BRDA:137,11,1,24
BRDA:138,12,0,6
BRDA:138,12,1,24
BRDA:170,13,0,6
BRDA:170,13,1,24
BRF:28
BRH:13
end_of_record
TN:
SF:client/src/Components/Reviews/reviewsContainer.jsx
FN:10,(anonymous_0)
FN:26,(anonymous_1)
FNF:2
FNH:2
FNDA:116,(anonymous_0)
FNDA:380,(anonymous_1)
DA:3,3
DA:11,116
DA:12,116
DA:14,116
DA:15,215
DA:18,116
DA:26,3
DA:27,380
DA:29,380
DA:35,3
LF:10
LH:10
BRF:0
BRH:0
end_of_record
TN:
SF:client/src/ReduxSpecificComponents/rootReducer.js
FNF:0
FNH:0
DA:15,5
DA:17,5
LF:2
LH:2
BRF:0
BRH:0
end_of_record
TN:
SF:client/src/ReduxSpecificComponents/store.js
FNF:0
FNH:0
DA:3,5
DA:5,5
LF:2
LH:2
BRF:0
BRH:0
end_of_record
TN:
SF:client/src/ReduxSpecificComponents/Actions/updateAllReviews.js
FN:1,(anonymous_0)
FNF:1
FNH:1
FNDA:39,(anonymous_0)
DA:1,3
DA:2,39
LF:2
LH:2
BRF:0
BRH:0
end_of_record
TN:
SF:client/src/ReduxSpecificComponents/Actions/updateEnteredNonNumberFilterSetting.js
FN:1,(anonymous_0)
FNF:1
FNH:1
FNDA:18,(anonymous_0)
DA:1,3
DA:2,18
LF:2
LH:2
BRF:0
BRH:0
end_of_record
TN:
SF:client/src/ReduxSpecificComponents/Actions/updateEnteredRatingFilterDropDown.js
FN:1,(anonymous_0)
FNF:1
FNH:1
FNDA:15,(anonymous_0)
DA:1,3
DA:2,15
LF:2
LH:2
BRF:0
BRH:0
end_of_record
TN:
SF:client/src/ReduxSpecificComponents/Actions/updateExitedNonNumberFilterDropDownSource.js
FN:1,(anonymous_0)
FNF:1
FNH:1
FNDA:32,(anonymous_0)
DA:1,3
DA:2,32
LF:2
LH:2
BRF:0
BRH:0
end_of_record
TN:
SF:client/src/ReduxSpecificComponents/Actions/updateExitedRatingFilter.js
FN:1,(anonymous_0)
FNF:1
FNH:1
FNDA:17,(anonymous_0)
DA:1,3
DA:2,17
LF:2
LH:2
BRF:0
BRH:0
end_of_record
TN:
SF:client/src/ReduxSpecificComponents/Actions/updateFilter.js
FN:1,(anonymous_0)
FNF:1
FNH:1
FNDA:35,(anonymous_0)
DA:1,3
DA:2,35
LF:2
LH:2
BRDA:1,0,0,25
BRF:1
BRH:1
end_of_record
TN:
SF:client/src/ReduxSpecificComponents/Actions/updateFilteredReviews.js
FN:1,(anonymous_0)
FNF:1
FNH:1
FNDA:66,(anonymous_0)
DA:1,3
DA:2,66
LF:2
LH:2
BRF:0
BRH:0
end_of_record
TN:
SF:client/src/ReduxSpecificComponents/Actions/updateNumberOfReviews.js
FN:1,(anonymous_0)
FNF:1
FNH:1
FNDA:57,(anonymous_0)
DA:1,4
DA:2,57
LF:2
LH:2
BRF:0
BRH:0
end_of_record
TN:
SF:client/src/ReduxSpecificComponents/Actions/updateReviewAverage.js
FN:1,(anonymous_0)
FNF:1
FNH:1
FNDA:59,(anonymous_0)
DA:1,5
DA:2,59
LF:2
LH:2
BRF:0
BRH:0
end_of_record
TN:
SF:client/src/ReduxSpecificComponents/Actions/updateReviewRange.js
FN:1,(anonymous_0)
FNF:1
FNH:1
FNDA:68,(anonymous_0)
DA:1,3
DA:2,68
LF:2
LH:2
BRF:0
BRH:0
end_of_record
TN:
SF:client/src/ReduxSpecificComponents/Actions/updateShowNonNumberFilterSetting.js
FN:1,(anonymous_0)
FNF:1
FNH:1
FNDA:42,(anonymous_0)
DA:1,3
DA:2,42
LF:2
LH:2
BRF:0
BRH:0
end_of_record
TN:
SF:client/src/ReduxSpecificComponents/Actions/updateShowRatingFilter.js
FN:1,(anonymous_0)
FNF:1
FNH:1
FNDA:13,(anonymous_0)
DA:1,3
DA:2,13
LF:2
LH:2
BRF:0
BRH:0
end_of_record
TN:
SF:client/src/ReduxSpecificComponents/Actions/updateShowRatingFilterDropDown.js
FN:1,(anonymous_0)
FNF:1
FNH:1
FNDA:15,(anonymous_0)
DA:1,3
DA:2,15
LF:2
LH:2
BRF:0
BRH:0
end_of_record
TN:
SF:client/src/ReduxSpecificComponents/Reducers/allReviewsReducer.js
FN:1,(anonymous_0)
FNF:1
FNH:1
FNDA:491,(anonymous_0)
DA:1,5
DA:2,491
DA:3,39
DA:5,452
LF:4
LH:4
BRDA:1,0,0,10
BRDA:2,1,0,39
BRDA:2,1,1,452
BRF:3
BRH:3
end_of_record
TN:
SF:client/src/ReduxSpecificComponents/Reducers/enteredNonNumberFilterSettingReducer.js
FN:1,(anonymous_0)
FNF:1
FNH:1
FNDA:491,(anonymous_0)
DA:1,5
DA:2,491
DA:3,18
DA:5,473
LF:4
LH:4
BRDA:1,0,0,10
BRDA:2,1,0,18
BRDA:2,1,1,473
BRF:3
BRH:3
end_of_record
TN:
SF:client/src/ReduxSpecificComponents/Reducers/enteredRatingFilterDropDownReducer.js
FN:1,(anonymous_0)
FNF:1
FNH:1
FNDA:491,(anonymous_0)
DA:1,5
DA:2,491
DA:3,15
DA:5,476
LF:4
LH:4
BRDA:1,0,0,10
BRDA:2,1,0,15
BRDA:2,1,1,476
BRF:3
BRH:3
end_of_record
TN:
SF:client/src/ReduxSpecificComponents/Reducers/exitedNonNumberFilterDropDownSourceReducer.js
FN:1,(anonymous_0)
FNF:1
FNH:1
FNDA:491,(anonymous_0)
DA:1,5
DA:2,491
DA:3,32
DA:5,459
LF:4
LH:4
BRDA:1,0,0,10
BRDA:2,1,0,32
BRDA:2,1,1,459
BRF:3
BRH:3
end_of_record
TN:
SF:client/src/ReduxSpecificComponents/Reducers/exitedRatingFilterReducer.js
FN:1,(anonymous_0)
FNF:1
FNH:1
FNDA:491,(anonymous_0)
DA:1,5
DA:2,491
DA:3,17
DA:5,474
LF:4
LH:4
BRDA:1,0,0,10
BRDA:2,1,0,17
BRDA:2,1,1,474
BRF:3
BRH:3
end_of_record
TN:
SF:client/src/ReduxSpecificComponents/Reducers/filterReducer.js
FN:13,(anonymous_0)
FNF:1
FNH:1
FNDA:491,(anonymous_0)
DA:1,5
DA:13,5
DA:14,491
DA:15,35
DA:16,35
DA:18,35
DA:19,13
DA:20,13
DA:21,13
DA:22,13
DA:24,13
DA:25,22
DA:26,12
DA:27,12
DA:28,12
DA:29,12
DA:30,12
DA:32,10
DA:33,7
DA:36,10
DA:37,3
DA:41,35
DA:43,456
LF:23
LH:23
BRDA:13,0,0,10
BRDA:14,1,0,35
BRDA:14,1,1,456
BRDA:18,2,0,13
BRDA:18,2,1,22
BRDA:18,3,0,35
BRDA:18,3,1,24
BRDA:18,3,2,24
BRDA:18,3,3,22
BRDA:25,4,0,12
BRDA:25,4,1,10
BRDA:32,5,0,7
BRDA:32,5,1,3
BRDA:36,6,0,3
BRDA:36,6,1,7
BRF:15
BRH:15
end_of_record
TN:
SF:client/src/ReduxSpecificComponents/Reducers/filteredReviewsReducer.js
FN:1,(anonymous_0)
FNF:1
FNH:1
FNDA:491,(anonymous_0)
DA:1,5
DA:2,491
DA:3,66
DA:5,425
LF:4
LH:4
BRDA:1,0,0,10
BRDA:2,1,0,66
BRDA:2,1,1,425
BRF:3
BRH:3
end_of_record
TN:
SF:client/src/ReduxSpecificComponents/Reducers/numberOfReviewsReducer.js
FN:1,(anonymous_0)
FNF:1
FNH:1
FNDA:491,(anonymous_0)
DA:1,5
DA:2,491
DA:3,57
DA:5,434
LF:4
LH:4
BRDA:1,0,0,10
BRDA:2,1,0,57
BRDA:2,1,1,434
BRF:3
BRH:3
end_of_record
TN:
SF:client/src/ReduxSpecificComponents/Reducers/reviewAverageReducer.js
FN:1,(anonymous_0)
FNF:1
FNH:1
FNDA:491,(anonymous_0)
DA:1,5
DA:2,491
DA:3,59
DA:5,432
LF:4
LH:4
BRDA:1,0,0,10
BRDA:2,1,0,59
BRDA:2,1,1,432
BRF:3
BRH:3
end_of_record
TN:
SF:client/src/ReduxSpecificComponents/Reducers/reviewRangeReducer.js
FN:1,(anonymous_0)
FNF:1
FNH:1
FNDA:491,(anonymous_0)
DA:1,5
DA:2,491
DA:3,68
DA:4,65
DA:7,3
DA:9,3
DA:10,2
DA:11,2
DA:13,2
DA:14,2
DA:18,3
DA:19,1
DA:20,1
DA:22,1
DA:23,1
DA:24,1
DA:28,3
DA:30,423
LF:18
LH:18
BRDA:1,0,0,10
BRDA:2,1,0,68
BRDA:2,1,1,423
BRDA:3,2,0,65
BRDA:3,2,1,3
BRDA:9,3,0,2
BRDA:9,3,1,1
BRDA:13,4,0,2
BRDA:13,4,1,0
BRDA:18,5,0,1
BRDA:18,5,1,2
BRDA:22,6,0,1
BRDA:22,6,1,0
BRF:13
BRH:11
end_of_record
TN:
SF:client/src/ReduxSpecificComponents/Reducers/showNonNumberFilterSettingReducer.js
FN:1,(anonymous_0)
FNF:1
FNH:1
FNDA:491,(anonymous_0)
DA:1,5
DA:2,491
DA:3,42
DA:5,449
LF:4
LH:4
BRDA:1,0,0,10
BRDA:2,1,0,42
BRDA:2,1,1,449
BRF:3
BRH:3
end_of_record
TN:
SF:client/src/ReduxSpecificComponents/Reducers/showRatingFilterDropDownReducer.js
FN:1,(anonymous_0)
FNF:1
FNH:1
FNDA:491,(anonymous_0)
DA:1,5
DA:2,491
DA:3,15
DA:5,476
LF:4
LH:4
BRDA:1,0,0,10
BRDA:2,1,0,15
BRDA:2,1,1,476
BRF:3
BRH:3
end_of_record
TN:
SF:client/src/ReduxSpecificComponents/Reducers/showRatingFilterReducer.js
FN:1,(anonymous_0)
FNF:1
FNH:1
FNDA:491,(anonymous_0)
DA:1,5
DA:2,491
DA:3,13
DA:5,478
LF:4
LH:4
BRDA:1,0,0,10
BRDA:2,1,0,13
BRDA:2,1,1,478
BRF:3
BRH:3
end_of_record
